[ksd:mixture] mix_both N=64 imq_paper: 20 reps done
[ksd:mixture] mix_plus N=64 imq_paper: 20 reps done
[ksd:mixture] mix_swapped N=64 imq_paper: 20 reps done
[ksd:mixture] mix_both N=64 imq_c1: 20 reps done
[ksd:mixture] mix_plus N=64 imq_c1: 20 reps done
[ksd:mixture] mix_swapped N=64 imq_c1: 20 reps done
[ksd:mixture] mix_both N=64 rbf_med: 20 reps done
[ksd:mixture] mix_plus N=64 rbf_med: 20 reps done
[ksd:mixture] mix_swapped N=64 rbf_med: 20 reps done
[ksd:mixture] mix_both N=256 imq_paper: 20 reps done
[ksd:mixture] mix_plus N=256 imq_paper: 20 reps done
[ksd:mixture] mix_swapped N=256 imq_paper: 20 reps done
[ksd:mixture] mix_both N=256 imq_c1: 20 reps done
[ksd:mixture] mix_plus N=256 imq_c1: 20 reps done
[ksd:mixture] mix_swapped N=256 imq_c1: 20 reps done
[ksd:mixture] mix_both N=256 rbf_med: 20 reps done
[ksd:mixture] mix_plus N=256 rbf_med: 20 reps done
[ksd:mixture] mix_swapped N=256 rbf_med: 20 reps done
[ksd:mixture] mix_both N=1024 imq_paper: 16 reps done
[ksd:mixture] mix_plus N=1024 imq_paper: 16 reps done
[ksd:mixture] mix_swapped N=1024 imq_paper: 16 reps done
[ksd:mixture] mix_both N=1024 imq_c1: 16 reps done
[ksd:mixture] mix_plus N=1024 imq_c1: 16 reps done
[ksd:mixture] mix_swapped N=1024 imq_c1: 16 reps done
[ksd:mixture] mix_both N=1024 rbf_med: 16 reps done
[ksd:mixture] mix_plus N=1024 rbf_med: 16 reps done
[ksd:mixture] mix_swapped N=1024 rbf_med: 16 reps done
[ksd:mixture] mix_both N=4096 imq_paper: 4 reps done
[ksd:mixture] mix_plus N=4096 imq_paper: 4 reps done
[ksd:mixture] mix_swapped N=4096 imq_paper: 4 reps done
