[ksd:deploy] s_clean oracle_null N=256 imq_paper: 8 reps
[ksd:deploy] s_clean dps N=256 imq_paper: 8 reps
[ksd:deploy] s_clean sap N=256 imq_paper: 8 reps
[ksd:deploy] s_clean dps_em03 N=256 imq_paper: 8 reps
[ksd:deploy] s_clean twisted_em03 N=256 imq_paper: 8 reps
[ksd:deploy] s_clean oracle_null N=256 imq_c1: 8 reps
[ksd:deploy] s_clean dps N=256 imq_c1: 8 reps
[ksd:deploy] s_clean sap N=256 imq_c1: 8 reps
[ksd:deploy] s_clean dps_em03 N=256 imq_c1: 8 reps
[ksd:deploy] s_clean twisted_em03 N=256 imq_c1: 8 reps
[ksd:deploy] s_clean oracle_null N=1024 imq_paper: 8 reps
[ksd:deploy] s_clean dps N=1024 imq_paper: 4 reps
[ksd:deploy] s_clean sap N=1024 imq_paper: 4 reps
[ksd:deploy] s_clean dps_em03 N=1024 imq_paper: 8 reps
[ksd:deploy] s_clean twisted_em03 N=1024 imq_paper: 8 reps
[ksd:deploy] s_clean oracle_null N=1024 imq_c1: 8 reps
[ksd:deploy] s_clean dps N=1024 imq_c1: 4 reps
[ksd:deploy] s_clean sap N=1024 imq_c1: 4 reps
[ksd:deploy] s_clean dps_em03 N=1024 imq_c1: 8 reps
[ksd:deploy] s_clean twisted_em03 N=1024 imq_c1: 8 reps
[ksd:deploy] s_mis_m03 oracle_null N=256 imq_paper: 8 reps
[ksd:deploy] s_mis_m03 dps N=256 imq_paper: 8 reps
[ksd:deploy] s_mis_m03 sap N=256 imq_paper: 8 reps
[ksd:deploy] s_mis_m03 dps_em03 N=256 imq_paper: 8 reps
[ksd:deploy] s_mis_m03 twisted_em03 N=256 imq_paper: 8 reps
[ksd:deploy] s_mis_m03 oracle_null N=256 imq_c1: 8 reps
[ksd:deploy] s_mis_m03 dps N=256 imq_c1: 8 reps
[ksd:deploy] s_mis_m03 sap N=256 imq_c1: 8 reps
[ksd:deploy] s_mis_m03 dps_em03 N=256 imq_c1: 8 reps
[ksd:deploy] s_mis_m03 twisted_em03 N=256 imq_c1: 8 reps
[ksd:deploy] s_mis_m03 oracle_null N=1024 imq_paper: 8 reps
[ksd:deploy] s_mis_m03 dps N=1024 imq_paper: 4 reps
[ksd:deploy] s_mis_m03 sap N=1024 imq_paper: 4 reps
[ksd:deploy] s_mis_m03 dps_em03 N=1024 imq_paper: 8 reps
[ksd:deploy] s_mis_m03 twisted_em03 N=1024 imq_paper: 8 reps
[ksd:deploy] s_mis_m03 oracle_null N=1024 imq_c1: 8 reps
[ksd:deploy] s_mis_m03 dps N=1024 imq_c1: 4 reps
[ksd:deploy] s_mis_m03 sap N=1024 imq_c1: 4 reps
[ksd:deploy] s_mis_m03 dps_em03 N=1024 imq_c1: 8 reps
[ksd:deploy] s_mis_m03 twisted_em03 N=1024 imq_c1: 8 reps
DEPLOYMENT RERUN DONE 01:04
