[ksd:wrongref] dps_em03 N=64 imq_paper: 20 reps done
[ksd:wrongref] twisted_em03 N=64 imq_paper: 20 reps done
[ksd:wrongref] dps N=64 imq_paper: 20 reps done
[ksd:wrongref] oracle_null N=64 imq_paper: 20 reps done
[ksd:wrongref] dps_em03 N=64 imq_c1: 20 reps done
[ksd:wrongref] twisted_em03 N=64 imq_c1: 20 reps done
[ksd:wrongref] dps N=64 imq_c1: 20 reps done
[ksd:wrongref] oracle_null N=64 imq_c1: 20 reps done
[ksd:wrongref] dps_em03 N=64 rbf_med: 20 reps done
[ksd:wrongref] twisted_em03 N=64 rbf_med: 20 reps done
[ksd:wrongref] dps N=64 rbf_med: 20 reps done
[ksd:wrongref] oracle_null N=64 rbf_med: 20 reps done
[ksd:wrongref] dps_em03 N=256 imq_paper: 20 reps done
[ksd:wrongref] twisted_em03 N=256 imq_paper: 20 reps done
[ksd:wrongref] dps N=256 imq_paper: 16 reps done
[ksd:wrongref] oracle_null N=256 imq_paper: 20 reps done
[ksd:wrongref] dps_em03 N=256 imq_c1: 20 reps done
[ksd:wrongref] twisted_em03 N=256 imq_c1: 20 reps done
[ksd:wrongref] dps N=256 imq_c1: 16 reps done
[ksd:wrongref] oracle_null N=256 imq_c1: 20 reps done
[ksd:wrongref] dps_em03 N=256 rbf_med: 20 reps done
[ksd:wrongref] twisted_em03 N=256 rbf_med: 20 reps done
[ksd:wrongref] dps N=256 rbf_med: 16 reps done
[ksd:wrongref] oracle_null N=256 rbf_med: 20 reps done
[ksd:wrongref] dps_em03 N=1024 imq_paper: 16 reps done
[ksd:wrongref] twisted_em03 N=1024 imq_paper: 16 reps done
[ksd:wrongref] dps N=1024 imq_paper: 4 reps done
[ksd:wrongref] oracle_null N=1024 imq_paper: 16 reps done
[ksd:wrongref] dps_em03 N=1024 imq_c1: 16 reps done
[ksd:wrongref] twisted_em03 N=1024 imq_c1: 16 reps done
[ksd:wrongref] dps N=1024 imq_c1: 4 reps done
[ksd:wrongref] oracle_null N=1024 imq_c1: 16 reps done
[ksd:wrongref] dps_em03 N=1024 rbf_med: 16 reps done
[ksd:wrongref] twisted_em03 N=1024 rbf_med: 16 reps done
[ksd:wrongref] dps N=1024 rbf_med: 4 reps done
[ksd:wrongref] oracle_null N=1024 rbf_med: 16 reps done
[ksd:wrongref] dps_em03 N=4096 imq_paper: 4 reps done
[ksd:wrongref] twisted_em03 N=4096 imq_paper: 4 reps done
[ksd:wrongref] dps N=4096 imq_paper: 1 reps done
[ksd:wrongref] oracle_null N=4096 imq_paper: 4 reps done
[ksd:wrongref] dps_em03 N=4096 imq_c1: 4 reps done
[ksd:wrongref] twisted_em03 N=4096 imq_c1: 4 reps done
[ksd:wrongref] dps N=4096 imq_c1: 1 reps done
[ksd:wrongref] oracle_null N=4096 imq_c1: 4 reps done
[ksd:wrongref] dps_em03 N=4096 rbf_med: 4 reps done
[ksd:wrongref] twisted_em03 N=4096 rbf_med: 4 reps done
[ksd:wrongref] dps N=4096 rbf_med: 1 reps done
[ksd:wrongref] oracle_null N=4096 rbf_med: 4 reps done
