E0705 00:25:09.081249 2411640 cuda_executor.cc:1182] [0] Failed to allocate device memory of 8.00GiB (8589934592 bytes): RESOURCE_EXHAUSTED: : CUDA_ERROR_OUT_OF_MEMORY: out of memory
E0705 00:25:09.081499 2411640 cuda_executor.cc:1182] [0] Failed to allocate device memory of 7.20GiB (7730940928 bytes): RESOURCE_EXHAUSTED: : CUDA_ERROR_OUT_OF_MEMORY: out of memory
E0705 00:25:09.081579 2411640 cuda_executor.cc:1182] [0] Failed to allocate device memory of 6.48GiB (6957846528 bytes): RESOURCE_EXHAUSTED: : CUDA_ERROR_OUT_OF_MEMORY: out of memory
E0705 00:25:09.081667 2411640 cuda_executor.cc:1182] [0] Failed to allocate device memory of 5.83GiB (6262061568 bytes): RESOURCE_EXHAUSTED: : CUDA_ERROR_OUT_OF_MEMORY: out of memory
E0705 00:25:09.081750 2411640 cuda_executor.cc:1182] [0] Failed to allocate device memory of 5.25GiB (5635855360 bytes): RESOURCE_EXHAUSTED: : CUDA_ERROR_OUT_OF_MEMORY: out of memory
E0705 00:25:09.081835 2411640 cuda_executor.cc:1182] [0] Failed to allocate device memory of 8.00GiB (8589934592 bytes): RESOURCE_EXHAUSTED: : CUDA_ERROR_OUT_OF_MEMORY: out of memory
E0705 00:25:09.081916 2411640 cuda_executor.cc:1182] [0] Failed to allocate device memory of 7.20GiB (7730940928 bytes): RESOURCE_EXHAUSTED: : CUDA_ERROR_OUT_OF_MEMORY: out of memory
E0705 00:25:09.081998 2411640 cuda_executor.cc:1182] [0] Failed to allocate device memory of 6.48GiB (6957846528 bytes): RESOURCE_EXHAUSTED: : CUDA_ERROR_OUT_OF_MEMORY: out of memory
E0705 00:25:09.082078 2411640 cuda_executor.cc:1182] [0] Failed to allocate device memory of 5.83GiB (6262061568 bytes): RESOURCE_EXHAUSTED: : CUDA_ERROR_OUT_OF_MEMORY: out of memory
E0705 00:25:09.082166 2411640 cuda_executor.cc:1182] [0] Failed to allocate device memory of 5.25GiB (5635855360 bytes): RESOURCE_EXHAUSTED: : CUDA_ERROR_OUT_OF_MEMORY: out of memory
E0705 00:25:19.082481 2411640 cuda_executor.cc:1182] [0] Failed to allocate device memory of 8.00GiB (8589934592 bytes): RESOURCE_EXHAUSTED: : CUDA_ERROR_OUT_OF_MEMORY: out of memory
E0705 00:25:19.082708 2411640 cuda_executor.cc:1182] [0] Failed to allocate device memory of 7.20GiB (7730940928 bytes): RESOURCE_EXHAUSTED: : CUDA_ERROR_OUT_OF_MEMORY: out of memory
E0705 00:25:19.082850 2411640 cuda_executor.cc:1182] [0] Failed to allocate device memory of 6.48GiB (6957846528 bytes): RESOURCE_EXHAUSTED: : CUDA_ERROR_OUT_OF_MEMORY: out of memory
E0705 00:25:19.082970 2411640 cuda_executor.cc:1182] [0] Failed to allocate device memory of 5.83GiB (6262061568 bytes): RESOURCE_EXHAUSTED: : CUDA_ERROR_OUT_OF_MEMORY: out of memory
E0705 00:25:19.083062 2411640 cuda_executor.cc:1182] [0] Failed to allocate device memory of 5.25GiB (5635855360 bytes): RESOURCE_EXHAUSTED: : CUDA_ERROR_OUT_OF_MEMORY: out of memory
E0705 00:25:19.083159 2411640 cuda_executor.cc:1182] [0] Failed to allocate device memory of 8.00GiB (8589934592 bytes): RESOURCE_EXHAUSTED: : CUDA_ERROR_OUT_OF_MEMORY: out of memory
E0705 00:25:19.083245 2411640 cuda_executor.cc:1182] [0] Failed to allocate device memory of 7.20GiB (7730940928 bytes): RESOURCE_EXHAUSTED: : CUDA_ERROR_OUT_OF_MEMORY: out of memory
E0705 00:25:19.083328 2411640 cuda_executor.cc:1182] [0] Failed to allocate device memory of 6.48GiB (6957846528 bytes): RESOURCE_EXHAUSTED: : CUDA_ERROR_OUT_OF_MEMORY: out of memory
E0705 00:25:19.083411 2411640 cuda_executor.cc:1182] [0] Failed to allocate device memory of 5.83GiB (6262061568 bytes): RESOURCE_EXHAUSTED: : CUDA_ERROR_OUT_OF_MEMORY: out of memory
E0705 00:25:19.083495 2411640 cuda_executor.cc:1182] [0] Failed to allocate device memory of 5.25GiB (5635855360 bytes): RESOURCE_EXHAUSTED: : CUDA_ERROR_OUT_OF_MEMORY: out of memory
W0705 00:25:19.083502 2411640 bfc_allocator.cc:514] Allocator (GPU_0_bfc) ran out of memory trying to allocate 5.00GiB (rounded to 5369137152)requested by op 
If the cause is memory fragmentation maybe the environment variable 'TF_GPU_ALLOCATOR=cuda_malloc_async' will improve the situation. 
Current allocation summary follows.
Current allocation summary follows.
W0705 00:25:19.083646 2411640 bfc_allocator.cc:525] *__________________________________________________________________________________________________*
Traceback (most recent call last):
  File "/mnt/home/tersenov/software/tilt-audit/scripts/run_ksd_deployment.py", line 152, in <module>
    main()
  File "/mnt/home/tersenov/software/tilt-audit/scripts/run_ksd_deployment.py", line 116, in main
    S = score_fn(X, seed=rep)
        ^^^^^^^^^^^^^^^^^^^^^
  File "/mnt/home/tersenov/software/tilt-audit/scripts/run_ksd_deployment.py", line 64, in score_fn
    return np.asarray(score_fn_j(jnp.asarray(X),
           ^^^^^^^^^^^^^^^^^^^^^^^^^^^^^^^^^^^^^
  File "/mnt/home/tersenov/software/tilt-audit/.venv/lib/python3.12/site-packages/jax/_src/array.py", line 414, in __array__
    return np.asarray(self._value, dtype=dtype, **kwds)  # pyrefly: ignore[no-matching-overload]
                      ^^^^^^^^^^^
  File "/mnt/home/tersenov/software/tilt-audit/.venv/lib/python3.12/site-packages/jax/_src/profiler.py", line 420, in wrapper
    return func(*args, **kwargs)
           ^^^^^^^^^^^^^^^^^^^^^
  File "/mnt/home/tersenov/software/tilt-audit/.venv/lib/python3.12/site-packages/jax/_src/array.py", line 623, in _value
    npy_value, did_copy = self._single_device_array_to_np_array_did_copy()
                          ^^^^^^^^^^^^^^^^^^^^^^^^^^^^^^^^^^^^^^^^^^^^^^^^
jax.errors.JaxRuntimeError: RESOURCE_EXHAUSTED: Out of memory while trying to allocate 5.00GiB. [executable_name='jit_score_fn_j'] [tf-allocator-allocation-error='']
DEPLOYMENT DONE 00:25
