[ksd:power] oracle_null N=64 imq_paper: 20 reps done
[ksd:power] dps N=64 imq_paper: 20 reps done
[ksd:power] sap N=64 imq_paper: 20 reps done
[ksd:power] twisted N=64 imq_paper: 20 reps done
[ksd:power] dps_em03 N=64 imq_paper: 20 reps done
[ksd:power] dps_ep03 N=64 imq_paper: 20 reps done
[ksd:power] twisted_em03 N=64 imq_paper: 20 reps done
[ksd:power] oracle_null N=64 imq_c1: 20 reps done
[ksd:power] dps N=64 imq_c1: 20 reps done
[ksd:power] sap N=64 imq_c1: 20 reps done
[ksd:power] twisted N=64 imq_c1: 20 reps done
[ksd:power] dps_em03 N=64 imq_c1: 20 reps done
[ksd:power] dps_ep03 N=64 imq_c1: 20 reps done
[ksd:power] twisted_em03 N=64 imq_c1: 20 reps done
[ksd:power] oracle_null N=64 rbf_med: 20 reps done
[ksd:power] dps N=64 rbf_med: 20 reps done
[ksd:power] sap N=64 rbf_med: 20 reps done
[ksd:power] twisted N=64 rbf_med: 20 reps done
[ksd:power] dps_em03 N=64 rbf_med: 20 reps done
[ksd:power] dps_ep03 N=64 rbf_med: 20 reps done
[ksd:power] twisted_em03 N=64 rbf_med: 20 reps done
[ksd:power] oracle_null N=256 imq_paper: 20 reps done
[ksd:power] dps N=256 imq_paper: 16 reps done
[ksd:power] sap N=256 imq_paper: 16 reps done
[ksd:power] twisted N=256 imq_paper: 16 reps done
[ksd:power] dps_em03 N=256 imq_paper: 20 reps done
[ksd:power] dps_ep03 N=256 imq_paper: 16 reps done
[ksd:power] twisted_em03 N=256 imq_paper: 20 reps done
[ksd:power] oracle_null N=256 imq_c1: 20 reps done
[ksd:power] dps N=256 imq_c1: 16 reps done
[ksd:power] sap N=256 imq_c1: 16 reps done
[ksd:power] twisted N=256 imq_c1: 16 reps done
[ksd:power] dps_em03 N=256 imq_c1: 20 reps done
[ksd:power] dps_ep03 N=256 imq_c1: 16 reps done
[ksd:power] twisted_em03 N=256 imq_c1: 20 reps done
[ksd:power] oracle_null N=256 rbf_med: 20 reps done
[ksd:power] dps N=256 rbf_med: 16 reps done
[ksd:power] sap N=256 rbf_med: 16 reps done
[ksd:power] twisted N=256 rbf_med: 16 reps done
[ksd:power] dps_em03 N=256 rbf_med: 20 reps done
[ksd:power] dps_ep03 N=256 rbf_med: 16 reps done
[ksd:power] twisted_em03 N=256 rbf_med: 20 reps done
[ksd:power] oracle_null N=1024 imq_paper: 16 reps done
[ksd:power] dps N=1024 imq_paper: 4 reps done
[ksd:power] sap N=1024 imq_paper: 4 reps done
[ksd:power] twisted N=1024 imq_paper: 4 reps done
[ksd:power] dps_em03 N=1024 imq_paper: 16 reps done
[ksd:power] dps_ep03 N=1024 imq_paper: 4 reps done
[ksd:power] twisted_em03 N=1024 imq_paper: 16 reps done
[ksd:power] oracle_null N=1024 imq_c1: 16 reps done
[ksd:power] dps N=1024 imq_c1: 4 reps done
[ksd:power] sap N=1024 imq_c1: 4 reps done
[ksd:power] twisted N=1024 imq_c1: 4 reps done
[ksd:power] dps_em03 N=1024 imq_c1: 16 reps done
[ksd:power] dps_ep03 N=1024 imq_c1: 4 reps done
[ksd:power] twisted_em03 N=1024 imq_c1: 16 reps done
