UNet params: 1.44M, eps=0.0, lam=0.3143
/mnt/home/tersenov/software/tilt-audit/tilt_audit/fields.py:89: UserWarning: Explicitly requested dtype complex128 requested in zeros is not available, and will be truncated to dtype complex64. To enable more dtypes, set the jax_enable_x64 configuration option or the JAX_ENABLE_X64 shell environment variable. See https://github.com/jax-ml/jax#current-gotchas for more.
  Xf = jnp.zeros((*z.shape[:-1], n * n), dtype=jnp.complex128)
/mnt/home/tersenov/software/tilt-audit/.venv/lib/python3.12/site-packages/jax/_src/numpy/array_methods.py:125: UserWarning: Explicitly requested dtype complex128 requested in astype is not available, and will be truncated to dtype complex64. To enable more dtypes, set the jax_enable_x64 configuration option or the JAX_ENABLE_X64 shell environment variable. See https://github.com/jax-ml/jax#current-gotchas for more.
  return lax_numpy.astype(self, dtype, copy=copy, device=device)
E0704 23:33:59.503933 2177741 cuda_timer.cc:88] Delay kernel timed out: measured time has sub-optimal accuracy. There may be a missing warmup execution, please investigate in Nsight Systems.
E0704 23:33:59.784354 2177741 cuda_timer.cc:88] Delay kernel timed out: measured time has sub-optimal accuracy. There may be a missing warmup execution, please investigate in Nsight Systems.
step 0 loss 4.40072 (16s)
step 500 loss 0.10141 (28s)
step 1000 loss 0.09106 (41s)
step 1500 loss 0.09331 (53s)
step 2000 loss 0.11131 (66s)
step 2500 loss 0.07859 (78s)
step 3000 loss 0.08148 (91s)
step 3500 loss 0.09819 (103s)
step 4000 loss 0.08145 (116s)
step 4500 loss 0.09797 (128s)
step 5000 loss 0.07637 (141s)
step 5500 loss 0.07259 (153s)
step 6000 loss 0.06953 (166s)
step 6500 loss 0.06942 (178s)
step 7000 loss 0.09002 (191s)
step 7500 loss 0.08413 (203s)
step 8000 loss 0.10116 (216s)
step 8500 loss 0.07729 (228s)
step 9000 loss 0.08737 (241s)
step 9500 loss 0.07678 (253s)
step 10000 loss 0.08146 (266s)
step 10500 loss 0.06932 (278s)
step 11000 loss 0.06670 (291s)
step 11500 loss 0.08028 (303s)
step 12000 loss 0.08055 (316s)
step 12500 loss 0.05891 (328s)
