[transfer:gold_n32_mid_y0_lam0.3143_s0] 5 floor rows
[transfer:gold_n32_mid_y0_lam0.3143_s0] dps s=5: mmd2=6.859e-02 swd2=3.348e-03 bp_cov=(0.64,0.07,0.00) (4s)
[transfer:gold_n32_mid_y0_lam0.3143_s0] dps s=6: mmd2=6.853e-02 swd2=3.611e-03 bp_cov=(0.69,0.08,0.00) (1s)
[transfer:gold_n32_mid_y0_lam0.3143_s0] dps s=7: mmd2=6.877e-02 swd2=3.423e-03 bp_cov=(0.68,0.05,0.00) (1s)
[transfer:gold_n32_mid_y0_lam0.3143_s0] dps s=8: mmd2=6.812e-02 swd2=3.545e-03 bp_cov=(0.73,0.05,0.00) (1s)
[transfer:gold_n32_mid_y0_lam0.3143_s0] dps s=9: mmd2=6.974e-02 swd2=3.580e-03 bp_cov=(0.68,0.04,0.00) (1s)
[transfer:gold_n32_mid_y0_lam0.3143_s0] dps_inflated s=5: mmd2=4.281e-02 swd2=3.495e-03 bp_cov=(0.13,0.31,0.68) (1s)
[transfer:gold_n32_mid_y0_lam0.3143_s0] dps_inflated s=6: mmd2=3.972e-02 swd2=3.250e-03 bp_cov=(0.16,0.33,0.61) (1s)
[transfer:gold_n32_mid_y0_lam0.3143_s0] dps_inflated s=7: mmd2=4.054e-02 swd2=3.251e-03 bp_cov=(0.13,0.28,0.65) (1s)
[transfer:gold_n32_mid_y0_lam0.3143_s0] dps_inflated s=8: mmd2=3.866e-02 swd2=3.160e-03 bp_cov=(0.15,0.36,0.61) (1s)
[transfer:gold_n32_mid_y0_lam0.3143_s0] dps_inflated s=9: mmd2=4.036e-02 swd2=3.221e-03 bp_cov=(0.16,0.29,0.62) (1s)
[transfer:gold_n32_mid_y0_lam0.3143_s0] remy5 s=5: mmd2=1.442e-01 swd2=1.233e-02 bp_cov=(0.20,0.05,0.00) (2s)
[transfer:gold_n32_mid_y0_lam0.3143_s0] remy5 s=6: mmd2=1.429e-01 swd2=1.309e-02 bp_cov=(0.22,0.05,0.00) (1s)
[transfer:gold_n32_mid_y0_lam0.3143_s0] remy5 s=7: mmd2=1.430e-01 swd2=1.275e-02 bp_cov=(0.26,0.06,0.00) (1s)
[transfer:gold_n32_mid_y0_lam0.3143_s0] remy5 s=8: mmd2=1.432e-01 swd2=1.291e-02 bp_cov=(0.23,0.06,0.00) (1s)
[transfer:gold_n32_mid_y0_lam0.3143_s0] remy5 s=9: mmd2=1.421e-01 swd2=1.288e-02 bp_cov=(0.20,0.06,0.00) (2s)
[transfer:gold_n32_mid_y0_lam0.3143_s0] remy30 s=5: mmd2=2.047e-03 swd2=3.615e-04 bp_cov=(0.60,0.57,0.70) (2s)
[transfer:gold_n32_mid_y0_lam0.3143_s0] remy30 s=6: mmd2=1.820e-03 swd2=2.970e-04 bp_cov=(0.62,0.61,0.63) (2s)
[transfer:gold_n32_mid_y0_lam0.3143_s0] remy30 s=7: mmd2=1.671e-03 swd2=2.955e-04 bp_cov=(0.62,0.66,0.70) (2s)
[transfer:gold_n32_mid_y0_lam0.3143_s0] remy30 s=8: mmd2=1.977e-03 swd2=3.829e-04 bp_cov=(0.64,0.61,0.71) (2s)
[transfer:gold_n32_mid_y0_lam0.3143_s0] remy30 s=9: mmd2=1.784e-03 swd2=3.342e-04 bp_cov=(0.67,0.67,0.64) (2s)
[transfer:gold_n32_mid_y0_lam0.3143_s0] remy100 s=5: mmd2=3.133e-05 swd2=1.911e-04 bp_cov=(0.66,0.66,0.70) (3s)
[transfer:gold_n32_mid_y0_lam0.3143_s0] remy100 s=6: mmd2=7.602e-05 swd2=1.901e-04 bp_cov=(0.69,0.66,0.57) (3s)
[transfer:gold_n32_mid_y0_lam0.3143_s0] remy100 s=7: mmd2=-1.049e-04 swd2=2.216e-04 bp_cov=(0.69,0.69,0.71) (3s)
[transfer:gold_n32_mid_y0_lam0.3143_s0] remy100 s=8: mmd2=1.462e-04 swd2=2.113e-04 bp_cov=(0.69,0.75,0.73) (3s)
[transfer:gold_n32_mid_y0_lam0.3143_s0] remy100 s=9: mmd2=4.664e-05 swd2=2.065e-04 bp_cov=(0.69,0.68,0.65) (3s)
[transfer:gold_n32_mid_y0_lam0.3143_s0] terminal_is s=5: mmd2=1.607e+00 swd2=5.492e-01 bp_cov=(0.00,0.00,0.00) (4s)
[transfer:gold_n32_mid_y0_lam0.3143_s0] terminal_is s=6: mmd2=1.607e+00 swd2=9.408e-01 bp_cov=(0.00,0.00,0.00) (1s)
[transfer:gold_n32_mid_y0_lam0.3143_s0] terminal_is s=7: mmd2=1.607e+00 swd2=9.363e-01 bp_cov=(0.00,0.00,0.00) (1s)
[transfer:gold_n32_mid_y0_lam0.3143_s0] terminal_is s=8: mmd2=1.607e+00 swd2=7.612e-01 bp_cov=(0.00,0.00,0.00) (0s)
[transfer:gold_n32_mid_y0_lam0.3143_s0] terminal_is s=9: mmd2=1.607e+00 swd2=5.879e-01 bp_cov=(0.00,1.00,0.00) (1s)
[transfer:gold_n32_mid_y1_lam0.3143_s0] 5 floor rows
[transfer:gold_n32_mid_y1_lam0.3143_s0] dps s=5: mmd2=7.484e-02 swd2=7.078e-03 bp_cov=(0.68,0.00,0.00) (4s)
[transfer:gold_n32_mid_y1_lam0.3143_s0] dps s=6: mmd2=7.627e-02 swd2=7.496e-03 bp_cov=(0.70,0.00,0.00) (1s)
[transfer:gold_n32_mid_y1_lam0.3143_s0] dps s=7: mmd2=7.227e-02 swd2=6.838e-03 bp_cov=(0.65,0.00,0.00) (1s)
[transfer:gold_n32_mid_y1_lam0.3143_s0] dps s=8: mmd2=7.443e-02 swd2=7.016e-03 bp_cov=(0.73,0.00,0.00) (1s)
[transfer:gold_n32_mid_y1_lam0.3143_s0] dps s=9: mmd2=7.437e-02 swd2=7.089e-03 bp_cov=(0.68,0.00,0.00) (1s)
[transfer:gold_n32_mid_y1_lam0.3143_s0] dps_inflated s=5: mmd2=6.658e-02 swd2=5.089e-03 bp_cov=(0.12,0.00,0.21) (1s)
[transfer:gold_n32_mid_y1_lam0.3143_s0] dps_inflated s=6: mmd2=6.641e-02 swd2=5.265e-03 bp_cov=(0.15,0.01,0.19) (1s)
[transfer:gold_n32_mid_y1_lam0.3143_s0] dps_inflated s=7: mmd2=6.514e-02 swd2=5.166e-03 bp_cov=(0.12,0.01,0.22) (1s)
[transfer:gold_n32_mid_y1_lam0.3143_s0] dps_inflated s=8: mmd2=6.646e-02 swd2=5.140e-03 bp_cov=(0.11,0.01,0.16) (1s)
[transfer:gold_n32_mid_y1_lam0.3143_s0] dps_inflated s=9: mmd2=6.494e-02 swd2=5.364e-03 bp_cov=(0.14,0.01,0.12) (1s)
[transfer:gold_n32_mid_y1_lam0.3143_s0] remy5 s=5: mmd2=1.409e-01 swd2=1.186e-02 bp_cov=(0.12,0.00,0.00) (2s)
[transfer:gold_n32_mid_y1_lam0.3143_s0] remy5 s=6: mmd2=1.440e-01 swd2=1.200e-02 bp_cov=(0.11,0.00,0.00) (1s)
[transfer:gold_n32_mid_y1_lam0.3143_s0] remy5 s=7: mmd2=1.428e-01 swd2=1.167e-02 bp_cov=(0.09,0.00,0.00) (1s)
[transfer:gold_n32_mid_y1_lam0.3143_s0] remy5 s=8: mmd2=1.443e-01 swd2=1.222e-02 bp_cov=(0.07,0.00,0.01) (1s)
[transfer:gold_n32_mid_y1_lam0.3143_s0] remy5 s=9: mmd2=1.445e-01 swd2=1.247e-02 bp_cov=(0.09,0.00,0.00) (1s)
[transfer:gold_n32_mid_y1_lam0.3143_s0] remy30 s=5: mmd2=2.109e-03 swd2=3.557e-04 bp_cov=(0.66,0.57,0.73) (2s)
[transfer:gold_n32_mid_y1_lam0.3143_s0] remy30 s=6: mmd2=2.134e-03 swd2=3.737e-04 bp_cov=(0.59,0.59,0.66) (2s)
[transfer:gold_n32_mid_y1_lam0.3143_s0] remy30 s=7: mmd2=2.396e-03 swd2=4.036e-04 bp_cov=(0.63,0.53,0.66) (2s)
[transfer:gold_n32_mid_y1_lam0.3143_s0] remy30 s=8: mmd2=2.835e-03 swd2=4.471e-04 bp_cov=(0.63,0.53,0.68) (2s)
[transfer:gold_n32_mid_y1_lam0.3143_s0] remy30 s=9: mmd2=2.041e-03 swd2=3.786e-04 bp_cov=(0.58,0.57,0.70) (2s)
[transfer:gold_n32_mid_y1_lam0.3143_s0] remy100 s=5: mmd2=-9.194e-07 swd2=2.303e-04 bp_cov=(0.66,0.63,0.68) (3s)
[transfer:gold_n32_mid_y1_lam0.3143_s0] remy100 s=6: mmd2=-1.006e-04 swd2=2.378e-04 bp_cov=(0.65,0.71,0.70) (3s)
[transfer:gold_n32_mid_y1_lam0.3143_s0] remy100 s=7: mmd2=-4.018e-05 swd2=2.528e-04 bp_cov=(0.66,0.68,0.70) (3s)
[transfer:gold_n32_mid_y1_lam0.3143_s0] remy100 s=8: mmd2=3.243e-05 swd2=2.586e-04 bp_cov=(0.64,0.66,0.64) (3s)
[transfer:gold_n32_mid_y1_lam0.3143_s0] remy100 s=9: mmd2=2.300e-04 swd2=2.372e-04 bp_cov=(0.68,0.69,0.67) (3s)
[transfer:gold_n32_mid_y1_lam0.3143_s0] terminal_is s=5: mmd2=1.606e+00 swd2=9.494e-01 bp_cov=(0.00,0.00,0.00) (3s)
[transfer:gold_n32_mid_y1_lam0.3143_s0] terminal_is s=6: mmd2=1.606e+00 swd2=7.998e-01 bp_cov=(0.00,0.00,0.00) (1s)
[transfer:gold_n32_mid_y1_lam0.3143_s0] terminal_is s=7: mmd2=1.606e+00 swd2=7.442e-01 bp_cov=(0.00,0.00,0.00) (1s)
[transfer:gold_n32_mid_y1_lam0.3143_s0] terminal_is s=8: mmd2=1.606e+00 swd2=1.000e+00 bp_cov=(0.00,0.00,0.00) (1s)
[transfer:gold_n32_mid_y1_lam0.3143_s0] terminal_is s=9: mmd2=1.606e+00 swd2=7.339e-01 bp_cov=(0.00,0.00,0.00) (1s)
[transfer:gold_n32_mid_y2_lam0.3143_s0] 5 floor rows
[transfer:gold_n32_mid_y2_lam0.3143_s0] dps s=5: mmd2=7.034e-02 swd2=4.295e-03 bp_cov=(0.71,0.03,0.00) (5s)
[transfer:gold_n32_mid_y2_lam0.3143_s0] dps s=6: mmd2=7.075e-02 swd2=4.370e-03 bp_cov=(0.72,0.04,0.00) (1s)
[transfer:gold_n32_mid_y2_lam0.3143_s0] dps s=7: mmd2=6.994e-02 swd2=4.159e-03 bp_cov=(0.71,0.03,0.00) (1s)
[transfer:gold_n32_mid_y2_lam0.3143_s0] dps s=8: mmd2=6.988e-02 swd2=4.325e-03 bp_cov=(0.68,0.03,0.00) (1s)
[transfer:gold_n32_mid_y2_lam0.3143_s0] dps s=9: mmd2=7.007e-02 swd2=4.451e-03 bp_cov=(0.72,0.03,0.00) (1s)
[transfer:gold_n32_mid_y2_lam0.3143_s0] dps_inflated s=5: mmd2=2.397e-02 swd2=1.826e-03 bp_cov=(0.34,0.38,0.62) (1s)
[transfer:gold_n32_mid_y2_lam0.3143_s0] dps_inflated s=6: mmd2=2.341e-02 swd2=1.861e-03 bp_cov=(0.32,0.44,0.62) (1s)
[transfer:gold_n32_mid_y2_lam0.3143_s0] dps_inflated s=7: mmd2=2.318e-02 swd2=1.715e-03 bp_cov=(0.29,0.48,0.71) (1s)
[transfer:gold_n32_mid_y2_lam0.3143_s0] dps_inflated s=8: mmd2=2.336e-02 swd2=1.757e-03 bp_cov=(0.37,0.40,0.64) (1s)
[transfer:gold_n32_mid_y2_lam0.3143_s0] dps_inflated s=9: mmd2=2.234e-02 swd2=1.739e-03 bp_cov=(0.40,0.43,0.67) (1s)
[transfer:gold_n32_mid_y2_lam0.3143_s0] remy5 s=5: mmd2=1.397e-01 swd2=1.308e-02 bp_cov=(0.35,0.08,0.00) (2s)
[transfer:gold_n32_mid_y2_lam0.3143_s0] remy5 s=6: mmd2=1.392e-01 swd2=1.279e-02 bp_cov=(0.32,0.09,0.00) (2s)
[transfer:gold_n32_mid_y2_lam0.3143_s0] remy5 s=7: mmd2=1.375e-01 swd2=1.241e-02 bp_cov=(0.35,0.07,0.00) (1s)
[transfer:gold_n32_mid_y2_lam0.3143_s0] remy5 s=8: mmd2=1.375e-01 swd2=1.294e-02 bp_cov=(0.39,0.10,0.00) (1s)
[transfer:gold_n32_mid_y2_lam0.3143_s0] remy5 s=9: mmd2=1.388e-01 swd2=1.292e-02 bp_cov=(0.37,0.07,0.00) (2s)
[transfer:gold_n32_mid_y2_lam0.3143_s0] remy30 s=5: mmd2=1.397e-03 swd2=3.190e-04 bp_cov=(0.65,0.61,0.66) (2s)
[transfer:gold_n32_mid_y2_lam0.3143_s0] remy30 s=6: mmd2=1.591e-03 swd2=3.236e-04 bp_cov=(0.62,0.68,0.68) (2s)
[transfer:gold_n32_mid_y2_lam0.3143_s0] remy30 s=7: mmd2=1.371e-03 swd2=3.102e-04 bp_cov=(0.64,0.64,0.68) (2s)
[transfer:gold_n32_mid_y2_lam0.3143_s0] remy30 s=8: mmd2=1.326e-03 swd2=3.358e-04 bp_cov=(0.61,0.66,0.64) (2s)
[transfer:gold_n32_mid_y2_lam0.3143_s0] remy30 s=9: mmd2=1.507e-03 swd2=3.293e-04 bp_cov=(0.62,0.64,0.65) (2s)
[transfer:gold_n32_mid_y2_lam0.3143_s0] remy100 s=5: mmd2=2.879e-05 swd2=1.950e-04 bp_cov=(0.68,0.66,0.67) (3s)
[transfer:gold_n32_mid_y2_lam0.3143_s0] remy100 s=6: mmd2=7.006e-05 swd2=2.338e-04 bp_cov=(0.68,0.61,0.68) (3s)
[transfer:gold_n32_mid_y2_lam0.3143_s0] remy100 s=7: mmd2=-3.454e-05 swd2=2.057e-04 bp_cov=(0.73,0.67,0.68) (3s)
[transfer:gold_n32_mid_y2_lam0.3143_s0] remy100 s=8: mmd2=-6.741e-05 swd2=2.032e-04 bp_cov=(0.70,0.68,0.69) (3s)
[transfer:gold_n32_mid_y2_lam0.3143_s0] remy100 s=9: mmd2=-4.882e-05 swd2=2.462e-04 bp_cov=(0.68,0.71,0.68) (3s)
[transfer:gold_n32_mid_y2_lam0.3143_s0] terminal_is s=5: mmd2=1.606e+00 swd2=1.196e+00 bp_cov=(0.00,0.00,0.00) (3s)
[transfer:gold_n32_mid_y2_lam0.3143_s0] terminal_is s=6: mmd2=1.606e+00 swd2=8.211e-01 bp_cov=(0.00,0.00,0.00) (1s)
[transfer:gold_n32_mid_y2_lam0.3143_s0] terminal_is s=7: mmd2=1.606e+00 swd2=9.206e-01 bp_cov=(0.00,0.00,0.00) (1s)
[transfer:gold_n32_mid_y2_lam0.3143_s0] terminal_is s=8: mmd2=1.606e+00 swd2=6.961e-01 bp_cov=(0.00,0.00,0.00) (1s)
[transfer:gold_n32_mid_y2_lam0.3143_s0] terminal_is s=9: mmd2=1.606e+00 swd2=6.035e-01 bp_cov=(0.00,0.00,0.00) (1s)
[transfer:gold_n32_mid_y3_lam0.3143_s0] 5 floor rows
[transfer:gold_n32_mid_y3_lam0.3143_s0] dps s=5: mmd2=6.179e-02 swd2=4.228e-03 bp_cov=(0.71,0.04,0.00) (5s)
[transfer:gold_n32_mid_y3_lam0.3143_s0] dps s=6: mmd2=6.146e-02 swd2=4.337e-03 bp_cov=(0.73,0.02,0.00) (1s)
[transfer:gold_n32_mid_y3_lam0.3143_s0] dps s=7: mmd2=6.205e-02 swd2=4.431e-03 bp_cov=(0.65,0.03,0.00) (1s)
[transfer:gold_n32_mid_y3_lam0.3143_s0] dps s=8: mmd2=6.172e-02 swd2=4.175e-03 bp_cov=(0.69,0.02,0.00) (1s)
[transfer:gold_n32_mid_y3_lam0.3143_s0] dps s=9: mmd2=6.207e-02 swd2=4.365e-03 bp_cov=(0.71,0.02,0.00) (1s)
[transfer:gold_n32_mid_y3_lam0.3143_s0] dps_inflated s=5: mmd2=4.515e-02 swd2=3.690e-03 bp_cov=(0.18,0.15,0.62) (2s)
[transfer:gold_n32_mid_y3_lam0.3143_s0] dps_inflated s=6: mmd2=4.796e-02 swd2=3.927e-03 bp_cov=(0.18,0.13,0.61) (1s)
[transfer:gold_n32_mid_y3_lam0.3143_s0] dps_inflated s=7: mmd2=4.751e-02 swd2=3.918e-03 bp_cov=(0.18,0.11,0.71) (1s)
[transfer:gold_n32_mid_y3_lam0.3143_s0] dps_inflated s=8: mmd2=4.637e-02 swd2=3.683e-03 bp_cov=(0.16,0.10,0.62) (1s)
[transfer:gold_n32_mid_y3_lam0.3143_s0] dps_inflated s=9: mmd2=4.734e-02 swd2=3.846e-03 bp_cov=(0.18,0.10,0.56) (1s)
[transfer:gold_n32_mid_y3_lam0.3143_s0] remy5 s=5: mmd2=1.373e-01 swd2=1.094e-02 bp_cov=(0.24,0.08,0.01) (2s)
[transfer:gold_n32_mid_y3_lam0.3143_s0] remy5 s=6: mmd2=1.352e-01 swd2=1.110e-02 bp_cov=(0.27,0.04,0.00) (1s)
[transfer:gold_n32_mid_y3_lam0.3143_s0] remy5 s=7: mmd2=1.348e-01 swd2=1.075e-02 bp_cov=(0.27,0.04,0.00) (2s)
[transfer:gold_n32_mid_y3_lam0.3143_s0] remy5 s=8: mmd2=1.360e-01 swd2=1.111e-02 bp_cov=(0.25,0.06,0.00) (1s)
[transfer:gold_n32_mid_y3_lam0.3143_s0] remy5 s=9: mmd2=1.352e-01 swd2=1.105e-02 bp_cov=(0.29,0.04,0.00) (1s)
[transfer:gold_n32_mid_y3_lam0.3143_s0] remy30 s=5: mmd2=1.848e-03 swd2=3.559e-04 bp_cov=(0.61,0.61,0.64) (2s)
[transfer:gold_n32_mid_y3_lam0.3143_s0] remy30 s=6: mmd2=1.938e-03 swd2=3.438e-04 bp_cov=(0.61,0.66,0.66) (2s)
[transfer:gold_n32_mid_y3_lam0.3143_s0] remy30 s=7: mmd2=1.427e-03 swd2=3.134e-04 bp_cov=(0.55,0.65,0.69) (2s)
[transfer:gold_n32_mid_y3_lam0.3143_s0] remy30 s=8: mmd2=2.018e-03 swd2=3.572e-04 bp_cov=(0.66,0.67,0.68) (2s)
[transfer:gold_n32_mid_y3_lam0.3143_s0] remy30 s=9: mmd2=1.838e-03 swd2=3.536e-04 bp_cov=(0.59,0.61,0.69) (2s)
[transfer:gold_n32_mid_y3_lam0.3143_s0] remy100 s=5: mmd2=1.033e-04 swd2=2.367e-04 bp_cov=(0.67,0.67,0.67) (3s)
[transfer:gold_n32_mid_y3_lam0.3143_s0] remy100 s=6: mmd2=-7.988e-05 swd2=2.108e-04 bp_cov=(0.64,0.62,0.67) (3s)
[transfer:gold_n32_mid_y3_lam0.3143_s0] remy100 s=7: mmd2=-6.677e-05 swd2=2.424e-04 bp_cov=(0.64,0.68,0.67) (3s)
[transfer:gold_n32_mid_y3_lam0.3143_s0] remy100 s=8: mmd2=8.170e-05 swd2=2.217e-04 bp_cov=(0.62,0.65,0.65) (3s)
[transfer:gold_n32_mid_y3_lam0.3143_s0] remy100 s=9: mmd2=1.106e-04 swd2=2.445e-04 bp_cov=(0.71,0.72,0.70) (3s)
[transfer:gold_n32_mid_y3_lam0.3143_s0] terminal_is s=5: mmd2=1.607e+00 swd2=1.024e+00 bp_cov=(0.00,0.00,0.00) (3s)
[transfer:gold_n32_mid_y3_lam0.3143_s0] terminal_is s=6: mmd2=1.607e+00 swd2=1.221e+00 bp_cov=(0.00,0.00,0.00) (1s)
[transfer:gold_n32_mid_y3_lam0.3143_s0] terminal_is s=7: mmd2=1.607e+00 swd2=1.147e+00 bp_cov=(0.00,0.00,0.00) (1s)
[transfer:gold_n32_mid_y3_lam0.3143_s0] terminal_is s=8: mmd2=1.607e+00 swd2=8.048e-01 bp_cov=(0.00,0.00,0.00) (1s)
[transfer:gold_n32_mid_y3_lam0.3143_s0] terminal_is s=9: mmd2=1.607e+00 swd2=1.183e+00 bp_cov=(0.00,0.00,0.00) (1s)
[transfer:gold_n32_strong_y0_lam0.3143_s0] 5 floor rows
[transfer:gold_n32_strong_y0_lam0.3143_s0] dps s=5: mmd2=1.704e-01 swd2=6.048e-03 bp_cov=(0.00,0.02,0.00) (5s)
[transfer:gold_n32_strong_y0_lam0.3143_s0] dps s=6: mmd2=1.631e-01 swd2=6.046e-03 bp_cov=(0.00,0.02,0.00) (1s)
[transfer:gold_n32_strong_y0_lam0.3143_s0] dps s=7: mmd2=1.594e-01 swd2=5.645e-03 bp_cov=(0.00,0.04,0.00) (1s)
[transfer:gold_n32_strong_y0_lam0.3143_s0] dps s=8: mmd2=1.585e-01 swd2=5.524e-03 bp_cov=(0.00,0.02,0.00) (1s)
[transfer:gold_n32_strong_y0_lam0.3143_s0] dps s=9: mmd2=1.780e-01 swd2=6.261e-03 bp_cov=(0.00,0.02,0.00) (1s)
[transfer:gold_n32_strong_y0_lam0.3143_s0] dps_inflated s=5: mmd2=1.793e-01 swd2=6.262e-03 bp_cov=(0.00,0.02,0.00) (2s)
[transfer:gold_n32_strong_y0_lam0.3143_s0] dps_inflated s=6: mmd2=1.773e-01 swd2=6.339e-03 bp_cov=(0.00,0.00,0.00) (1s)
[transfer:gold_n32_strong_y0_lam0.3143_s0] dps_inflated s=7: mmd2=1.783e-01 swd2=6.247e-03 bp_cov=(0.00,0.00,0.00) (1s)
[transfer:gold_n32_strong_y0_lam0.3143_s0] dps_inflated s=8: mmd2=1.786e-01 swd2=6.512e-03 bp_cov=(0.00,0.01,0.00) (1s)
[transfer:gold_n32_strong_y0_lam0.3143_s0] dps_inflated s=9: mmd2=1.844e-01 swd2=6.750e-03 bp_cov=(0.00,0.02,0.00) (1s)
[transfer:gold_n32_strong_y0_lam0.3143_s0] remy5 s=5: mmd2=6.765e-01 swd2=4.641e-02 bp_cov=(0.00,0.00,0.00) (2s)
[transfer:gold_n32_strong_y0_lam0.3143_s0] remy5 s=6: mmd2=6.783e-01 swd2=4.766e-02 bp_cov=(0.00,0.00,0.00) (1s)
[transfer:gold_n32_strong_y0_lam0.3143_s0] remy5 s=7: mmd2=6.760e-01 swd2=4.645e-02 bp_cov=(0.00,0.00,0.00) (2s)
[transfer:gold_n32_strong_y0_lam0.3143_s0] remy5 s=8: mmd2=6.774e-01 swd2=4.738e-02 bp_cov=(0.00,0.00,0.00) (1s)
[transfer:gold_n32_strong_y0_lam0.3143_s0] remy5 s=9: mmd2=6.798e-01 swd2=4.658e-02 bp_cov=(0.00,0.00,0.00) (1s)
[transfer:gold_n32_strong_y0_lam0.3143_s0] remy30 s=5: mmd2=3.460e-02 swd2=1.003e-03 bp_cov=(0.02,0.18,0.33) (2s)
[transfer:gold_n32_strong_y0_lam0.3143_s0] remy30 s=6: mmd2=3.461e-02 swd2=1.131e-03 bp_cov=(0.03,0.14,0.28) (2s)
[transfer:gold_n32_strong_y0_lam0.3143_s0] remy30 s=7: mmd2=3.529e-02 swd2=1.026e-03 bp_cov=(0.04,0.18,0.26) (2s)
[transfer:gold_n32_strong_y0_lam0.3143_s0] remy30 s=8: mmd2=3.518e-02 swd2=1.127e-03 bp_cov=(0.02,0.17,0.22) (2s)
[transfer:gold_n32_strong_y0_lam0.3143_s0] remy30 s=9: mmd2=3.409e-02 swd2=1.119e-03 bp_cov=(0.02,0.19,0.29) (2s)
[transfer:gold_n32_strong_y0_lam0.3143_s0] remy100 s=5: mmd2=8.516e-04 swd2=1.225e-04 bp_cov=(0.58,0.59,0.66) (3s)
[transfer:gold_n32_strong_y0_lam0.3143_s0] remy100 s=6: mmd2=7.987e-04 swd2=1.217e-04 bp_cov=(0.61,0.67,0.65) (3s)
[transfer:gold_n32_strong_y0_lam0.3143_s0] remy100 s=7: mmd2=8.022e-04 swd2=1.266e-04 bp_cov=(0.58,0.65,0.68) (3s)
[transfer:gold_n32_strong_y0_lam0.3143_s0] remy100 s=8: mmd2=8.696e-04 swd2=1.237e-04 bp_cov=(0.56,0.73,0.62) (3s)
[transfer:gold_n32_strong_y0_lam0.3143_s0] remy100 s=9: mmd2=9.704e-04 swd2=1.343e-04 bp_cov=(0.55,0.57,0.59) (3s)
[transfer:gold_n32_strong_y0_lam0.3143_s0] terminal_is s=5: mmd2=1.607e+00 swd2=9.116e-01 bp_cov=(0.00,0.00,0.00) (4s)
[transfer:gold_n32_strong_y0_lam0.3143_s0] terminal_is s=6: mmd2=1.607e+00 swd2=7.389e-01 bp_cov=(0.00,0.00,0.00) (1s)
[transfer:gold_n32_strong_y0_lam0.3143_s0] terminal_is s=7: mmd2=1.607e+00 swd2=9.682e-01 bp_cov=(0.00,0.00,0.00) (1s)
[transfer:gold_n32_strong_y0_lam0.3143_s0] terminal_is s=8: mmd2=1.607e+00 swd2=8.290e-01 bp_cov=(0.00,0.00,0.00) (1s)
[transfer:gold_n32_strong_y0_lam0.3143_s0] terminal_is s=9: mmd2=1.607e+00 swd2=9.044e-01 bp_cov=(0.00,0.00,0.00) (1s)
[transfer:gold_n32_strong_y1_lam0.3143_s0] 5 floor rows
[transfer:gold_n32_strong_y1_lam0.3143_s0] dps s=5: mmd2=2.032e-01 swd2=1.073e-02 bp_cov=(0.05,0.09,0.00) (5s)
[transfer:gold_n32_strong_y1_lam0.3143_s0] dps s=6: mmd2=1.974e-01 swd2=1.060e-02 bp_cov=(0.07,0.10,0.00) (1s)
[transfer:gold_n32_strong_y1_lam0.3143_s0] dps s=7: mmd2=2.048e-01 swd2=1.091e-02 bp_cov=(0.07,0.07,0.00) (1s)
[transfer:gold_n32_strong_y1_lam0.3143_s0] dps s=8: mmd2=2.032e-01 swd2=1.076e-02 bp_cov=(0.05,0.07,0.00) (1s)
[transfer:gold_n32_strong_y1_lam0.3143_s0] dps s=9: mmd2=2.075e-01 swd2=1.117e-02 bp_cov=(0.07,0.12,0.00) (1s)
[transfer:gold_n32_strong_y1_lam0.3143_s0] dps_inflated s=5: mmd2=2.236e-01 swd2=1.042e-02 bp_cov=(0.01,0.00,0.00) (2s)
[transfer:gold_n32_strong_y1_lam0.3143_s0] dps_inflated s=6: mmd2=2.261e-01 swd2=1.056e-02 bp_cov=(0.00,0.00,0.00) (1s)
[transfer:gold_n32_strong_y1_lam0.3143_s0] dps_inflated s=7: mmd2=2.268e-01 swd2=1.066e-02 bp_cov=(0.01,0.00,0.00) (2s)
[transfer:gold_n32_strong_y1_lam0.3143_s0] dps_inflated s=8: mmd2=2.218e-01 swd2=1.045e-02 bp_cov=(0.02,0.00,0.00) (2s)
[transfer:gold_n32_strong_y1_lam0.3143_s0] dps_inflated s=9: mmd2=2.206e-01 swd2=1.065e-02 bp_cov=(0.01,0.00,0.00) (1s)
[transfer:gold_n32_strong_y1_lam0.3143_s0] remy5 s=5: mmd2=6.394e-01 swd2=4.376e-02 bp_cov=(0.00,0.00,0.12) (2s)
[transfer:gold_n32_strong_y1_lam0.3143_s0] remy5 s=6: mmd2=6.391e-01 swd2=4.405e-02 bp_cov=(0.00,0.00,0.12) (1s)
[transfer:gold_n32_strong_y1_lam0.3143_s0] remy5 s=7: mmd2=6.393e-01 swd2=4.362e-02 bp_cov=(0.00,0.00,0.09) (1s)
[transfer:gold_n32_strong_y1_lam0.3143_s0] remy5 s=8: mmd2=6.380e-01 swd2=4.357e-02 bp_cov=(0.00,0.00,0.07) (2s)
[transfer:gold_n32_strong_y1_lam0.3143_s0] remy5 s=9: mmd2=6.366e-01 swd2=4.393e-02 bp_cov=(0.00,0.00,0.08) (1s)
[transfer:gold_n32_strong_y1_lam0.3143_s0] remy30 s=5: mmd2=3.834e-02 swd2=1.497e-03 bp_cov=(0.04,0.04,0.13) (2s)
[transfer:gold_n32_strong_y1_lam0.3143_s0] remy30 s=6: mmd2=3.787e-02 swd2=1.464e-03 bp_cov=(0.04,0.01,0.14) (2s)
[transfer:gold_n32_strong_y1_lam0.3143_s0] remy30 s=7: mmd2=3.766e-02 swd2=1.425e-03 bp_cov=(0.04,0.02,0.13) (2s)
[transfer:gold_n32_strong_y1_lam0.3143_s0] remy30 s=8: mmd2=3.688e-02 swd2=1.446e-03 bp_cov=(0.04,0.03,0.12) (2s)
[transfer:gold_n32_strong_y1_lam0.3143_s0] remy30 s=9: mmd2=3.878e-02 swd2=1.459e-03 bp_cov=(0.02,0.01,0.11) (2s)
[transfer:gold_n32_strong_y1_lam0.3143_s0] remy100 s=5: mmd2=9.028e-04 swd2=1.634e-04 bp_cov=(0.52,0.58,0.66) (3s)
[transfer:gold_n32_strong_y1_lam0.3143_s0] remy100 s=6: mmd2=1.346e-03 swd2=1.582e-04 bp_cov=(0.46,0.54,0.63) (3s)
[transfer:gold_n32_strong_y1_lam0.3143_s0] remy100 s=7: mmd2=1.396e-03 swd2=1.979e-04 bp_cov=(0.58,0.55,0.67) (3s)
[transfer:gold_n32_strong_y1_lam0.3143_s0] remy100 s=8: mmd2=1.130e-03 swd2=1.524e-04 bp_cov=(0.58,0.61,0.64) (3s)
[transfer:gold_n32_strong_y1_lam0.3143_s0] remy100 s=9: mmd2=9.326e-04 swd2=1.666e-04 bp_cov=(0.49,0.59,0.61) (3s)
[transfer:gold_n32_strong_y1_lam0.3143_s0] terminal_is s=5: mmd2=1.606e+00 swd2=1.041e+00 bp_cov=(0.00,0.00,0.00) (4s)
[transfer:gold_n32_strong_y1_lam0.3143_s0] terminal_is s=6: mmd2=1.606e+00 swd2=1.030e+00 bp_cov=(0.00,0.00,0.00) (1s)
[transfer:gold_n32_strong_y1_lam0.3143_s0] terminal_is s=7: mmd2=1.606e+00 swd2=1.120e+00 bp_cov=(0.00,0.00,0.00) (1s)
[transfer:gold_n32_strong_y1_lam0.3143_s0] terminal_is s=8: mmd2=1.606e+00 swd2=1.152e+00 bp_cov=(0.00,0.00,0.00) (1s)
[transfer:gold_n32_strong_y1_lam0.3143_s0] terminal_is s=9: mmd2=1.606e+00 swd2=1.262e+00 bp_cov=(0.00,0.00,0.00) (1s)
[transfer:gold_n32_strong_y2_lam0.3143_s0] 5 floor rows
[transfer:gold_n32_strong_y2_lam0.3143_s0] dps s=5: mmd2=1.834e-01 swd2=8.052e-03 bp_cov=(0.00,0.15,0.00) (4s)
[transfer:gold_n32_strong_y2_lam0.3143_s0] dps s=6: mmd2=1.789e-01 swd2=7.615e-03 bp_cov=(0.00,0.09,0.00) (1s)
[transfer:gold_n32_strong_y2_lam0.3143_s0] dps s=7: mmd2=1.878e-01 swd2=8.012e-03 bp_cov=(0.00,0.14,0.00) (2s)
[transfer:gold_n32_strong_y2_lam0.3143_s0] dps s=8: mmd2=1.846e-01 swd2=7.961e-03 bp_cov=(0.00,0.12,0.00) (1s)
[transfer:gold_n32_strong_y2_lam0.3143_s0] dps s=9: mmd2=1.832e-01 swd2=7.872e-03 bp_cov=(0.00,0.14,0.00) (1s)
[transfer:gold_n32_strong_y2_lam0.3143_s0] dps_inflated s=5: mmd2=1.068e-01 swd2=4.244e-03 bp_cov=(0.06,0.12,0.05) (2s)
[transfer:gold_n32_strong_y2_lam0.3143_s0] dps_inflated s=6: mmd2=1.035e-01 swd2=4.177e-03 bp_cov=(0.08,0.10,0.05) (2s)
[transfer:gold_n32_strong_y2_lam0.3143_s0] dps_inflated s=7: mmd2=1.035e-01 swd2=3.893e-03 bp_cov=(0.07,0.09,0.05) (1s)
[transfer:gold_n32_strong_y2_lam0.3143_s0] dps_inflated s=8: mmd2=1.039e-01 swd2=4.171e-03 bp_cov=(0.09,0.11,0.07) (1s)
[transfer:gold_n32_strong_y2_lam0.3143_s0] dps_inflated s=9: mmd2=1.046e-01 swd2=4.246e-03 bp_cov=(0.10,0.12,0.07) (1s)
[transfer:gold_n32_strong_y2_lam0.3143_s0] remy5 s=5: mmd2=6.782e-01 swd2=6.098e-02 bp_cov=(0.00,0.00,0.00) (2s)
[transfer:gold_n32_strong_y2_lam0.3143_s0] remy5 s=6: mmd2=6.765e-01 swd2=6.052e-02 bp_cov=(0.00,0.00,0.00) (1s)
[transfer:gold_n32_strong_y2_lam0.3143_s0] remy5 s=7: mmd2=6.787e-01 swd2=6.143e-02 bp_cov=(0.00,0.00,0.00) (1s)
[transfer:gold_n32_strong_y2_lam0.3143_s0] remy5 s=8: mmd2=6.790e-01 swd2=6.122e-02 bp_cov=(0.00,0.00,0.00) (1s)
[transfer:gold_n32_strong_y2_lam0.3143_s0] remy5 s=9: mmd2=6.780e-01 swd2=6.129e-02 bp_cov=(0.00,0.00,0.00) (1s)
[transfer:gold_n32_strong_y2_lam0.3143_s0] remy30 s=5: mmd2=2.734e-02 swd2=1.252e-03 bp_cov=(0.10,0.23,0.30) (2s)
[transfer:gold_n32_strong_y2_lam0.3143_s0] remy30 s=6: mmd2=2.708e-02 swd2=1.190e-03 bp_cov=(0.17,0.19,0.37) (2s)
[transfer:gold_n32_strong_y2_lam0.3143_s0] remy30 s=7: mmd2=2.745e-02 swd2=1.272e-03 bp_cov=(0.14,0.19,0.31) (2s)
[transfer:gold_n32_strong_y2_lam0.3143_s0] remy30 s=8: mmd2=2.766e-02 swd2=1.225e-03 bp_cov=(0.12,0.19,0.37) (2s)
[transfer:gold_n32_strong_y2_lam0.3143_s0] remy30 s=9: mmd2=2.788e-02 swd2=1.224e-03 bp_cov=(0.14,0.24,0.35) (2s)
[transfer:gold_n32_strong_y2_lam0.3143_s0] remy100 s=5: mmd2=2.055e-04 swd2=9.926e-05 bp_cov=(0.70,0.66,0.69) (3s)
[transfer:gold_n32_strong_y2_lam0.3143_s0] remy100 s=6: mmd2=2.594e-04 swd2=1.171e-04 bp_cov=(0.67,0.65,0.67) (3s)
[transfer:gold_n32_strong_y2_lam0.3143_s0] remy100 s=7: mmd2=4.664e-04 swd2=1.179e-04 bp_cov=(0.64,0.64,0.67) (3s)
[transfer:gold_n32_strong_y2_lam0.3143_s0] remy100 s=8: mmd2=2.950e-04 swd2=1.066e-04 bp_cov=(0.67,0.68,0.66) (3s)
[transfer:gold_n32_strong_y2_lam0.3143_s0] remy100 s=9: mmd2=3.250e-04 swd2=1.219e-04 bp_cov=(0.64,0.64,0.69) (3s)
[transfer:gold_n32_strong_y2_lam0.3143_s0] terminal_is s=5: mmd2=1.606e+00 swd2=1.010e+00 bp_cov=(0.00,0.00,0.00) (3s)
[transfer:gold_n32_strong_y2_lam0.3143_s0] terminal_is s=6: mmd2=1.606e+00 swd2=7.342e-01 bp_cov=(0.00,0.00,0.00) (1s)
[transfer:gold_n32_strong_y2_lam0.3143_s0] terminal_is s=7: mmd2=1.606e+00 swd2=5.812e-01 bp_cov=(0.00,0.00,0.00) (1s)
[transfer:gold_n32_strong_y2_lam0.3143_s0] terminal_is s=8: mmd2=1.606e+00 swd2=8.398e-01 bp_cov=(0.00,0.00,0.00) (1s)
[transfer:gold_n32_strong_y2_lam0.3143_s0] terminal_is s=9: mmd2=1.606e+00 swd2=8.182e-01 bp_cov=(0.00,0.00,0.00) (1s)
[transfer:gold_n32_strong_y3_lam0.3143_s0] 5 floor rows
[transfer:gold_n32_strong_y3_lam0.3143_s0] dps s=5: mmd2=2.044e-01 swd2=8.384e-03 bp_cov=(0.00,0.06,0.34) (5s)
[transfer:gold_n32_strong_y3_lam0.3143_s0] dps s=6: mmd2=1.965e-01 swd2=7.995e-03 bp_cov=(0.00,0.07,0.34) (1s)
[transfer:gold_n32_strong_y3_lam0.3143_s0] dps s=7: mmd2=2.162e-01 swd2=8.988e-03 bp_cov=(0.00,0.07,0.38) (1s)
[transfer:gold_n32_strong_y3_lam0.3143_s0] dps s=8: mmd2=2.007e-01 swd2=8.374e-03 bp_cov=(0.00,0.07,0.34) (1s)
[transfer:gold_n32_strong_y3_lam0.3143_s0] dps s=9: mmd2=1.939e-01 swd2=7.963e-03 bp_cov=(0.00,0.06,0.36) (2s)
[transfer:gold_n32_strong_y3_lam0.3143_s0] dps_inflated s=5: mmd2=1.738e-01 swd2=7.391e-03 bp_cov=(0.03,0.03,0.02) (2s)
[transfer:gold_n32_strong_y3_lam0.3143_s0] dps_inflated s=6: mmd2=1.710e-01 swd2=7.058e-03 bp_cov=(0.05,0.04,0.02) (1s)
[transfer:gold_n32_strong_y3_lam0.3143_s0] dps_inflated s=7: mmd2=1.740e-01 swd2=7.270e-03 bp_cov=(0.02,0.02,0.03) (2s)
[transfer:gold_n32_strong_y3_lam0.3143_s0] dps_inflated s=8: mmd2=1.713e-01 swd2=7.004e-03 bp_cov=(0.02,0.04,0.03) (2s)
[transfer:gold_n32_strong_y3_lam0.3143_s0] dps_inflated s=9: mmd2=1.733e-01 swd2=7.197e-03 bp_cov=(0.02,0.04,0.03) (2s)
[transfer:gold_n32_strong_y3_lam0.3143_s0] remy5 s=5: mmd2=6.553e-01 swd2=5.134e-02 bp_cov=(0.00,0.00,0.01) (2s)
[transfer:gold_n32_strong_y3_lam0.3143_s0] remy5 s=6: mmd2=6.555e-01 swd2=5.074e-02 bp_cov=(0.00,0.00,0.01) (1s)
[transfer:gold_n32_strong_y3_lam0.3143_s0] remy5 s=7: mmd2=6.560e-01 swd2=5.083e-02 bp_cov=(0.00,0.00,0.01) (1s)
[transfer:gold_n32_strong_y3_lam0.3143_s0] remy5 s=8: mmd2=6.594e-01 swd2=5.280e-02 bp_cov=(0.00,0.00,0.01) (1s)
[transfer:gold_n32_strong_y3_lam0.3143_s0] remy5 s=9: mmd2=6.565e-01 swd2=5.110e-02 bp_cov=(0.00,0.00,0.01) (1s)
[transfer:gold_n32_strong_y3_lam0.3143_s0] remy30 s=5: mmd2=3.355e-02 swd2=1.150e-03 bp_cov=(0.05,0.15,0.27) (2s)
[transfer:gold_n32_strong_y3_lam0.3143_s0] remy30 s=6: mmd2=3.380e-02 swd2=1.242e-03 bp_cov=(0.06,0.14,0.23) (2s)
[transfer:gold_n32_strong_y3_lam0.3143_s0] remy30 s=7: mmd2=3.371e-02 swd2=1.164e-03 bp_cov=(0.08,0.10,0.23) (2s)
[transfer:gold_n32_strong_y3_lam0.3143_s0] remy30 s=8: mmd2=3.371e-02 swd2=1.175e-03 bp_cov=(0.03,0.14,0.25) (2s)
[transfer:gold_n32_strong_y3_lam0.3143_s0] remy30 s=9: mmd2=3.361e-02 swd2=1.205e-03 bp_cov=(0.07,0.10,0.21) (2s)
[transfer:gold_n32_strong_y3_lam0.3143_s0] remy100 s=5: mmd2=9.617e-04 swd2=1.564e-04 bp_cov=(0.56,0.62,0.63) (3s)
[transfer:gold_n32_strong_y3_lam0.3143_s0] remy100 s=6: mmd2=8.792e-04 swd2=1.339e-04 bp_cov=(0.60,0.66,0.66) (3s)
[transfer:gold_n32_strong_y3_lam0.3143_s0] remy100 s=7: mmd2=1.117e-03 swd2=1.484e-04 bp_cov=(0.57,0.56,0.64) (3s)
[transfer:gold_n32_strong_y3_lam0.3143_s0] remy100 s=8: mmd2=1.162e-03 swd2=1.462e-04 bp_cov=(0.61,0.54,0.66) (3s)
[transfer:gold_n32_strong_y3_lam0.3143_s0] remy100 s=9: mmd2=1.231e-03 swd2=1.384e-04 bp_cov=(0.59,0.62,0.64) (3s)
[transfer:gold_n32_strong_y3_lam0.3143_s0] terminal_is s=5: mmd2=1.606e+00 swd2=9.893e-01 bp_cov=(0.00,0.00,0.00) (3s)
[transfer:gold_n32_strong_y3_lam0.3143_s0] terminal_is s=6: mmd2=1.606e+00 swd2=9.676e-01 bp_cov=(0.00,0.00,0.00) (1s)
[transfer:gold_n32_strong_y3_lam0.3143_s0] terminal_is s=7: mmd2=1.606e+00 swd2=1.117e+00 bp_cov=(0.00,0.00,0.00) (1s)
[transfer:gold_n32_strong_y3_lam0.3143_s0] terminal_is s=8: mmd2=1.606e+00 swd2=1.166e+00 bp_cov=(0.00,0.00,0.00) (1s)
[transfer:gold_n32_strong_y3_lam0.3143_s0] terminal_is s=9: mmd2=1.606e+00 swd2=1.070e+00 bp_cov=(0.00,0.00,0.00) (1s)
RUNG8-32 DONE 02:14
