[transfer:gold_n64_mid_y0_lam0.3143_s0] 5 floor rows
E0705 00:02:38.258453 2312355 slow_operation_alarm.cc:73] Constant folding an instruction is taking > 1s:

  %scatter-add.137 = f64[256,4096]{1,0} scatter(%broadcast.26, %constant.43, %broadcast.52), update_window_dims={1,2}, inserted_window_dims={}, scatter_dims_to_operand_dims={1}, index_vector_dim=1, to_apply=%region_12.15, metadata={op_name="jit(guid_grad)/transpose(jvp())/scatter-add" stack_frame_id=13}

This isn't necessarily a bug; constant-folding is inherently a trade-off between compilation time and speed at runtime. XLA has some guards that attempt to keep constant folding from taking too long, but fundamentally you'll always be able to come up with an input program that takes a long time.

If you'd like to file a bug, run with envvar XLA_FLAGS=--xla_dump_to=/tmp/foo and attach the results.
E0705 00:02:38.474833 2311868 slow_operation_alarm.cc:140] The operation took 1.216527342s
Constant folding an instruction is taking > 1s:

  %scatter-add.137 = f64[256,4096]{1,0} scatter(%broadcast.26, %constant.43, %broadcast.52), update_window_dims={1,2}, inserted_window_dims={}, scatter_dims_to_operand_dims={1}, index_vector_dim=1, to_apply=%region_12.15, metadata={op_name="jit(guid_grad)/transpose(jvp())/scatter-add" stack_frame_id=13}

This isn't necessarily a bug; constant-folding is inherently a trade-off between compilation time and speed at runtime. XLA has some guards that attempt to keep constant folding from taking too long, but fundamentally you'll always be able to come up with an input program that takes a long time.

If you'd like to file a bug, run with envvar XLA_FLAGS=--xla_dump_to=/tmp/foo and attach the results.
[transfer:gold_n64_mid_y0_lam0.3143_s0] dps s=0: mmd2=6.920e-02 swd2=2.810e-03 bp_cov=(0.68,0.00,0.00) (6s)
[transfer:gold_n64_mid_y0_lam0.3143_s0] dps s=1: mmd2=6.952e-02 swd2=2.821e-03 bp_cov=(0.70,0.00,0.00) (3s)
[transfer:gold_n64_mid_y0_lam0.3143_s0] dps s=2: mmd2=6.874e-02 swd2=2.765e-03 bp_cov=(0.64,0.01,0.00) (3s)
[transfer:gold_n64_mid_y0_lam0.3143_s0] dps s=3: mmd2=6.853e-02 swd2=2.853e-03 bp_cov=(0.67,0.01,0.00) (3s)
[transfer:gold_n64_mid_y0_lam0.3143_s0] dps s=4: mmd2=6.925e-02 swd2=2.889e-03 bp_cov=(0.66,0.02,0.00) (3s)
[transfer:gold_n64_mid_y0_lam0.3143_s0] dps_inflated s=0: mmd2=2.478e-02 swd2=1.190e-03 bp_cov=(0.27,0.11,0.64) (3s)
[transfer:gold_n64_mid_y0_lam0.3143_s0] dps_inflated s=1: mmd2=2.400e-02 swd2=1.149e-03 bp_cov=(0.20,0.11,0.66) (4s)
[transfer:gold_n64_mid_y0_lam0.3143_s0] dps_inflated s=2: mmd2=2.555e-02 swd2=1.227e-03 bp_cov=(0.21,0.06,0.71) (3s)
[transfer:gold_n64_mid_y0_lam0.3143_s0] dps_inflated s=3: mmd2=2.556e-02 swd2=1.119e-03 bp_cov=(0.21,0.08,0.66) (3s)
[transfer:gold_n64_mid_y0_lam0.3143_s0] dps_inflated s=4: mmd2=2.515e-02 swd2=1.154e-03 bp_cov=(0.19,0.07,0.63) (3s)
[transfer:gold_n64_mid_y0_lam0.3143_s0] remy5 s=0: mmd2=2.550e-01 swd2=1.271e-02 bp_cov=(0.14,0.00,0.00) (4s)
[transfer:gold_n64_mid_y0_lam0.3143_s0] remy5 s=1: mmd2=2.564e-01 swd2=1.256e-02 bp_cov=(0.14,0.00,0.00) (3s)
[transfer:gold_n64_mid_y0_lam0.3143_s0] remy5 s=2: mmd2=2.558e-01 swd2=1.244e-02 bp_cov=(0.12,0.00,0.00) (3s)
[transfer:gold_n64_mid_y0_lam0.3143_s0] remy5 s=3: mmd2=2.551e-01 swd2=1.229e-02 bp_cov=(0.12,0.00,0.00) (3s)
[transfer:gold_n64_mid_y0_lam0.3143_s0] remy5 s=4: mmd2=2.568e-01 swd2=1.222e-02 bp_cov=(0.11,0.00,0.00) (3s)
[transfer:gold_n64_mid_y0_lam0.3143_s0] remy30 s=0: mmd2=3.483e-03 swd2=2.303e-04 bp_cov=(0.57,0.62,0.61) (5s)
[transfer:gold_n64_mid_y0_lam0.3143_s0] remy30 s=1: mmd2=3.319e-03 swd2=2.353e-04 bp_cov=(0.59,0.60,0.60) (5s)
[transfer:gold_n64_mid_y0_lam0.3143_s0] remy30 s=2: mmd2=3.339e-03 swd2=2.274e-04 bp_cov=(0.64,0.58,0.61) (4s)
[transfer:gold_n64_mid_y0_lam0.3143_s0] remy30 s=3: mmd2=3.412e-03 swd2=2.110e-04 bp_cov=(0.60,0.55,0.58) (5s)
[transfer:gold_n64_mid_y0_lam0.3143_s0] remy30 s=4: mmd2=3.473e-03 swd2=2.390e-04 bp_cov=(0.58,0.60,0.61) (5s)
[transfer:gold_n64_mid_y0_lam0.3143_s0] remy100 s=0: mmd2=2.679e-05 swd2=1.345e-04 bp_cov=(0.66,0.67,0.59) (8s)
[transfer:gold_n64_mid_y0_lam0.3143_s0] remy100 s=1: mmd2=1.451e-05 swd2=1.220e-04 bp_cov=(0.68,0.71,0.69) (7s)
[transfer:gold_n64_mid_y0_lam0.3143_s0] remy100 s=2: mmd2=2.967e-05 swd2=1.205e-04 bp_cov=(0.68,0.67,0.67) (7s)
[transfer:gold_n64_mid_y0_lam0.3143_s0] remy100 s=3: mmd2=3.021e-06 swd2=1.290e-04 bp_cov=(0.72,0.69,0.60) (7s)
[transfer:gold_n64_mid_y0_lam0.3143_s0] remy100 s=4: mmd2=-3.370e-05 swd2=1.459e-04 bp_cov=(0.66,0.62,0.72) (7s)
[transfer:gold_n64_mid_y0_lam0.3143_s0] terminal_is s=0: mmd2=1.607e+00 swd2=8.632e-01 bp_cov=(0.00,0.00,0.00) (4s)
[transfer:gold_n64_mid_y0_lam0.3143_s0] terminal_is s=1: mmd2=1.607e+00 swd2=8.777e-01 bp_cov=(0.00,0.00,0.00) (1s)
[transfer:gold_n64_mid_y0_lam0.3143_s0] terminal_is s=2: mmd2=1.607e+00 swd2=8.381e-01 bp_cov=(0.00,0.00,0.00) (1s)
[transfer:gold_n64_mid_y0_lam0.3143_s0] terminal_is s=3: mmd2=1.607e+00 swd2=9.947e-01 bp_cov=(0.00,0.00,0.00) (1s)
[transfer:gold_n64_mid_y0_lam0.3143_s0] terminal_is s=4: mmd2=1.607e+00 swd2=8.962e-01 bp_cov=(0.00,0.00,0.00) (1s)
[transfer:gold_n64_mid_y1_lam0.3143_s0] 5 floor rows
E0705 00:05:49.802880 2328772 slow_operation_alarm.cc:73] Constant folding an instruction is taking > 1s:

  %scatter-add.137 = f64[256,4096]{1,0} scatter(%broadcast.26, %constant.43, %broadcast.52), update_window_dims={1,2}, inserted_window_dims={}, scatter_dims_to_operand_dims={1}, index_vector_dim=1, to_apply=%region_12.15, metadata={op_name="jit(guid_grad)/transpose(jvp())/scatter-add" stack_frame_id=13}

This isn't necessarily a bug; constant-folding is inherently a trade-off between compilation time and speed at runtime. XLA has some guards that attempt to keep constant folding from taking too long, but fundamentally you'll always be able to come up with an input program that takes a long time.

If you'd like to file a bug, run with envvar XLA_FLAGS=--xla_dump_to=/tmp/foo and attach the results.
E0705 00:05:50.008015 2328072 slow_operation_alarm.cc:140] The operation took 1.205322518s
Constant folding an instruction is taking > 1s:

  %scatter-add.137 = f64[256,4096]{1,0} scatter(%broadcast.26, %constant.43, %broadcast.52), update_window_dims={1,2}, inserted_window_dims={}, scatter_dims_to_operand_dims={1}, index_vector_dim=1, to_apply=%region_12.15, metadata={op_name="jit(guid_grad)/transpose(jvp())/scatter-add" stack_frame_id=13}

This isn't necessarily a bug; constant-folding is inherently a trade-off between compilation time and speed at runtime. XLA has some guards that attempt to keep constant folding from taking too long, but fundamentally you'll always be able to come up with an input program that takes a long time.

If you'd like to file a bug, run with envvar XLA_FLAGS=--xla_dump_to=/tmp/foo and attach the results.
[transfer:gold_n64_mid_y1_lam0.3143_s0] dps s=0: mmd2=7.773e-02 swd2=3.329e-03 bp_cov=(0.74,0.00,0.00) (6s)
[transfer:gold_n64_mid_y1_lam0.3143_s0] dps s=1: mmd2=7.893e-02 swd2=3.450e-03 bp_cov=(0.66,0.00,0.00) (3s)
[transfer:gold_n64_mid_y1_lam0.3143_s0] dps s=2: mmd2=7.834e-02 swd2=3.617e-03 bp_cov=(0.69,0.00,0.00) (3s)
[transfer:gold_n64_mid_y1_lam0.3143_s0] dps s=3: mmd2=7.797e-02 swd2=3.474e-03 bp_cov=(0.72,0.00,0.00) (3s)
[transfer:gold_n64_mid_y1_lam0.3143_s0] dps s=4: mmd2=7.783e-02 swd2=3.397e-03 bp_cov=(0.70,0.00,0.00) (3s)
[transfer:gold_n64_mid_y1_lam0.3143_s0] dps_inflated s=0: mmd2=7.859e-02 swd2=5.819e-03 bp_cov=(0.09,0.00,0.01) (3s)
[transfer:gold_n64_mid_y1_lam0.3143_s0] dps_inflated s=1: mmd2=7.819e-02 swd2=5.765e-03 bp_cov=(0.10,0.00,0.00) (3s)
[transfer:gold_n64_mid_y1_lam0.3143_s0] dps_inflated s=2: mmd2=7.834e-02 swd2=5.704e-03 bp_cov=(0.09,0.00,0.00) (3s)
[transfer:gold_n64_mid_y1_lam0.3143_s0] dps_inflated s=3: mmd2=7.672e-02 swd2=5.686e-03 bp_cov=(0.07,0.01,0.01) (3s)
[transfer:gold_n64_mid_y1_lam0.3143_s0] dps_inflated s=4: mmd2=7.664e-02 swd2=5.459e-03 bp_cov=(0.11,0.00,0.00) (3s)
[transfer:gold_n64_mid_y1_lam0.3143_s0] remy5 s=0: mmd2=2.484e-01 swd2=1.540e-02 bp_cov=(0.01,0.00,0.00) (4s)
[transfer:gold_n64_mid_y1_lam0.3143_s0] remy5 s=1: mmd2=2.485e-01 swd2=1.546e-02 bp_cov=(0.02,0.00,0.00) (3s)
[transfer:gold_n64_mid_y1_lam0.3143_s0] remy5 s=2: mmd2=2.480e-01 swd2=1.504e-02 bp_cov=(0.01,0.00,0.00) (3s)
[transfer:gold_n64_mid_y1_lam0.3143_s0] remy5 s=3: mmd2=2.487e-01 swd2=1.544e-02 bp_cov=(0.00,0.00,0.00) (3s)
[transfer:gold_n64_mid_y1_lam0.3143_s0] remy5 s=4: mmd2=2.470e-01 swd2=1.501e-02 bp_cov=(0.02,0.00,0.00) (3s)
[transfer:gold_n64_mid_y1_lam0.3143_s0] remy30 s=0: mmd2=5.279e-03 swd2=4.155e-04 bp_cov=(0.46,0.30,0.67) (5s)
[transfer:gold_n64_mid_y1_lam0.3143_s0] remy30 s=1: mmd2=5.459e-03 swd2=4.258e-04 bp_cov=(0.51,0.41,0.63) (5s)
[transfer:gold_n64_mid_y1_lam0.3143_s0] remy30 s=2: mmd2=5.156e-03 swd2=4.124e-04 bp_cov=(0.46,0.45,0.68) (4s)
[transfer:gold_n64_mid_y1_lam0.3143_s0] remy30 s=3: mmd2=5.342e-03 swd2=3.980e-04 bp_cov=(0.46,0.42,0.63) (4s)
[transfer:gold_n64_mid_y1_lam0.3143_s0] remy30 s=4: mmd2=5.080e-03 swd2=4.250e-04 bp_cov=(0.50,0.39,0.64) (5s)
[transfer:gold_n64_mid_y1_lam0.3143_s0] remy100 s=0: mmd2=2.164e-04 swd2=1.604e-04 bp_cov=(0.66,0.62,0.66) (8s)
[transfer:gold_n64_mid_y1_lam0.3143_s0] remy100 s=1: mmd2=1.424e-04 swd2=1.701e-04 bp_cov=(0.66,0.66,0.72) (7s)
[transfer:gold_n64_mid_y1_lam0.3143_s0] remy100 s=2: mmd2=1.623e-04 swd2=1.409e-04 bp_cov=(0.63,0.73,0.64) (7s)
[transfer:gold_n64_mid_y1_lam0.3143_s0] remy100 s=3: mmd2=4.213e-05 swd2=1.410e-04 bp_cov=(0.64,0.69,0.67) (7s)
[transfer:gold_n64_mid_y1_lam0.3143_s0] remy100 s=4: mmd2=1.462e-04 swd2=1.565e-04 bp_cov=(0.67,0.62,0.69) (7s)
[transfer:gold_n64_mid_y1_lam0.3143_s0] terminal_is s=0: mmd2=1.607e+00 swd2=9.915e-01 bp_cov=(0.00,0.00,0.00) (4s)
[transfer:gold_n64_mid_y1_lam0.3143_s0] terminal_is s=1: mmd2=1.607e+00 swd2=1.003e+00 bp_cov=(0.00,0.00,0.00) (1s)
[transfer:gold_n64_mid_y1_lam0.3143_s0] terminal_is s=2: mmd2=1.607e+00 swd2=1.099e+00 bp_cov=(0.00,0.00,0.00) (1s)
[transfer:gold_n64_mid_y1_lam0.3143_s0] terminal_is s=3: mmd2=1.607e+00 swd2=1.010e+00 bp_cov=(0.00,0.00,0.00) (1s)
[transfer:gold_n64_mid_y1_lam0.3143_s0] terminal_is s=4: mmd2=1.607e+00 swd2=8.993e-01 bp_cov=(0.00,0.00,0.00) (1s)
[transfer:gold_n64_mid_y2_lam0.3143_s0] 5 floor rows
E0705 00:08:57.318512 2344097 slow_operation_alarm.cc:73] Constant folding an instruction is taking > 1s:

  %scatter-add.137 = f64[256,4096]{1,0} scatter(%broadcast.26, %constant.43, %broadcast.52), update_window_dims={1,2}, inserted_window_dims={}, scatter_dims_to_operand_dims={1}, index_vector_dim=1, to_apply=%region_12.15, metadata={op_name="jit(guid_grad)/transpose(jvp())/scatter-add" stack_frame_id=13}

This isn't necessarily a bug; constant-folding is inherently a trade-off between compilation time and speed at runtime. XLA has some guards that attempt to keep constant folding from taking too long, but fundamentally you'll always be able to come up with an input program that takes a long time.

If you'd like to file a bug, run with envvar XLA_FLAGS=--xla_dump_to=/tmp/foo and attach the results.
E0705 00:08:57.517869 2343628 slow_operation_alarm.cc:140] The operation took 1.199542364s
Constant folding an instruction is taking > 1s:

  %scatter-add.137 = f64[256,4096]{1,0} scatter(%broadcast.26, %constant.43, %broadcast.52), update_window_dims={1,2}, inserted_window_dims={}, scatter_dims_to_operand_dims={1}, index_vector_dim=1, to_apply=%region_12.15, metadata={op_name="jit(guid_grad)/transpose(jvp())/scatter-add" stack_frame_id=13}

This isn't necessarily a bug; constant-folding is inherently a trade-off between compilation time and speed at runtime. XLA has some guards that attempt to keep constant folding from taking too long, but fundamentally you'll always be able to come up with an input program that takes a long time.

If you'd like to file a bug, run with envvar XLA_FLAGS=--xla_dump_to=/tmp/foo and attach the results.
[transfer:gold_n64_mid_y2_lam0.3143_s0] dps s=0: mmd2=6.113e-02 swd2=3.039e-03 bp_cov=(0.46,0.00,0.00) (7s)
[transfer:gold_n64_mid_y2_lam0.3143_s0] dps s=1: mmd2=6.174e-02 swd2=3.140e-03 bp_cov=(0.45,0.00,0.00) (3s)
[transfer:gold_n64_mid_y2_lam0.3143_s0] dps s=2: mmd2=6.202e-02 swd2=3.155e-03 bp_cov=(0.48,0.01,0.00) (3s)
[transfer:gold_n64_mid_y2_lam0.3143_s0] dps s=3: mmd2=6.097e-02 swd2=3.193e-03 bp_cov=(0.45,0.00,0.00) (3s)
[transfer:gold_n64_mid_y2_lam0.3143_s0] dps s=4: mmd2=6.175e-02 swd2=3.103e-03 bp_cov=(0.49,0.01,0.00) (3s)
[transfer:gold_n64_mid_y2_lam0.3143_s0] dps_inflated s=0: mmd2=1.123e-01 swd2=5.381e-03 bp_cov=(0.05,0.00,0.15) (3s)
[transfer:gold_n64_mid_y2_lam0.3143_s0] dps_inflated s=1: mmd2=1.102e-01 swd2=5.260e-03 bp_cov=(0.04,0.00,0.21) (3s)
[transfer:gold_n64_mid_y2_lam0.3143_s0] dps_inflated s=2: mmd2=1.085e-01 swd2=5.379e-03 bp_cov=(0.04,0.00,0.18) (3s)
[transfer:gold_n64_mid_y2_lam0.3143_s0] dps_inflated s=3: mmd2=1.069e-01 swd2=5.323e-03 bp_cov=(0.04,0.00,0.19) (3s)
[transfer:gold_n64_mid_y2_lam0.3143_s0] dps_inflated s=4: mmd2=1.097e-01 swd2=5.393e-03 bp_cov=(0.05,0.00,0.20) (3s)
[transfer:gold_n64_mid_y2_lam0.3143_s0] remy5 s=0: mmd2=2.550e-01 swd2=1.600e-02 bp_cov=(0.00,0.00,0.00) (4s)
[transfer:gold_n64_mid_y2_lam0.3143_s0] remy5 s=1: mmd2=2.549e-01 swd2=1.599e-02 bp_cov=(0.00,0.00,0.00) (3s)
[transfer:gold_n64_mid_y2_lam0.3143_s0] remy5 s=2: mmd2=2.533e-01 swd2=1.529e-02 bp_cov=(0.00,0.00,0.00) (3s)
[transfer:gold_n64_mid_y2_lam0.3143_s0] remy5 s=3: mmd2=2.541e-01 swd2=1.635e-02 bp_cov=(0.00,0.00,0.00) (3s)
[transfer:gold_n64_mid_y2_lam0.3143_s0] remy5 s=4: mmd2=2.557e-01 swd2=1.611e-02 bp_cov=(0.00,0.00,0.00) (3s)
[transfer:gold_n64_mid_y2_lam0.3143_s0] remy30 s=0: mmd2=5.544e-03 swd2=3.878e-04 bp_cov=(0.45,0.31,0.64) (5s)
[transfer:gold_n64_mid_y2_lam0.3143_s0] remy30 s=1: mmd2=5.484e-03 swd2=4.058e-04 bp_cov=(0.43,0.33,0.61) (4s)
[transfer:gold_n64_mid_y2_lam0.3143_s0] remy30 s=2: mmd2=5.357e-03 swd2=3.612e-04 bp_cov=(0.41,0.43,0.68) (4s)
[transfer:gold_n64_mid_y2_lam0.3143_s0] remy30 s=3: mmd2=5.535e-03 swd2=4.036e-04 bp_cov=(0.43,0.38,0.66) (4s)
[transfer:gold_n64_mid_y2_lam0.3143_s0] remy30 s=4: mmd2=5.836e-03 swd2=3.907e-04 bp_cov=(0.45,0.35,0.62) (4s)
[transfer:gold_n64_mid_y2_lam0.3143_s0] remy100 s=0: mmd2=1.287e-04 swd2=1.434e-04 bp_cov=(0.70,0.66,0.75) (8s)
[transfer:gold_n64_mid_y2_lam0.3143_s0] remy100 s=1: mmd2=5.200e-05 swd2=1.450e-04 bp_cov=(0.62,0.66,0.65) (7s)
[transfer:gold_n64_mid_y2_lam0.3143_s0] remy100 s=2: mmd2=1.352e-04 swd2=1.458e-04 bp_cov=(0.70,0.66,0.67) (7s)
[transfer:gold_n64_mid_y2_lam0.3143_s0] remy100 s=3: mmd2=1.421e-04 swd2=1.479e-04 bp_cov=(0.69,0.63,0.60) (8s)
[transfer:gold_n64_mid_y2_lam0.3143_s0] remy100 s=4: mmd2=3.955e-05 swd2=1.537e-04 bp_cov=(0.70,0.68,0.70) (7s)
[transfer:gold_n64_mid_y2_lam0.3143_s0] terminal_is s=0: mmd2=1.607e+00 swd2=9.447e-01 bp_cov=(0.00,0.00,0.00) (3s)
[transfer:gold_n64_mid_y2_lam0.3143_s0] terminal_is s=1: mmd2=1.607e+00 swd2=1.179e+00 bp_cov=(0.00,0.00,0.00) (1s)
[transfer:gold_n64_mid_y2_lam0.3143_s0] terminal_is s=2: mmd2=1.607e+00 swd2=8.047e-01 bp_cov=(0.00,0.00,0.00) (1s)
[transfer:gold_n64_mid_y2_lam0.3143_s0] terminal_is s=3: mmd2=1.607e+00 swd2=1.321e+00 bp_cov=(0.00,0.00,0.00) (1s)
[transfer:gold_n64_mid_y2_lam0.3143_s0] terminal_is s=4: mmd2=1.607e+00 swd2=9.249e-01 bp_cov=(0.00,0.00,0.00) (1s)
[transfer:gold_n64_mid_y3_lam0.3143_s0] 5 floor rows
E0705 00:12:03.650343 2359335 slow_operation_alarm.cc:73] Constant folding an instruction is taking > 1s:

  %scatter-add.137 = f64[256,4096]{1,0} scatter(%broadcast.26, %constant.43, %broadcast.52), update_window_dims={1,2}, inserted_window_dims={}, scatter_dims_to_operand_dims={1}, index_vector_dim=1, to_apply=%region_12.15, metadata={op_name="jit(guid_grad)/transpose(jvp())/scatter-add" stack_frame_id=13}

This isn't necessarily a bug; constant-folding is inherently a trade-off between compilation time and speed at runtime. XLA has some guards that attempt to keep constant folding from taking too long, but fundamentally you'll always be able to come up with an input program that takes a long time.

If you'd like to file a bug, run with envvar XLA_FLAGS=--xla_dump_to=/tmp/foo and attach the results.
E0705 00:12:03.903878 2358841 slow_operation_alarm.cc:140] The operation took 1.253746648s
Constant folding an instruction is taking > 1s:

  %scatter-add.137 = f64[256,4096]{1,0} scatter(%broadcast.26, %constant.43, %broadcast.52), update_window_dims={1,2}, inserted_window_dims={}, scatter_dims_to_operand_dims={1}, index_vector_dim=1, to_apply=%region_12.15, metadata={op_name="jit(guid_grad)/transpose(jvp())/scatter-add" stack_frame_id=13}

This isn't necessarily a bug; constant-folding is inherently a trade-off between compilation time and speed at runtime. XLA has some guards that attempt to keep constant folding from taking too long, but fundamentally you'll always be able to come up with an input program that takes a long time.

If you'd like to file a bug, run with envvar XLA_FLAGS=--xla_dump_to=/tmp/foo and attach the results.
[transfer:gold_n64_mid_y3_lam0.3143_s0] dps s=0: mmd2=7.540e-02 swd2=2.882e-03 bp_cov=(0.77,0.04,0.00) (7s)
[transfer:gold_n64_mid_y3_lam0.3143_s0] dps s=1: mmd2=7.528e-02 swd2=2.888e-03 bp_cov=(0.77,0.04,0.00) (3s)
[transfer:gold_n64_mid_y3_lam0.3143_s0] dps s=2: mmd2=7.427e-02 swd2=2.788e-03 bp_cov=(0.71,0.04,0.00) (3s)
[transfer:gold_n64_mid_y3_lam0.3143_s0] dps s=3: mmd2=7.448e-02 swd2=2.982e-03 bp_cov=(0.73,0.02,0.00) (3s)
[transfer:gold_n64_mid_y3_lam0.3143_s0] dps s=4: mmd2=7.497e-02 swd2=2.963e-03 bp_cov=(0.72,0.04,0.00) (3s)
[transfer:gold_n64_mid_y3_lam0.3143_s0] dps_inflated s=0: mmd2=2.465e-02 swd2=1.346e-03 bp_cov=(0.20,0.23,0.57) (3s)
[transfer:gold_n64_mid_y3_lam0.3143_s0] dps_inflated s=1: mmd2=2.485e-02 swd2=1.220e-03 bp_cov=(0.17,0.24,0.58) (3s)
[transfer:gold_n64_mid_y3_lam0.3143_s0] dps_inflated s=2: mmd2=2.513e-02 swd2=1.124e-03 bp_cov=(0.21,0.18,0.56) (3s)
[transfer:gold_n64_mid_y3_lam0.3143_s0] dps_inflated s=3: mmd2=2.484e-02 swd2=1.222e-03 bp_cov=(0.18,0.20,0.51) (3s)
[transfer:gold_n64_mid_y3_lam0.3143_s0] dps_inflated s=4: mmd2=2.628e-02 swd2=1.259e-03 bp_cov=(0.14,0.20,0.55) (3s)
[transfer:gold_n64_mid_y3_lam0.3143_s0] remy5 s=0: mmd2=2.343e-01 swd2=1.506e-02 bp_cov=(0.13,0.02,0.00) (4s)
[transfer:gold_n64_mid_y3_lam0.3143_s0] remy5 s=1: mmd2=2.349e-01 swd2=1.507e-02 bp_cov=(0.14,0.02,0.00) (3s)
[transfer:gold_n64_mid_y3_lam0.3143_s0] remy5 s=2: mmd2=2.349e-01 swd2=1.543e-02 bp_cov=(0.13,0.01,0.00) (3s)
[transfer:gold_n64_mid_y3_lam0.3143_s0] remy5 s=3: mmd2=2.348e-01 swd2=1.490e-02 bp_cov=(0.12,0.01,0.00) (3s)
[transfer:gold_n64_mid_y3_lam0.3143_s0] remy5 s=4: mmd2=2.338e-01 swd2=1.514e-02 bp_cov=(0.12,0.01,0.00) (3s)
[transfer:gold_n64_mid_y3_lam0.3143_s0] remy30 s=0: mmd2=3.003e-03 swd2=2.451e-04 bp_cov=(0.65,0.64,0.55) (5s)
[transfer:gold_n64_mid_y3_lam0.3143_s0] remy30 s=1: mmd2=2.926e-03 swd2=2.722e-04 bp_cov=(0.62,0.60,0.58) (4s)
[transfer:gold_n64_mid_y3_lam0.3143_s0] remy30 s=2: mmd2=2.916e-03 swd2=2.491e-04 bp_cov=(0.59,0.62,0.66) (4s)
[transfer:gold_n64_mid_y3_lam0.3143_s0] remy30 s=3: mmd2=2.853e-03 swd2=2.508e-04 bp_cov=(0.65,0.62,0.60) (4s)
[transfer:gold_n64_mid_y3_lam0.3143_s0] remy30 s=4: mmd2=2.978e-03 swd2=2.732e-04 bp_cov=(0.69,0.58,0.60) (5s)
[transfer:gold_n64_mid_y3_lam0.3143_s0] remy100 s=0: mmd2=5.902e-05 swd2=1.547e-04 bp_cov=(0.69,0.62,0.68) (8s)
[transfer:gold_n64_mid_y3_lam0.3143_s0] remy100 s=1: mmd2=7.991e-07 swd2=1.324e-04 bp_cov=(0.64,0.69,0.72) (7s)
[transfer:gold_n64_mid_y3_lam0.3143_s0] remy100 s=2: mmd2=5.924e-05 swd2=1.280e-04 bp_cov=(0.71,0.63,0.64) (7s)
[transfer:gold_n64_mid_y3_lam0.3143_s0] remy100 s=3: mmd2=-4.051e-06 swd2=1.263e-04 bp_cov=(0.68,0.68,0.65) (7s)
[transfer:gold_n64_mid_y3_lam0.3143_s0] remy100 s=4: mmd2=-4.347e-05 swd2=1.294e-04 bp_cov=(0.70,0.67,0.68) (7s)
[transfer:gold_n64_mid_y3_lam0.3143_s0] terminal_is s=0: mmd2=1.607e+00 swd2=7.797e-01 bp_cov=(0.00,0.00,0.00) (4s)
[transfer:gold_n64_mid_y3_lam0.3143_s0] terminal_is s=1: mmd2=1.607e+00 swd2=6.194e-01 bp_cov=(0.00,0.00,0.00) (1s)
[transfer:gold_n64_mid_y3_lam0.3143_s0] terminal_is s=2: mmd2=1.607e+00 swd2=9.394e-01 bp_cov=(0.00,0.00,0.00) (1s)
[transfer:gold_n64_mid_y3_lam0.3143_s0] terminal_is s=3: mmd2=1.607e+00 swd2=8.740e-01 bp_cov=(0.00,0.00,0.00) (1s)
[transfer:gold_n64_mid_y3_lam0.3143_s0] terminal_is s=4: mmd2=1.607e+00 swd2=9.198e-01 bp_cov=(0.00,0.00,0.00) (1s)
[transfer:gold_n64_strong_y0_lam0.3143_s0] 5 floor rows
E0705 00:15:12.926208 2374735 slow_operation_alarm.cc:73] Constant folding an instruction is taking > 1s:

  %scatter-add.137 = f64[256,4096]{1,0} scatter(%broadcast.26, %constant.43, %broadcast.52), update_window_dims={1,2}, inserted_window_dims={}, scatter_dims_to_operand_dims={1}, index_vector_dim=1, to_apply=%region_12.15, metadata={op_name="jit(guid_grad)/transpose(jvp())/scatter-add" stack_frame_id=13}

This isn't necessarily a bug; constant-folding is inherently a trade-off between compilation time and speed at runtime. XLA has some guards that attempt to keep constant folding from taking too long, but fundamentally you'll always be able to come up with an input program that takes a long time.

If you'd like to file a bug, run with envvar XLA_FLAGS=--xla_dump_to=/tmp/foo and attach the results.
E0705 00:15:13.139633 2374156 slow_operation_alarm.cc:140] The operation took 1.213602225s
Constant folding an instruction is taking > 1s:

  %scatter-add.137 = f64[256,4096]{1,0} scatter(%broadcast.26, %constant.43, %broadcast.52), update_window_dims={1,2}, inserted_window_dims={}, scatter_dims_to_operand_dims={1}, index_vector_dim=1, to_apply=%region_12.15, metadata={op_name="jit(guid_grad)/transpose(jvp())/scatter-add" stack_frame_id=13}

This isn't necessarily a bug; constant-folding is inherently a trade-off between compilation time and speed at runtime. XLA has some guards that attempt to keep constant folding from taking too long, but fundamentally you'll always be able to come up with an input program that takes a long time.

If you'd like to file a bug, run with envvar XLA_FLAGS=--xla_dump_to=/tmp/foo and attach the results.
[transfer:gold_n64_strong_y0_lam0.3143_s0] dps s=0: mmd2=1.864e-01 swd2=5.731e-03 bp_cov=(0.00,0.11,0.02) (6s)
[transfer:gold_n64_strong_y0_lam0.3143_s0] dps s=1: mmd2=1.922e-01 swd2=5.821e-03 bp_cov=(0.00,0.09,0.02) (3s)
[transfer:gold_n64_strong_y0_lam0.3143_s0] dps s=2: mmd2=1.914e-01 swd2=5.726e-03 bp_cov=(0.00,0.13,0.02) (3s)
[transfer:gold_n64_strong_y0_lam0.3143_s0] dps s=3: mmd2=1.874e-01 swd2=5.594e-03 bp_cov=(0.00,0.14,0.02) (3s)
[transfer:gold_n64_strong_y0_lam0.3143_s0] dps s=4: mmd2=1.925e-01 swd2=5.738e-03 bp_cov=(0.00,0.11,0.01) (3s)
[transfer:gold_n64_strong_y0_lam0.3143_s0] dps_inflated s=0: mmd2=1.118e-01 swd2=2.427e-03 bp_cov=(0.00,0.00,0.01) (3s)
[transfer:gold_n64_strong_y0_lam0.3143_s0] dps_inflated s=1: mmd2=1.134e-01 swd2=2.425e-03 bp_cov=(0.00,0.00,0.01) (3s)
[transfer:gold_n64_strong_y0_lam0.3143_s0] dps_inflated s=2: mmd2=1.119e-01 swd2=2.505e-03 bp_cov=(0.00,0.00,0.01) (3s)
[transfer:gold_n64_strong_y0_lam0.3143_s0] dps_inflated s=3: mmd2=1.120e-01 swd2=2.445e-03 bp_cov=(0.00,0.01,0.01) (3s)
[transfer:gold_n64_strong_y0_lam0.3143_s0] dps_inflated s=4: mmd2=1.136e-01 swd2=2.524e-03 bp_cov=(0.00,0.00,0.00) (3s)
[transfer:gold_n64_strong_y0_lam0.3143_s0] remy5 s=0: mmd2=7.435e-01 swd2=4.538e-02 bp_cov=(0.00,0.00,0.00) (3s)
[transfer:gold_n64_strong_y0_lam0.3143_s0] remy5 s=1: mmd2=7.425e-01 swd2=4.535e-02 bp_cov=(0.00,0.00,0.00) (3s)
[transfer:gold_n64_strong_y0_lam0.3143_s0] remy5 s=2: mmd2=7.424e-01 swd2=4.556e-02 bp_cov=(0.00,0.00,0.00) (3s)
[transfer:gold_n64_strong_y0_lam0.3143_s0] remy5 s=3: mmd2=7.424e-01 swd2=4.481e-02 bp_cov=(0.00,0.00,0.00) (3s)
[transfer:gold_n64_strong_y0_lam0.3143_s0] remy5 s=4: mmd2=7.426e-01 swd2=4.500e-02 bp_cov=(0.00,0.00,0.00) (3s)
[transfer:gold_n64_strong_y0_lam0.3143_s0] remy30 s=0: mmd2=4.316e-02 swd2=9.153e-04 bp_cov=(0.00,0.02,0.41) (5s)
[transfer:gold_n64_strong_y0_lam0.3143_s0] remy30 s=1: mmd2=4.244e-02 swd2=8.707e-04 bp_cov=(0.00,0.02,0.47) (4s)
[transfer:gold_n64_strong_y0_lam0.3143_s0] remy30 s=2: mmd2=4.291e-02 swd2=8.999e-04 bp_cov=(0.00,0.03,0.46) (4s)
[transfer:gold_n64_strong_y0_lam0.3143_s0] remy30 s=3: mmd2=4.315e-02 swd2=8.730e-04 bp_cov=(0.00,0.01,0.38) (4s)
[transfer:gold_n64_strong_y0_lam0.3143_s0] remy30 s=4: mmd2=4.266e-02 swd2=9.040e-04 bp_cov=(0.00,0.02,0.45) (4s)
[transfer:gold_n64_strong_y0_lam0.3143_s0] remy100 s=0: mmd2=3.807e-04 swd2=7.203e-05 bp_cov=(0.58,0.61,0.62) (7s)
[transfer:gold_n64_strong_y0_lam0.3143_s0] remy100 s=1: mmd2=3.633e-04 swd2=8.165e-05 bp_cov=(0.52,0.56,0.63) (7s)
[transfer:gold_n64_strong_y0_lam0.3143_s0] remy100 s=2: mmd2=2.841e-04 swd2=7.780e-05 bp_cov=(0.57,0.64,0.70) (8s)
[transfer:gold_n64_strong_y0_lam0.3143_s0] remy100 s=3: mmd2=2.970e-04 swd2=7.153e-05 bp_cov=(0.54,0.59,0.65) (7s)
[transfer:gold_n64_strong_y0_lam0.3143_s0] remy100 s=4: mmd2=2.817e-04 swd2=8.285e-05 bp_cov=(0.66,0.59,0.70) (7s)
[transfer:gold_n64_strong_y0_lam0.3143_s0] terminal_is s=0: mmd2=1.607e+00 swd2=1.176e+00 bp_cov=(0.00,0.00,0.00) (4s)
[transfer:gold_n64_strong_y0_lam0.3143_s0] terminal_is s=1: mmd2=1.607e+00 swd2=8.364e-01 bp_cov=(0.00,0.00,0.00) (1s)
[transfer:gold_n64_strong_y0_lam0.3143_s0] terminal_is s=2: mmd2=1.607e+00 swd2=1.012e+00 bp_cov=(0.00,0.00,0.00) (1s)
[transfer:gold_n64_strong_y0_lam0.3143_s0] terminal_is s=3: mmd2=1.607e+00 swd2=1.116e+00 bp_cov=(0.00,0.00,0.00) (1s)
[transfer:gold_n64_strong_y0_lam0.3143_s0] terminal_is s=4: mmd2=1.607e+00 swd2=9.047e-01 bp_cov=(0.00,0.00,0.00) (1s)
[transfer:gold_n64_strong_y1_lam0.3143_s0] 5 floor rows
E0705 00:18:20.073364 2386486 slow_operation_alarm.cc:73] Constant folding an instruction is taking > 1s:

  %scatter-add.137 = f64[256,4096]{1,0} scatter(%broadcast.26, %constant.43, %broadcast.52), update_window_dims={1,2}, inserted_window_dims={}, scatter_dims_to_operand_dims={1}, index_vector_dim=1, to_apply=%region_12.15, metadata={op_name="jit(guid_grad)/transpose(jvp())/scatter-add" stack_frame_id=13}

This isn't necessarily a bug; constant-folding is inherently a trade-off between compilation time and speed at runtime. XLA has some guards that attempt to keep constant folding from taking too long, but fundamentally you'll always be able to come up with an input program that takes a long time.

If you'd like to file a bug, run with envvar XLA_FLAGS=--xla_dump_to=/tmp/foo and attach the results.
E0705 00:18:20.285167 2385875 slow_operation_alarm.cc:140] The operation took 1.21208598s
Constant folding an instruction is taking > 1s:

  %scatter-add.137 = f64[256,4096]{1,0} scatter(%broadcast.26, %constant.43, %broadcast.52), update_window_dims={1,2}, inserted_window_dims={}, scatter_dims_to_operand_dims={1}, index_vector_dim=1, to_apply=%region_12.15, metadata={op_name="jit(guid_grad)/transpose(jvp())/scatter-add" stack_frame_id=13}

This isn't necessarily a bug; constant-folding is inherently a trade-off between compilation time and speed at runtime. XLA has some guards that attempt to keep constant folding from taking too long, but fundamentally you'll always be able to come up with an input program that takes a long time.

If you'd like to file a bug, run with envvar XLA_FLAGS=--xla_dump_to=/tmp/foo and attach the results.
[transfer:gold_n64_strong_y1_lam0.3143_s0] dps s=0: mmd2=2.019e-01 swd2=6.291e-03 bp_cov=(0.16,0.14,0.00) (6s)
[transfer:gold_n64_strong_y1_lam0.3143_s0] dps s=1: mmd2=2.046e-01 swd2=6.256e-03 bp_cov=(0.12,0.13,0.00) (3s)
[transfer:gold_n64_strong_y1_lam0.3143_s0] dps s=2: mmd2=2.013e-01 swd2=6.327e-03 bp_cov=(0.13,0.16,0.00) (3s)
[transfer:gold_n64_strong_y1_lam0.3143_s0] dps s=3: mmd2=2.010e-01 swd2=6.232e-03 bp_cov=(0.13,0.13,0.00) (3s)
[transfer:gold_n64_strong_y1_lam0.3143_s0] dps s=4: mmd2=2.015e-01 swd2=6.205e-03 bp_cov=(0.12,0.16,0.00) (3s)
[transfer:gold_n64_strong_y1_lam0.3143_s0] dps_inflated s=0: mmd2=2.679e-01 swd2=9.353e-03 bp_cov=(0.02,0.00,0.00) (3s)
[transfer:gold_n64_strong_y1_lam0.3143_s0] dps_inflated s=1: mmd2=2.664e-01 swd2=9.359e-03 bp_cov=(0.00,0.00,0.00) (3s)
[transfer:gold_n64_strong_y1_lam0.3143_s0] dps_inflated s=2: mmd2=2.677e-01 swd2=9.243e-03 bp_cov=(0.00,0.00,0.00) (3s)
[transfer:gold_n64_strong_y1_lam0.3143_s0] dps_inflated s=3: mmd2=2.656e-01 swd2=9.136e-03 bp_cov=(0.00,0.00,0.00) (3s)
[transfer:gold_n64_strong_y1_lam0.3143_s0] dps_inflated s=4: mmd2=2.691e-01 swd2=9.445e-03 bp_cov=(0.02,0.00,0.00) (3s)
[transfer:gold_n64_strong_y1_lam0.3143_s0] remy5 s=0: mmd2=7.388e-01 swd2=6.310e-02 bp_cov=(0.00,0.00,0.00) (4s)
[transfer:gold_n64_strong_y1_lam0.3143_s0] remy5 s=1: mmd2=7.378e-01 swd2=6.200e-02 bp_cov=(0.00,0.00,0.00) (3s)
[transfer:gold_n64_strong_y1_lam0.3143_s0] remy5 s=2: mmd2=7.394e-01 swd2=6.217e-02 bp_cov=(0.00,0.00,0.00) (3s)
[transfer:gold_n64_strong_y1_lam0.3143_s0] remy5 s=3: mmd2=7.388e-01 swd2=6.102e-02 bp_cov=(0.00,0.00,0.00) (3s)
[transfer:gold_n64_strong_y1_lam0.3143_s0] remy5 s=4: mmd2=7.380e-01 swd2=6.185e-02 bp_cov=(0.00,0.00,0.00) (3s)
[transfer:gold_n64_strong_y1_lam0.3143_s0] remy30 s=0: mmd2=7.778e-02 swd2=2.029e-03 bp_cov=(0.00,0.00,0.00) (5s)
[transfer:gold_n64_strong_y1_lam0.3143_s0] remy30 s=1: mmd2=7.618e-02 swd2=2.084e-03 bp_cov=(0.00,0.00,0.00) (4s)
[transfer:gold_n64_strong_y1_lam0.3143_s0] remy30 s=2: mmd2=7.810e-02 swd2=2.009e-03 bp_cov=(0.00,0.00,0.00) (4s)
[transfer:gold_n64_strong_y1_lam0.3143_s0] remy30 s=3: mmd2=7.749e-02 swd2=2.091e-03 bp_cov=(0.00,0.00,0.00) (4s)
[transfer:gold_n64_strong_y1_lam0.3143_s0] remy30 s=4: mmd2=7.760e-02 swd2=2.080e-03 bp_cov=(0.00,0.00,0.00) (4s)
[transfer:gold_n64_strong_y1_lam0.3143_s0] remy100 s=0: mmd2=3.923e-03 swd2=1.671e-04 bp_cov=(0.16,0.31,0.32) (8s)
[transfer:gold_n64_strong_y1_lam0.3143_s0] remy100 s=1: mmd2=3.684e-03 swd2=1.751e-04 bp_cov=(0.17,0.36,0.30) (7s)
[transfer:gold_n64_strong_y1_lam0.3143_s0] remy100 s=2: mmd2=4.160e-03 swd2=1.643e-04 bp_cov=(0.16,0.33,0.34) (7s)
[transfer:gold_n64_strong_y1_lam0.3143_s0] remy100 s=3: mmd2=3.819e-03 swd2=1.673e-04 bp_cov=(0.17,0.38,0.33) (7s)
[transfer:gold_n64_strong_y1_lam0.3143_s0] remy100 s=4: mmd2=3.763e-03 swd2=1.707e-04 bp_cov=(0.17,0.34,0.32) (8s)
[transfer:gold_n64_strong_y1_lam0.3143_s0] terminal_is s=0: mmd2=1.607e+00 swd2=1.210e+00 bp_cov=(0.00,0.00,0.00) (3s)
[transfer:gold_n64_strong_y1_lam0.3143_s0] terminal_is s=1: mmd2=1.607e+00 swd2=8.606e-01 bp_cov=(0.00,0.00,0.00) (0s)
[transfer:gold_n64_strong_y1_lam0.3143_s0] terminal_is s=2: mmd2=1.607e+00 swd2=9.039e-01 bp_cov=(0.00,0.00,0.00) (0s)
[transfer:gold_n64_strong_y1_lam0.3143_s0] terminal_is s=3: mmd2=1.607e+00 swd2=1.239e+00 bp_cov=(0.00,0.00,0.00) (0s)
[transfer:gold_n64_strong_y1_lam0.3143_s0] terminal_is s=4: mmd2=1.607e+00 swd2=1.150e+00 bp_cov=(0.00,0.00,0.00) (0s)
[transfer:gold_n64_strong_y2_lam0.3143_s0] 5 floor rows
E0705 00:21:28.392219 2398179 slow_operation_alarm.cc:73] Constant folding an instruction is taking > 1s:

  %scatter-add.137 = f64[256,4096]{1,0} scatter(%broadcast.26, %constant.43, %broadcast.52), update_window_dims={1,2}, inserted_window_dims={}, scatter_dims_to_operand_dims={1}, index_vector_dim=1, to_apply=%region_12.15, metadata={op_name="jit(guid_grad)/transpose(jvp())/scatter-add" stack_frame_id=13}

This isn't necessarily a bug; constant-folding is inherently a trade-off between compilation time and speed at runtime. XLA has some guards that attempt to keep constant folding from taking too long, but fundamentally you'll always be able to come up with an input program that takes a long time.

If you'd like to file a bug, run with envvar XLA_FLAGS=--xla_dump_to=/tmp/foo and attach the results.
E0705 00:21:28.596341 2397650 slow_operation_alarm.cc:140] The operation took 1.204253261s
Constant folding an instruction is taking > 1s:

  %scatter-add.137 = f64[256,4096]{1,0} scatter(%broadcast.26, %constant.43, %broadcast.52), update_window_dims={1,2}, inserted_window_dims={}, scatter_dims_to_operand_dims={1}, index_vector_dim=1, to_apply=%region_12.15, metadata={op_name="jit(guid_grad)/transpose(jvp())/scatter-add" stack_frame_id=13}

This isn't necessarily a bug; constant-folding is inherently a trade-off between compilation time and speed at runtime. XLA has some guards that attempt to keep constant folding from taking too long, but fundamentally you'll always be able to come up with an input program that takes a long time.

If you'd like to file a bug, run with envvar XLA_FLAGS=--xla_dump_to=/tmp/foo and attach the results.
[transfer:gold_n64_strong_y2_lam0.3143_s0] dps s=0: mmd2=2.631e-01 swd2=8.011e-03 bp_cov=(0.00,0.22,0.14) (6s)
[transfer:gold_n64_strong_y2_lam0.3143_s0] dps s=1: mmd2=2.542e-01 swd2=7.680e-03 bp_cov=(0.00,0.24,0.19) (3s)
[transfer:gold_n64_strong_y2_lam0.3143_s0] dps s=2: mmd2=2.644e-01 swd2=7.970e-03 bp_cov=(0.00,0.28,0.15) (3s)
[transfer:gold_n64_strong_y2_lam0.3143_s0] dps s=3: mmd2=2.621e-01 swd2=7.965e-03 bp_cov=(0.00,0.22,0.12) (3s)
[transfer:gold_n64_strong_y2_lam0.3143_s0] dps s=4: mmd2=2.698e-01 swd2=8.203e-03 bp_cov=(0.00,0.23,0.12) (3s)
[transfer:gold_n64_strong_y2_lam0.3143_s0] dps_inflated s=0: mmd2=3.080e-01 swd2=9.053e-03 bp_cov=(0.01,0.00,0.00) (3s)
[transfer:gold_n64_strong_y2_lam0.3143_s0] dps_inflated s=1: mmd2=3.083e-01 swd2=9.400e-03 bp_cov=(0.01,0.00,0.00) (3s)
[transfer:gold_n64_strong_y2_lam0.3143_s0] dps_inflated s=2: mmd2=3.059e-01 swd2=9.083e-03 bp_cov=(0.00,0.00,0.00) (3s)
[transfer:gold_n64_strong_y2_lam0.3143_s0] dps_inflated s=3: mmd2=3.090e-01 swd2=9.175e-03 bp_cov=(0.01,0.00,0.00) (3s)
[transfer:gold_n64_strong_y2_lam0.3143_s0] dps_inflated s=4: mmd2=3.057e-01 swd2=9.029e-03 bp_cov=(0.00,0.00,0.00) (3s)
[transfer:gold_n64_strong_y2_lam0.3143_s0] remy5 s=0: mmd2=7.425e-01 swd2=6.094e-02 bp_cov=(0.00,0.00,0.00) (4s)
[transfer:gold_n64_strong_y2_lam0.3143_s0] remy5 s=1: mmd2=7.426e-01 swd2=6.111e-02 bp_cov=(0.00,0.00,0.00) (3s)
[transfer:gold_n64_strong_y2_lam0.3143_s0] remy5 s=2: mmd2=7.435e-01 swd2=6.111e-02 bp_cov=(0.00,0.00,0.00) (3s)
[transfer:gold_n64_strong_y2_lam0.3143_s0] remy5 s=3: mmd2=7.429e-01 swd2=6.103e-02 bp_cov=(0.00,0.00,0.00) (3s)
[transfer:gold_n64_strong_y2_lam0.3143_s0] remy5 s=4: mmd2=7.427e-01 swd2=6.019e-02 bp_cov=(0.00,0.00,0.00) (3s)
[transfer:gold_n64_strong_y2_lam0.3143_s0] remy30 s=0: mmd2=8.007e-02 swd2=1.990e-03 bp_cov=(0.00,0.00,0.00) (5s)
[transfer:gold_n64_strong_y2_lam0.3143_s0] remy30 s=1: mmd2=8.139e-02 swd2=2.015e-03 bp_cov=(0.00,0.00,0.00) (4s)
[transfer:gold_n64_strong_y2_lam0.3143_s0] remy30 s=2: mmd2=8.054e-02 swd2=1.949e-03 bp_cov=(0.00,0.00,0.00) (5s)
[transfer:gold_n64_strong_y2_lam0.3143_s0] remy30 s=3: mmd2=8.094e-02 swd2=1.930e-03 bp_cov=(0.00,0.00,0.00) (4s)
[transfer:gold_n64_strong_y2_lam0.3143_s0] remy30 s=4: mmd2=8.009e-02 swd2=1.982e-03 bp_cov=(0.00,0.00,0.00) (4s)
[transfer:gold_n64_strong_y2_lam0.3143_s0] remy100 s=0: mmd2=3.845e-03 swd2=1.423e-04 bp_cov=(0.13,0.31,0.36) (8s)
[transfer:gold_n64_strong_y2_lam0.3143_s0] remy100 s=1: mmd2=3.806e-03 swd2=1.666e-04 bp_cov=(0.17,0.39,0.40) (7s)
[transfer:gold_n64_strong_y2_lam0.3143_s0] remy100 s=2: mmd2=4.169e-03 swd2=1.508e-04 bp_cov=(0.16,0.27,0.36) (7s)
[transfer:gold_n64_strong_y2_lam0.3143_s0] remy100 s=3: mmd2=3.787e-03 swd2=1.486e-04 bp_cov=(0.18,0.36,0.39) (7s)
[transfer:gold_n64_strong_y2_lam0.3143_s0] remy100 s=4: mmd2=4.128e-03 swd2=1.658e-04 bp_cov=(0.13,0.30,0.40) (7s)
[transfer:gold_n64_strong_y2_lam0.3143_s0] terminal_is s=0: mmd2=1.607e+00 swd2=9.157e-01 bp_cov=(0.00,0.00,0.00) (4s)
[transfer:gold_n64_strong_y2_lam0.3143_s0] terminal_is s=1: mmd2=1.607e+00 swd2=1.356e+00 bp_cov=(0.00,0.00,0.00) (0s)
[transfer:gold_n64_strong_y2_lam0.3143_s0] terminal_is s=2: mmd2=1.607e+00 swd2=7.940e-01 bp_cov=(0.00,0.00,0.00) (0s)
[transfer:gold_n64_strong_y2_lam0.3143_s0] terminal_is s=3: mmd2=1.607e+00 swd2=1.445e+00 bp_cov=(0.00,0.00,0.00) (0s)
[transfer:gold_n64_strong_y2_lam0.3143_s0] terminal_is s=4: mmd2=1.607e+00 swd2=1.024e+00 bp_cov=(0.00,0.00,0.00) (0s)
[transfer:gold_n64_strong_y3_lam0.3143_s0] 5 floor rows
E0705 00:24:36.573865 2408880 slow_operation_alarm.cc:73] Constant folding an instruction is taking > 1s:

  %scatter-add.137 = f64[256,4096]{1,0} scatter(%broadcast.26, %constant.43, %broadcast.52), update_window_dims={1,2}, inserted_window_dims={}, scatter_dims_to_operand_dims={1}, index_vector_dim=1, to_apply=%region_12.15, metadata={op_name="jit(guid_grad)/transpose(jvp())/scatter-add" stack_frame_id=13}

This isn't necessarily a bug; constant-folding is inherently a trade-off between compilation time and speed at runtime. XLA has some guards that attempt to keep constant folding from taking too long, but fundamentally you'll always be able to come up with an input program that takes a long time.

If you'd like to file a bug, run with envvar XLA_FLAGS=--xla_dump_to=/tmp/foo and attach the results.
E0705 00:24:36.802569 2408437 slow_operation_alarm.cc:140] The operation took 1.228931068s
Constant folding an instruction is taking > 1s:

  %scatter-add.137 = f64[256,4096]{1,0} scatter(%broadcast.26, %constant.43, %broadcast.52), update_window_dims={1,2}, inserted_window_dims={}, scatter_dims_to_operand_dims={1}, index_vector_dim=1, to_apply=%region_12.15, metadata={op_name="jit(guid_grad)/transpose(jvp())/scatter-add" stack_frame_id=13}

This isn't necessarily a bug; constant-folding is inherently a trade-off between compilation time and speed at runtime. XLA has some guards that attempt to keep constant folding from taking too long, but fundamentally you'll always be able to come up with an input program that takes a long time.

If you'd like to file a bug, run with envvar XLA_FLAGS=--xla_dump_to=/tmp/foo and attach the results.
[transfer:gold_n64_strong_y3_lam0.3143_s0] dps s=0: mmd2=2.233e-01 swd2=7.687e-03 bp_cov=(0.04,0.11,0.00) (7s)
[transfer:gold_n64_strong_y3_lam0.3143_s0] dps s=1: mmd2=2.230e-01 swd2=7.541e-03 bp_cov=(0.09,0.15,0.00) (3s)
[transfer:gold_n64_strong_y3_lam0.3143_s0] dps s=2: mmd2=2.208e-01 swd2=7.453e-03 bp_cov=(0.08,0.14,0.00) (4s)
[transfer:gold_n64_strong_y3_lam0.3143_s0] dps s=3: mmd2=2.260e-01 swd2=7.595e-03 bp_cov=(0.07,0.12,0.00) (3s)
[transfer:gold_n64_strong_y3_lam0.3143_s0] dps s=4: mmd2=2.220e-01 swd2=7.744e-03 bp_cov=(0.08,0.14,0.00) (3s)
[transfer:gold_n64_strong_y3_lam0.3143_s0] dps_inflated s=0: mmd2=1.089e-01 swd2=2.581e-03 bp_cov=(0.01,0.00,0.07) (3s)
[transfer:gold_n64_strong_y3_lam0.3143_s0] dps_inflated s=1: mmd2=1.100e-01 swd2=2.639e-03 bp_cov=(0.00,0.01,0.06) (3s)
[transfer:gold_n64_strong_y3_lam0.3143_s0] dps_inflated s=2: mmd2=1.089e-01 swd2=2.770e-03 bp_cov=(0.00,0.01,0.04) (3s)
[transfer:gold_n64_strong_y3_lam0.3143_s0] dps_inflated s=3: mmd2=1.086e-01 swd2=2.703e-03 bp_cov=(0.01,0.00,0.05) (3s)
[transfer:gold_n64_strong_y3_lam0.3143_s0] dps_inflated s=4: mmd2=1.096e-01 swd2=2.665e-03 bp_cov=(0.01,0.00,0.06) (3s)
[transfer:gold_n64_strong_y3_lam0.3143_s0] remy5 s=0: mmd2=7.358e-01 swd2=6.032e-02 bp_cov=(0.00,0.00,0.00) (4s)
[transfer:gold_n64_strong_y3_lam0.3143_s0] remy5 s=1: mmd2=7.357e-01 swd2=5.980e-02 bp_cov=(0.00,0.00,0.00) (3s)
[transfer:gold_n64_strong_y3_lam0.3143_s0] remy5 s=2: mmd2=7.362e-01 swd2=5.971e-02 bp_cov=(0.00,0.00,0.00) (3s)
[transfer:gold_n64_strong_y3_lam0.3143_s0] remy5 s=3: mmd2=7.360e-01 swd2=5.958e-02 bp_cov=(0.00,0.00,0.00) (3s)
[transfer:gold_n64_strong_y3_lam0.3143_s0] remy5 s=4: mmd2=7.354e-01 swd2=6.026e-02 bp_cov=(0.00,0.00,0.00) (3s)
[transfer:gold_n64_strong_y3_lam0.3143_s0] remy30 s=0: mmd2=3.946e-02 swd2=1.153e-03 bp_cov=(0.01,0.04,0.47) (5s)
[transfer:gold_n64_strong_y3_lam0.3143_s0] remy30 s=1: mmd2=3.965e-02 swd2=1.117e-03 bp_cov=(0.00,0.09,0.46) (4s)
[transfer:gold_n64_strong_y3_lam0.3143_s0] remy30 s=2: mmd2=3.930e-02 swd2=1.102e-03 bp_cov=(0.00,0.04,0.47) (4s)
[transfer:gold_n64_strong_y3_lam0.3143_s0] remy30 s=3: mmd2=3.890e-02 swd2=1.099e-03 bp_cov=(0.01,0.11,0.50) (4s)
[transfer:gold_n64_strong_y3_lam0.3143_s0] remy30 s=4: mmd2=3.885e-02 swd2=1.108e-03 bp_cov=(0.00,0.07,0.44) (4s)
[transfer:gold_n64_strong_y3_lam0.3143_s0] remy100 s=0: mmd2=4.135e-04 swd2=8.076e-05 bp_cov=(0.59,0.68,0.68) (7s)
[transfer:gold_n64_strong_y3_lam0.3143_s0] remy100 s=1: mmd2=5.518e-04 swd2=8.730e-05 bp_cov=(0.57,0.63,0.65) (7s)
[transfer:gold_n64_strong_y3_lam0.3143_s0] remy100 s=2: mmd2=4.927e-04 swd2=7.879e-05 bp_cov=(0.60,0.65,0.63) (7s)
[transfer:gold_n64_strong_y3_lam0.3143_s0] remy100 s=3: mmd2=3.719e-04 swd2=7.264e-05 bp_cov=(0.57,0.69,0.67) (7s)
[transfer:gold_n64_strong_y3_lam0.3143_s0] remy100 s=4: mmd2=4.152e-04 swd2=8.045e-05 bp_cov=(0.54,0.65,0.68) (7s)
[transfer:gold_n64_strong_y3_lam0.3143_s0] terminal_is s=0: mmd2=1.607e+00 swd2=7.513e-01 bp_cov=(0.00,0.00,0.00) (4s)
[transfer:gold_n64_strong_y3_lam0.3143_s0] terminal_is s=1: mmd2=1.607e+00 swd2=1.024e+00 bp_cov=(0.00,0.00,0.00) (1s)
[transfer:gold_n64_strong_y3_lam0.3143_s0] terminal_is s=2: mmd2=1.607e+00 swd2=1.180e+00 bp_cov=(0.00,0.00,0.00) (1s)
[transfer:gold_n64_strong_y3_lam0.3143_s0] terminal_is s=3: mmd2=1.607e+00 swd2=1.096e+00 bp_cov=(0.00,0.00,0.00) (0s)
[transfer:gold_n64_strong_y3_lam0.3143_s0] terminal_is s=4: mmd2=1.607e+00 swd2=8.632e-01 bp_cov=(0.00,0.00,0.00) (0s)
TRANSFER 64 DONE 00:27
