[transfer:gold_n64_mid_y0_lam0.16_s0] 5 floor rows
E0705 00:48:03.844622 2506658 slow_operation_alarm.cc:73] Constant folding an instruction is taking > 1s:

  %scatter-add.137 = f64[256,4096]{1,0} scatter(%broadcast.26, %constant.43, %broadcast.52), update_window_dims={1,2}, inserted_window_dims={}, scatter_dims_to_operand_dims={1}, index_vector_dim=1, to_apply=%region_12.15, metadata={op_name="jit(guid_grad)/transpose(jvp())/scatter-add" stack_frame_id=13}

This isn't necessarily a bug; constant-folding is inherently a trade-off between compilation time and speed at runtime. XLA has some guards that attempt to keep constant folding from taking too long, but fundamentally you'll always be able to come up with an input program that takes a long time.

If you'd like to file a bug, run with envvar XLA_FLAGS=--xla_dump_to=/tmp/foo and attach the results.
E0705 00:48:04.066549 2506181 slow_operation_alarm.cc:140] The operation took 1.222117136s
Constant folding an instruction is taking > 1s:

  %scatter-add.137 = f64[256,4096]{1,0} scatter(%broadcast.26, %constant.43, %broadcast.52), update_window_dims={1,2}, inserted_window_dims={}, scatter_dims_to_operand_dims={1}, index_vector_dim=1, to_apply=%region_12.15, metadata={op_name="jit(guid_grad)/transpose(jvp())/scatter-add" stack_frame_id=13}

This isn't necessarily a bug; constant-folding is inherently a trade-off between compilation time and speed at runtime. XLA has some guards that attempt to keep constant folding from taking too long, but fundamentally you'll always be able to come up with an input program that takes a long time.

If you'd like to file a bug, run with envvar XLA_FLAGS=--xla_dump_to=/tmp/foo and attach the results.
[transfer:gold_n64_mid_y0_lam0.16_s0] dps s=0: mmd2=7.397e-02 swd2=3.137e-03 bp_cov=(0.76,0.01,0.00) (7s)
[transfer:gold_n64_mid_y0_lam0.16_s0] dps s=1: mmd2=7.408e-02 swd2=3.079e-03 bp_cov=(0.76,0.03,0.00) (3s)
[transfer:gold_n64_mid_y0_lam0.16_s0] dps s=2: mmd2=7.508e-02 swd2=3.045e-03 bp_cov=(0.73,0.03,0.00) (3s)
[transfer:gold_n64_mid_y0_lam0.16_s0] dps s=3: mmd2=7.473e-02 swd2=3.153e-03 bp_cov=(0.70,0.03,0.00) (3s)
[transfer:gold_n64_mid_y0_lam0.16_s0] dps s=4: mmd2=7.448e-02 swd2=2.879e-03 bp_cov=(0.73,0.05,0.00) (3s)
[transfer:gold_n64_mid_y0_lam0.16_s0] dps_inflated s=0: mmd2=6.414e-03 swd2=3.749e-04 bp_cov=(0.52,0.52,0.34) (3s)
[transfer:gold_n64_mid_y0_lam0.16_s0] dps_inflated s=1: mmd2=6.800e-03 swd2=3.841e-04 bp_cov=(0.47,0.53,0.39) (3s)
[transfer:gold_n64_mid_y0_lam0.16_s0] dps_inflated s=2: mmd2=6.720e-03 swd2=3.353e-04 bp_cov=(0.52,0.54,0.38) (3s)
[transfer:gold_n64_mid_y0_lam0.16_s0] dps_inflated s=3: mmd2=6.438e-03 swd2=3.807e-04 bp_cov=(0.50,0.56,0.38) (3s)
[transfer:gold_n64_mid_y0_lam0.16_s0] dps_inflated s=4: mmd2=6.438e-03 swd2=3.585e-04 bp_cov=(0.49,0.55,0.36) (3s)
[transfer:gold_n64_mid_y0_lam0.16_s0] remy5 s=0: mmd2=2.560e-01 swd2=1.230e-02 bp_cov=(0.43,0.04,0.00) (3s)
[transfer:gold_n64_mid_y0_lam0.16_s0] remy5 s=1: mmd2=2.557e-01 swd2=1.225e-02 bp_cov=(0.44,0.04,0.00) (3s)
[transfer:gold_n64_mid_y0_lam0.16_s0] remy5 s=2: mmd2=2.568e-01 swd2=1.230e-02 bp_cov=(0.46,0.03,0.00) (3s)
[transfer:gold_n64_mid_y0_lam0.16_s0] remy5 s=3: mmd2=2.555e-01 swd2=1.164e-02 bp_cov=(0.45,0.04,0.00) (3s)
[transfer:gold_n64_mid_y0_lam0.16_s0] remy5 s=4: mmd2=2.562e-01 swd2=1.203e-02 bp_cov=(0.47,0.04,0.00) (3s)
[transfer:gold_n64_mid_y0_lam0.16_s0] remy30 s=0: mmd2=2.813e-03 swd2=2.266e-04 bp_cov=(0.64,0.71,0.48) (5s)
[transfer:gold_n64_mid_y0_lam0.16_s0] remy30 s=1: mmd2=2.931e-03 swd2=2.344e-04 bp_cov=(0.70,0.68,0.56) (4s)
[transfer:gold_n64_mid_y0_lam0.16_s0] remy30 s=2: mmd2=3.003e-03 swd2=2.179e-04 bp_cov=(0.64,0.68,0.53) (4s)
[transfer:gold_n64_mid_y0_lam0.16_s0] remy30 s=3: mmd2=3.019e-03 swd2=2.183e-04 bp_cov=(0.71,0.65,0.50) (4s)
[transfer:gold_n64_mid_y0_lam0.16_s0] remy30 s=4: mmd2=2.925e-03 swd2=2.225e-04 bp_cov=(0.63,0.67,0.57) (5s)
[transfer:gold_n64_mid_y0_lam0.16_s0] remy100 s=0: mmd2=-2.285e-05 swd2=1.154e-04 bp_cov=(0.70,0.65,0.69) (7s)
[transfer:gold_n64_mid_y0_lam0.16_s0] remy100 s=1: mmd2=5.145e-05 swd2=1.219e-04 bp_cov=(0.71,0.66,0.67) (7s)
[transfer:gold_n64_mid_y0_lam0.16_s0] remy100 s=2: mmd2=4.982e-05 swd2=1.218e-04 bp_cov=(0.61,0.64,0.66) (7s)
[transfer:gold_n64_mid_y0_lam0.16_s0] remy100 s=3: mmd2=5.422e-05 swd2=1.208e-04 bp_cov=(0.70,0.67,0.65) (7s)
[transfer:gold_n64_mid_y0_lam0.16_s0] remy100 s=4: mmd2=5.392e-05 swd2=1.251e-04 bp_cov=(0.67,0.68,0.71) (7s)
[transfer:gold_n64_mid_y0_lam0.16_s0] terminal_is s=0: mmd2=1.607e+00 swd2=9.899e-01 bp_cov=(0.00,0.00,0.00) (3s)
[transfer:gold_n64_mid_y0_lam0.16_s0] terminal_is s=1: mmd2=1.607e+00 swd2=9.766e-01 bp_cov=(0.00,0.00,0.00) (1s)
[transfer:gold_n64_mid_y0_lam0.16_s0] terminal_is s=2: mmd2=1.607e+00 swd2=8.483e-01 bp_cov=(0.00,0.00,0.00) (1s)
[transfer:gold_n64_mid_y0_lam0.16_s0] terminal_is s=3: mmd2=1.607e+00 swd2=1.117e+00 bp_cov=(0.00,0.00,0.00) (1s)
[transfer:gold_n64_mid_y0_lam0.16_s0] terminal_is s=4: mmd2=1.607e+00 swd2=8.442e-01 bp_cov=(0.00,0.00,0.00) (1s)
[transfer:gold_n64_mid_y0_lam0.5_s0] 5 floor rows
E0705 00:51:12.277131 2519859 slow_operation_alarm.cc:73] Constant folding an instruction is taking > 1s:

  %scatter-add.137 = f64[256,4096]{1,0} scatter(%broadcast.26, %constant.43, %broadcast.52), update_window_dims={1,2}, inserted_window_dims={}, scatter_dims_to_operand_dims={1}, index_vector_dim=1, to_apply=%region_12.15, metadata={op_name="jit(guid_grad)/transpose(jvp())/scatter-add" stack_frame_id=13}

This isn't necessarily a bug; constant-folding is inherently a trade-off between compilation time and speed at runtime. XLA has some guards that attempt to keep constant folding from taking too long, but fundamentally you'll always be able to come up with an input program that takes a long time.

If you'd like to file a bug, run with envvar XLA_FLAGS=--xla_dump_to=/tmp/foo and attach the results.
E0705 00:51:12.512786 2519338 slow_operation_alarm.cc:140] The operation took 1.235900713s
Constant folding an instruction is taking > 1s:

  %scatter-add.137 = f64[256,4096]{1,0} scatter(%broadcast.26, %constant.43, %broadcast.52), update_window_dims={1,2}, inserted_window_dims={}, scatter_dims_to_operand_dims={1}, index_vector_dim=1, to_apply=%region_12.15, metadata={op_name="jit(guid_grad)/transpose(jvp())/scatter-add" stack_frame_id=13}

This isn't necessarily a bug; constant-folding is inherently a trade-off between compilation time and speed at runtime. XLA has some guards that attempt to keep constant folding from taking too long, but fundamentally you'll always be able to come up with an input program that takes a long time.

If you'd like to file a bug, run with envvar XLA_FLAGS=--xla_dump_to=/tmp/foo and attach the results.
[transfer:gold_n64_mid_y0_lam0.5_s0] dps s=0: mmd2=8.205e-02 swd2=5.097e-03 bp_cov=(0.01,0.07,0.00) (6s)
[transfer:gold_n64_mid_y0_lam0.5_s0] dps s=1: mmd2=7.967e-02 swd2=4.828e-03 bp_cov=(0.00,0.04,0.00) (3s)
[transfer:gold_n64_mid_y0_lam0.5_s0] dps s=2: mmd2=7.866e-02 swd2=4.813e-03 bp_cov=(0.00,0.04,0.00) (3s)
[transfer:gold_n64_mid_y0_lam0.5_s0] dps s=3: mmd2=8.313e-02 swd2=4.995e-03 bp_cov=(0.00,0.05,0.00) (3s)
[transfer:gold_n64_mid_y0_lam0.5_s0] dps s=4: mmd2=8.285e-02 swd2=5.138e-03 bp_cov=(0.01,0.05,0.00) (3s)
[transfer:gold_n64_mid_y0_lam0.5_s0] dps_inflated s=0: mmd2=7.168e-02 swd2=3.861e-03 bp_cov=(0.14,0.01,0.28) (3s)
[transfer:gold_n64_mid_y0_lam0.5_s0] dps_inflated s=1: mmd2=7.551e-02 swd2=4.239e-03 bp_cov=(0.16,0.00,0.28) (3s)
[transfer:gold_n64_mid_y0_lam0.5_s0] dps_inflated s=2: mmd2=7.435e-02 swd2=4.085e-03 bp_cov=(0.16,0.01,0.24) (3s)
[transfer:gold_n64_mid_y0_lam0.5_s0] dps_inflated s=3: mmd2=7.501e-02 swd2=4.043e-03 bp_cov=(0.10,0.00,0.21) (3s)
[transfer:gold_n64_mid_y0_lam0.5_s0] dps_inflated s=4: mmd2=7.465e-02 swd2=4.069e-03 bp_cov=(0.16,0.00,0.25) (3s)
[transfer:gold_n64_mid_y0_lam0.5_s0] remy5 s=0: mmd2=2.550e-01 swd2=1.330e-02 bp_cov=(0.00,0.00,0.00) (4s)
[transfer:gold_n64_mid_y0_lam0.5_s0] remy5 s=1: mmd2=2.554e-01 swd2=1.356e-02 bp_cov=(0.01,0.00,0.00) (3s)
[transfer:gold_n64_mid_y0_lam0.5_s0] remy5 s=2: mmd2=2.552e-01 swd2=1.349e-02 bp_cov=(0.00,0.00,0.00) (3s)
[transfer:gold_n64_mid_y0_lam0.5_s0] remy5 s=3: mmd2=2.547e-01 swd2=1.359e-02 bp_cov=(0.02,0.00,0.00) (3s)
[transfer:gold_n64_mid_y0_lam0.5_s0] remy5 s=4: mmd2=2.558e-01 swd2=1.342e-02 bp_cov=(0.01,0.00,0.00) (3s)
[transfer:gold_n64_mid_y0_lam0.5_s0] remy30 s=0: mmd2=5.975e-03 swd2=3.700e-04 bp_cov=(0.34,0.29,0.75) (5s)
[transfer:gold_n64_mid_y0_lam0.5_s0] remy30 s=1: mmd2=6.107e-03 swd2=3.510e-04 bp_cov=(0.34,0.36,0.66) (5s)
[transfer:gold_n64_mid_y0_lam0.5_s0] remy30 s=2: mmd2=6.094e-03 swd2=3.528e-04 bp_cov=(0.35,0.31,0.66) (5s)
[transfer:gold_n64_mid_y0_lam0.5_s0] remy30 s=3: mmd2=6.026e-03 swd2=3.395e-04 bp_cov=(0.38,0.29,0.66) (4s)
[transfer:gold_n64_mid_y0_lam0.5_s0] remy30 s=4: mmd2=5.885e-03 swd2=3.206e-04 bp_cov=(0.36,0.32,0.67) (4s)
[transfer:gold_n64_mid_y0_lam0.5_s0] remy100 s=0: mmd2=2.188e-04 swd2=1.318e-04 bp_cov=(0.64,0.61,0.62) (8s)
[transfer:gold_n64_mid_y0_lam0.5_s0] remy100 s=1: mmd2=2.242e-04 swd2=1.383e-04 bp_cov=(0.63,0.69,0.68) (7s)
[transfer:gold_n64_mid_y0_lam0.5_s0] remy100 s=2: mmd2=2.345e-04 swd2=1.627e-04 bp_cov=(0.65,0.66,0.67) (8s)
[transfer:gold_n64_mid_y0_lam0.5_s0] remy100 s=3: mmd2=6.274e-05 swd2=1.494e-04 bp_cov=(0.67,0.70,0.67) (7s)
[transfer:gold_n64_mid_y0_lam0.5_s0] remy100 s=4: mmd2=1.330e-04 swd2=1.609e-04 bp_cov=(0.73,0.64,0.71) (7s)
[transfer:gold_n64_mid_y0_lam0.5_s0] terminal_is s=0: mmd2=1.607e+00 swd2=8.969e-01 bp_cov=(0.00,0.00,0.00) (4s)
[transfer:gold_n64_mid_y0_lam0.5_s0] terminal_is s=1: mmd2=1.607e+00 swd2=9.992e-01 bp_cov=(0.00,0.00,0.00) (0s)
[transfer:gold_n64_mid_y0_lam0.5_s0] terminal_is s=2: mmd2=1.607e+00 swd2=7.549e-01 bp_cov=(0.00,0.00,0.00) (1s)
[transfer:gold_n64_mid_y0_lam0.5_s0] terminal_is s=3: mmd2=1.607e+00 swd2=9.454e-01 bp_cov=(0.00,0.00,0.00) (1s)
[transfer:gold_n64_mid_y0_lam0.5_s0] terminal_is s=4: mmd2=1.607e+00 swd2=7.379e-01 bp_cov=(0.00,1.00,0.00) (1s)
LAM TRANSFER DONE 00:54
E0705 01:23:02.634809 2643835 cuda_timer.cc:88] Delay kernel timed out: measured time has sub-optimal accuracy. There may be a missing warmup execution, please investigate in Nsight Systems.
[transfer:gold_n64_strong_y0_lam0.16_s0] 5 floor rows
E0705 01:23:16.487550 2643903 slow_operation_alarm.cc:73] Constant folding an instruction is taking > 1s:

  %scatter-add.137 = f64[256,4096]{1,0} scatter(%broadcast.26, %constant.43, %broadcast.52), update_window_dims={1,2}, inserted_window_dims={}, scatter_dims_to_operand_dims={1}, index_vector_dim=1, to_apply=%region_12.15, metadata={op_name="jit(guid_grad)/transpose(jvp())/scatter-add" stack_frame_id=13}

This isn't necessarily a bug; constant-folding is inherently a trade-off between compilation time and speed at runtime. XLA has some guards that attempt to keep constant folding from taking too long, but fundamentally you'll always be able to come up with an input program that takes a long time.

If you'd like to file a bug, run with envvar XLA_FLAGS=--xla_dump_to=/tmp/foo and attach the results.
E0705 01:23:16.678876 2643194 slow_operation_alarm.cc:140] The operation took 1.191455924s
Constant folding an instruction is taking > 1s:

  %scatter-add.137 = f64[256,4096]{1,0} scatter(%broadcast.26, %constant.43, %broadcast.52), update_window_dims={1,2}, inserted_window_dims={}, scatter_dims_to_operand_dims={1}, index_vector_dim=1, to_apply=%region_12.15, metadata={op_name="jit(guid_grad)/transpose(jvp())/scatter-add" stack_frame_id=13}

This isn't necessarily a bug; constant-folding is inherently a trade-off between compilation time and speed at runtime. XLA has some guards that attempt to keep constant folding from taking too long, but fundamentally you'll always be able to come up with an input program that takes a long time.

If you'd like to file a bug, run with envvar XLA_FLAGS=--xla_dump_to=/tmp/foo and attach the results.
[transfer:gold_n64_strong_y0_lam0.16_s0] dps s=0: mmd2=2.369e-01 swd2=5.145e-03 bp_cov=(0.11,0.21,0.00) (6s)
[transfer:gold_n64_strong_y0_lam0.16_s0] dps s=1: mmd2=2.354e-01 swd2=4.959e-03 bp_cov=(0.13,0.15,0.00) (3s)
[transfer:gold_n64_strong_y0_lam0.16_s0] dps s=2: mmd2=2.360e-01 swd2=5.133e-03 bp_cov=(0.10,0.22,0.00) (3s)
[transfer:gold_n64_strong_y0_lam0.16_s0] dps s=3: mmd2=2.353e-01 swd2=5.030e-03 bp_cov=(0.14,0.20,0.00) (3s)
[transfer:gold_n64_strong_y0_lam0.16_s0] dps s=4: mmd2=2.364e-01 swd2=5.119e-03 bp_cov=(0.10,0.21,0.00) (3s)
[transfer:gold_n64_strong_y0_lam0.16_s0] dps_inflated s=0: mmd2=3.087e-02 swd2=6.682e-04 bp_cov=(0.07,0.35,0.55) (3s)
[transfer:gold_n64_strong_y0_lam0.16_s0] dps_inflated s=1: mmd2=3.114e-02 swd2=6.281e-04 bp_cov=(0.05,0.37,0.61) (3s)
[transfer:gold_n64_strong_y0_lam0.16_s0] dps_inflated s=2: mmd2=3.087e-02 swd2=6.443e-04 bp_cov=(0.10,0.23,0.52) (3s)
[transfer:gold_n64_strong_y0_lam0.16_s0] dps_inflated s=3: mmd2=3.108e-02 swd2=6.207e-04 bp_cov=(0.11,0.31,0.61) (3s)
[transfer:gold_n64_strong_y0_lam0.16_s0] dps_inflated s=4: mmd2=3.138e-02 swd2=6.644e-04 bp_cov=(0.08,0.30,0.59) (3s)
[transfer:gold_n64_strong_y0_lam0.16_s0] remy5 s=0: mmd2=7.432e-01 swd2=4.292e-02 bp_cov=(0.00,0.00,0.00) (3s)
[transfer:gold_n64_strong_y0_lam0.16_s0] remy5 s=1: mmd2=7.420e-01 swd2=4.255e-02 bp_cov=(0.00,0.00,0.00) (3s)
[transfer:gold_n64_strong_y0_lam0.16_s0] remy5 s=2: mmd2=7.426e-01 swd2=4.299e-02 bp_cov=(0.00,0.00,0.00) (3s)
[transfer:gold_n64_strong_y0_lam0.16_s0] remy5 s=3: mmd2=7.430e-01 swd2=4.299e-02 bp_cov=(0.00,0.00,0.00) (3s)
[transfer:gold_n64_strong_y0_lam0.16_s0] remy5 s=4: mmd2=7.433e-01 swd2=4.234e-02 bp_cov=(0.00,0.00,0.00) (3s)
[transfer:gold_n64_strong_y0_lam0.16_s0] remy30 s=0: mmd2=3.230e-02 swd2=6.177e-04 bp_cov=(0.45,0.45,0.43) (5s)
[transfer:gold_n64_strong_y0_lam0.16_s0] remy30 s=1: mmd2=3.234e-02 swd2=5.992e-04 bp_cov=(0.45,0.39,0.41) (4s)
[transfer:gold_n64_strong_y0_lam0.16_s0] remy30 s=2: mmd2=3.261e-02 swd2=6.178e-04 bp_cov=(0.41,0.37,0.42) (4s)
[transfer:gold_n64_strong_y0_lam0.16_s0] remy30 s=3: mmd2=3.241e-02 swd2=6.139e-04 bp_cov=(0.42,0.43,0.42) (4s)
[transfer:gold_n64_strong_y0_lam0.16_s0] remy30 s=4: mmd2=3.221e-02 swd2=6.043e-04 bp_cov=(0.45,0.47,0.45) (4s)
[transfer:gold_n64_strong_y0_lam0.16_s0] remy100 s=0: mmd2=3.636e-05 swd2=7.379e-05 bp_cov=(0.67,0.70,0.63) (7s)
[transfer:gold_n64_strong_y0_lam0.16_s0] remy100 s=1: mmd2=7.435e-05 swd2=6.967e-05 bp_cov=(0.68,0.62,0.71) (7s)
[transfer:gold_n64_strong_y0_lam0.16_s0] remy100 s=2: mmd2=-2.098e-05 swd2=6.428e-05 bp_cov=(0.75,0.66,0.65) (7s)
[transfer:gold_n64_strong_y0_lam0.16_s0] remy100 s=3: mmd2=4.343e-05 swd2=7.000e-05 bp_cov=(0.68,0.67,0.65) (7s)
[transfer:gold_n64_strong_y0_lam0.16_s0] remy100 s=4: mmd2=2.699e-05 swd2=7.354e-05 bp_cov=(0.64,0.68,0.70) (7s)
[transfer:gold_n64_strong_y0_lam0.16_s0] terminal_is s=0: mmd2=1.607e+00 swd2=7.915e-01 bp_cov=(0.00,0.00,0.00) (4s)
[transfer:gold_n64_strong_y0_lam0.16_s0] terminal_is s=1: mmd2=1.607e+00 swd2=7.591e-01 bp_cov=(0.00,0.00,0.00) (0s)
[transfer:gold_n64_strong_y0_lam0.16_s0] terminal_is s=2: mmd2=1.607e+00 swd2=9.585e-01 bp_cov=(0.00,0.00,0.00) (0s)
[transfer:gold_n64_strong_y0_lam0.16_s0] terminal_is s=3: mmd2=1.607e+00 swd2=9.229e-01 bp_cov=(0.00,0.00,0.00) (0s)
[transfer:gold_n64_strong_y0_lam0.16_s0] terminal_is s=4: mmd2=1.607e+00 swd2=7.927e-01 bp_cov=(0.00,0.00,0.00) (1s)
[transfer:gold_n64_strong_y0_lam0.5_s0] 5 floor rows
E0705 01:27:57.522163 2662876 slow_operation_alarm.cc:73] Constant folding an instruction is taking > 1s:

  %scatter-add.137 = f64[256,4096]{1,0} scatter(%broadcast.26, %constant.43, %broadcast.52), update_window_dims={1,2}, inserted_window_dims={}, scatter_dims_to_operand_dims={1}, index_vector_dim=1, to_apply=%region_12.15, metadata={op_name="jit(guid_grad)/transpose(jvp())/scatter-add" stack_frame_id=13}

This isn't necessarily a bug; constant-folding is inherently a trade-off between compilation time and speed at runtime. XLA has some guards that attempt to keep constant folding from taking too long, but fundamentally you'll always be able to come up with an input program that takes a long time.

If you'd like to file a bug, run with envvar XLA_FLAGS=--xla_dump_to=/tmp/foo and attach the results.
E0705 01:27:57.740705 2662404 slow_operation_alarm.cc:140] The operation took 1.218782125s
Constant folding an instruction is taking > 1s:

  %scatter-add.137 = f64[256,4096]{1,0} scatter(%broadcast.26, %constant.43, %broadcast.52), update_window_dims={1,2}, inserted_window_dims={}, scatter_dims_to_operand_dims={1}, index_vector_dim=1, to_apply=%region_12.15, metadata={op_name="jit(guid_grad)/transpose(jvp())/scatter-add" stack_frame_id=13}

This isn't necessarily a bug; constant-folding is inherently a trade-off between compilation time and speed at runtime. XLA has some guards that attempt to keep constant folding from taking too long, but fundamentally you'll always be able to come up with an input program that takes a long time.

If you'd like to file a bug, run with envvar XLA_FLAGS=--xla_dump_to=/tmp/foo and attach the results.
[transfer:gold_n64_strong_y0_lam0.5_s0] dps s=0: mmd2=3.850e-01 swd2=1.434e-02 bp_cov=(0.04,0.01,0.00) (6s)
[transfer:gold_n64_strong_y0_lam0.5_s0] dps s=1: mmd2=3.782e-01 swd2=1.388e-02 bp_cov=(0.05,0.03,0.00) (3s)
[transfer:gold_n64_strong_y0_lam0.5_s0] dps s=2: mmd2=3.807e-01 swd2=1.425e-02 bp_cov=(0.02,0.03,0.00) (3s)
[transfer:gold_n64_strong_y0_lam0.5_s0] dps s=3: mmd2=3.793e-01 swd2=1.407e-02 bp_cov=(0.02,0.03,0.00) (3s)
[transfer:gold_n64_strong_y0_lam0.5_s0] dps s=4: mmd2=3.740e-01 swd2=1.416e-02 bp_cov=(0.03,0.04,0.00) (3s)
[transfer:gold_n64_strong_y0_lam0.5_s0] dps_inflated s=0: mmd2=3.615e-01 swd2=1.876e-02 bp_cov=(0.02,0.06,0.00) (3s)
[transfer:gold_n64_strong_y0_lam0.5_s0] dps_inflated s=1: mmd2=3.463e-01 swd2=1.770e-02 bp_cov=(0.01,0.07,0.00) (3s)
[transfer:gold_n64_strong_y0_lam0.5_s0] dps_inflated s=2: mmd2=3.484e-01 swd2=1.774e-02 bp_cov=(0.02,0.11,0.00) (3s)
[transfer:gold_n64_strong_y0_lam0.5_s0] dps_inflated s=3: mmd2=3.573e-01 swd2=1.816e-02 bp_cov=(0.06,0.09,0.00) (3s)
[transfer:gold_n64_strong_y0_lam0.5_s0] dps_inflated s=4: mmd2=3.556e-01 swd2=1.821e-02 bp_cov=(0.04,0.08,0.00) (3s)
[transfer:gold_n64_strong_y0_lam0.5_s0] remy5 s=0: mmd2=7.552e-01 swd2=5.252e-02 bp_cov=(0.00,0.00,0.00) (4s)
[transfer:gold_n64_strong_y0_lam0.5_s0] remy5 s=1: mmd2=7.548e-01 swd2=5.170e-02 bp_cov=(0.00,0.00,0.00) (3s)
[transfer:gold_n64_strong_y0_lam0.5_s0] remy5 s=2: mmd2=7.557e-01 swd2=5.311e-02 bp_cov=(0.00,0.00,0.00) (3s)
[transfer:gold_n64_strong_y0_lam0.5_s0] remy5 s=3: mmd2=7.561e-01 swd2=5.220e-02 bp_cov=(0.00,0.00,0.00) (3s)
[transfer:gold_n64_strong_y0_lam0.5_s0] remy5 s=4: mmd2=7.556e-01 swd2=5.305e-02 bp_cov=(0.00,0.00,0.00) (3s)
[transfer:gold_n64_strong_y0_lam0.5_s0] remy30 s=0: mmd2=1.005e-01 swd2=2.363e-03 bp_cov=(0.00,0.00,0.00) (5s)
[transfer:gold_n64_strong_y0_lam0.5_s0] remy30 s=1: mmd2=1.009e-01 swd2=2.368e-03 bp_cov=(0.00,0.00,0.00) (4s)
[transfer:gold_n64_strong_y0_lam0.5_s0] remy30 s=2: mmd2=1.008e-01 swd2=2.449e-03 bp_cov=(0.00,0.00,0.00) (4s)
[transfer:gold_n64_strong_y0_lam0.5_s0] remy30 s=3: mmd2=1.011e-01 swd2=2.358e-03 bp_cov=(0.00,0.00,0.00) (4s)
[transfer:gold_n64_strong_y0_lam0.5_s0] remy30 s=4: mmd2=1.006e-01 swd2=2.280e-03 bp_cov=(0.00,0.00,0.00) (4s)
[transfer:gold_n64_strong_y0_lam0.5_s0] remy100 s=0: mmd2=6.122e-03 swd2=2.056e-04 bp_cov=(0.03,0.11,0.26) (8s)
[transfer:gold_n64_strong_y0_lam0.5_s0] remy100 s=1: mmd2=5.792e-03 swd2=2.298e-04 bp_cov=(0.04,0.13,0.25) (7s)
[transfer:gold_n64_strong_y0_lam0.5_s0] remy100 s=2: mmd2=5.959e-03 swd2=2.203e-04 bp_cov=(0.04,0.18,0.21) (7s)
[transfer:gold_n64_strong_y0_lam0.5_s0] remy100 s=3: mmd2=5.752e-03 swd2=2.258e-04 bp_cov=(0.05,0.14,0.29) (7s)
[transfer:gold_n64_strong_y0_lam0.5_s0] remy100 s=4: mmd2=5.810e-03 swd2=2.067e-04 bp_cov=(0.04,0.16,0.31) (7s)
[transfer:gold_n64_strong_y0_lam0.5_s0] terminal_is s=0: mmd2=1.607e+00 swd2=1.229e+00 bp_cov=(0.00,0.00,0.00) (4s)
[transfer:gold_n64_strong_y0_lam0.5_s0] terminal_is s=1: mmd2=1.607e+00 swd2=1.035e+00 bp_cov=(0.00,0.00,0.00) (0s)
[transfer:gold_n64_strong_y0_lam0.5_s0] terminal_is s=2: mmd2=1.607e+00 swd2=9.236e-01 bp_cov=(0.00,0.00,0.00) (0s)
[transfer:gold_n64_strong_y0_lam0.5_s0] terminal_is s=3: mmd2=1.607e+00 swd2=1.283e+00 bp_cov=(0.00,0.00,0.00) (1s)
[transfer:gold_n64_strong_y0_lam0.5_s0] terminal_is s=4: mmd2=1.607e+00 swd2=9.764e-01 bp_cov=(0.00,0.00,0.00) (0s)
LAM STRONG DONE 01:30
[transfer:gold_n64_mid_y0_lam0.08_s0] 5 floor rows
E0705 01:43:39.651489 2724798 slow_operation_alarm.cc:73] Constant folding an instruction is taking > 1s:

  %scatter-add.137 = f64[256,4096]{1,0} scatter(%broadcast.26, %constant.43, %broadcast.52), update_window_dims={1,2}, inserted_window_dims={}, scatter_dims_to_operand_dims={1}, index_vector_dim=1, to_apply=%region_12.15, metadata={op_name="jit(guid_grad)/transpose(jvp())/scatter-add" stack_frame_id=13}

This isn't necessarily a bug; constant-folding is inherently a trade-off between compilation time and speed at runtime. XLA has some guards that attempt to keep constant folding from taking too long, but fundamentally you'll always be able to come up with an input program that takes a long time.

If you'd like to file a bug, run with envvar XLA_FLAGS=--xla_dump_to=/tmp/foo and attach the results.
E0705 01:43:39.867458 2724148 slow_operation_alarm.cc:140] The operation took 1.216247937s
Constant folding an instruction is taking > 1s:

  %scatter-add.137 = f64[256,4096]{1,0} scatter(%broadcast.26, %constant.43, %broadcast.52), update_window_dims={1,2}, inserted_window_dims={}, scatter_dims_to_operand_dims={1}, index_vector_dim=1, to_apply=%region_12.15, metadata={op_name="jit(guid_grad)/transpose(jvp())/scatter-add" stack_frame_id=13}

This isn't necessarily a bug; constant-folding is inherently a trade-off between compilation time and speed at runtime. XLA has some guards that attempt to keep constant folding from taking too long, but fundamentally you'll always be able to come up with an input program that takes a long time.

If you'd like to file a bug, run with envvar XLA_FLAGS=--xla_dump_to=/tmp/foo and attach the results.
[transfer:gold_n64_mid_y0_lam0.08_s0] dps s=0: mmd2=7.653e-02 swd2=3.194e-03 bp_cov=(0.74,0.04,0.00) (6s)
[transfer:gold_n64_mid_y0_lam0.08_s0] dps s=1: mmd2=7.612e-02 swd2=3.074e-03 bp_cov=(0.78,0.05,0.00) (3s)
[transfer:gold_n64_mid_y0_lam0.08_s0] dps s=2: mmd2=7.697e-02 swd2=3.125e-03 bp_cov=(0.76,0.05,0.00) (3s)
[transfer:gold_n64_mid_y0_lam0.08_s0] dps s=3: mmd2=7.679e-02 swd2=3.159e-03 bp_cov=(0.76,0.02,0.00) (3s)
[transfer:gold_n64_mid_y0_lam0.08_s0] dps s=4: mmd2=7.667e-02 swd2=3.169e-03 bp_cov=(0.74,0.04,0.00) (3s)
[transfer:gold_n64_mid_y0_lam0.08_s0] dps_inflated s=0: mmd2=2.000e-03 swd2=2.528e-04 bp_cov=(0.59,0.61,0.39) (3s)
[transfer:gold_n64_mid_y0_lam0.08_s0] dps_inflated s=1: mmd2=2.112e-03 swd2=2.172e-04 bp_cov=(0.69,0.59,0.43) (3s)
[transfer:gold_n64_mid_y0_lam0.08_s0] dps_inflated s=2: mmd2=2.067e-03 swd2=2.141e-04 bp_cov=(0.62,0.68,0.46) (3s)
[transfer:gold_n64_mid_y0_lam0.08_s0] dps_inflated s=3: mmd2=1.997e-03 swd2=2.097e-04 bp_cov=(0.55,0.62,0.42) (3s)
[transfer:gold_n64_mid_y0_lam0.08_s0] dps_inflated s=4: mmd2=2.160e-03 swd2=2.186e-04 bp_cov=(0.64,0.59,0.45) (3s)
[transfer:gold_n64_mid_y0_lam0.08_s0] remy5 s=0: mmd2=2.511e-01 swd2=1.175e-02 bp_cov=(0.53,0.05,0.00) (4s)
[transfer:gold_n64_mid_y0_lam0.08_s0] remy5 s=1: mmd2=2.519e-01 swd2=1.185e-02 bp_cov=(0.54,0.07,0.00) (3s)
[transfer:gold_n64_mid_y0_lam0.08_s0] remy5 s=2: mmd2=2.523e-01 swd2=1.211e-02 bp_cov=(0.55,0.09,0.00) (3s)
[transfer:gold_n64_mid_y0_lam0.08_s0] remy5 s=3: mmd2=2.525e-01 swd2=1.190e-02 bp_cov=(0.55,0.09,0.00) (3s)
[transfer:gold_n64_mid_y0_lam0.08_s0] remy5 s=4: mmd2=2.517e-01 swd2=1.172e-02 bp_cov=(0.62,0.05,0.00) (3s)
[transfer:gold_n64_mid_y0_lam0.08_s0] remy30 s=0: mmd2=2.933e-03 swd2=2.096e-04 bp_cov=(0.61,0.68,0.54) (5s)
[transfer:gold_n64_mid_y0_lam0.08_s0] remy30 s=1: mmd2=2.919e-03 swd2=2.468e-04 bp_cov=(0.68,0.68,0.52) (5s)
[transfer:gold_n64_mid_y0_lam0.08_s0] remy30 s=2: mmd2=2.842e-03 swd2=1.978e-04 bp_cov=(0.66,0.67,0.58) (5s)
[transfer:gold_n64_mid_y0_lam0.08_s0] remy30 s=3: mmd2=2.823e-03 swd2=1.863e-04 bp_cov=(0.61,0.65,0.52) (4s)
[transfer:gold_n64_mid_y0_lam0.08_s0] remy30 s=4: mmd2=2.854e-03 swd2=2.017e-04 bp_cov=(0.68,0.68,0.51) (5s)
[transfer:gold_n64_mid_y0_lam0.08_s0] remy100 s=0: mmd2=-8.479e-06 swd2=1.275e-04 bp_cov=(0.66,0.65,0.68) (8s)
[transfer:gold_n64_mid_y0_lam0.08_s0] remy100 s=1: mmd2=-4.271e-05 swd2=1.284e-04 bp_cov=(0.66,0.70,0.64) (7s)
[transfer:gold_n64_mid_y0_lam0.08_s0] remy100 s=2: mmd2=3.227e-05 swd2=1.272e-04 bp_cov=(0.66,0.63,0.67) (7s)
[transfer:gold_n64_mid_y0_lam0.08_s0] remy100 s=3: mmd2=6.640e-05 swd2=1.411e-04 bp_cov=(0.65,0.64,0.62) (7s)
[transfer:gold_n64_mid_y0_lam0.08_s0] remy100 s=4: mmd2=6.296e-05 swd2=1.318e-04 bp_cov=(0.68,0.64,0.69) (7s)
[transfer:gold_n64_mid_y0_lam0.08_s0] terminal_is s=0: mmd2=1.606e+00 swd2=9.690e-01 bp_cov=(0.00,0.00,0.00) (4s)
[transfer:gold_n64_mid_y0_lam0.08_s0] terminal_is s=1: mmd2=1.606e+00 swd2=8.691e-01 bp_cov=(0.00,0.00,0.00) (0s)
[transfer:gold_n64_mid_y0_lam0.08_s0] terminal_is s=2: mmd2=1.606e+00 swd2=7.941e-01 bp_cov=(0.00,0.00,0.00) (1s)
[transfer:gold_n64_mid_y0_lam0.08_s0] terminal_is s=3: mmd2=1.606e+00 swd2=9.052e-01 bp_cov=(0.00,1.00,0.00) (0s)
[transfer:gold_n64_mid_y0_lam0.08_s0] terminal_is s=4: mmd2=1.606e+00 swd2=9.602e-01 bp_cov=(0.00,1.00,0.00) (0s)
