[transfer:gold_n64_mid_y0_lam0.3143_s0] 5 floor rows
E0705 01:38:05.723128 2703399 slow_operation_alarm.cc:73] Constant folding an instruction is taking > 1s:

  %scatter-add.137 = f64[256,4096]{1,0} scatter(%broadcast.26, %constant.43, %broadcast.52), update_window_dims={1,2}, inserted_window_dims={}, scatter_dims_to_operand_dims={1}, index_vector_dim=1, to_apply=%region_12.15, metadata={op_name="jit(guid_grad)/transpose(jvp())/scatter-add" stack_frame_id=13}

This isn't necessarily a bug; constant-folding is inherently a trade-off between compilation time and speed at runtime. XLA has some guards that attempt to keep constant folding from taking too long, but fundamentally you'll always be able to come up with an input program that takes a long time.

If you'd like to file a bug, run with envvar XLA_FLAGS=--xla_dump_to=/tmp/foo and attach the results.
E0705 01:38:05.952635 2702908 slow_operation_alarm.cc:140] The operation took 1.229781234s
Constant folding an instruction is taking > 1s:

  %scatter-add.137 = f64[256,4096]{1,0} scatter(%broadcast.26, %constant.43, %broadcast.52), update_window_dims={1,2}, inserted_window_dims={}, scatter_dims_to_operand_dims={1}, index_vector_dim=1, to_apply=%region_12.15, metadata={op_name="jit(guid_grad)/transpose(jvp())/scatter-add" stack_frame_id=13}

This isn't necessarily a bug; constant-folding is inherently a trade-off between compilation time and speed at runtime. XLA has some guards that attempt to keep constant folding from taking too long, but fundamentally you'll always be able to come up with an input program that takes a long time.

If you'd like to file a bug, run with envvar XLA_FLAGS=--xla_dump_to=/tmp/foo and attach the results.
[transfer:gold_n64_mid_y0_lam0.3143_s0] dps s=5: mmd2=6.917e-02 swd2=2.946e-03 bp_cov=(0.65,0.00,0.00) (6s)
[transfer:gold_n64_mid_y0_lam0.3143_s0] dps s=6: mmd2=6.930e-02 swd2=2.755e-03 bp_cov=(0.71,0.02,0.00) (3s)
[transfer:gold_n64_mid_y0_lam0.3143_s0] dps s=7: mmd2=6.867e-02 swd2=2.782e-03 bp_cov=(0.66,0.01,0.00) (3s)
[transfer:gold_n64_mid_y0_lam0.3143_s0] dps s=8: mmd2=6.856e-02 swd2=2.932e-03 bp_cov=(0.65,0.02,0.00) (3s)
[transfer:gold_n64_mid_y0_lam0.3143_s0] dps s=9: mmd2=6.892e-02 swd2=2.811e-03 bp_cov=(0.65,0.01,0.00) (3s)
[transfer:gold_n64_mid_y0_lam0.3143_s0] dps_inflated s=5: mmd2=2.507e-02 swd2=1.132e-03 bp_cov=(0.22,0.09,0.66) (3s)
[transfer:gold_n64_mid_y0_lam0.3143_s0] dps_inflated s=6: mmd2=2.478e-02 swd2=1.206e-03 bp_cov=(0.16,0.14,0.69) (3s)
[transfer:gold_n64_mid_y0_lam0.3143_s0] dps_inflated s=7: mmd2=2.495e-02 swd2=1.155e-03 bp_cov=(0.18,0.11,0.65) (3s)
[transfer:gold_n64_mid_y0_lam0.3143_s0] dps_inflated s=8: mmd2=2.548e-02 swd2=1.153e-03 bp_cov=(0.18,0.11,0.66) (3s)
[transfer:gold_n64_mid_y0_lam0.3143_s0] dps_inflated s=9: mmd2=2.570e-02 swd2=1.212e-03 bp_cov=(0.21,0.07,0.71) (3s)
[transfer:gold_n64_mid_y0_lam0.3143_s0] remy5 s=5: mmd2=2.557e-01 swd2=1.245e-02 bp_cov=(0.16,0.00,0.00) (3s)
[transfer:gold_n64_mid_y0_lam0.3143_s0] remy5 s=6: mmd2=2.556e-01 swd2=1.245e-02 bp_cov=(0.12,0.01,0.00) (3s)
[transfer:gold_n64_mid_y0_lam0.3143_s0] remy5 s=7: mmd2=2.564e-01 swd2=1.280e-02 bp_cov=(0.14,0.00,0.00) (3s)
[transfer:gold_n64_mid_y0_lam0.3143_s0] remy5 s=8: mmd2=2.566e-01 swd2=1.249e-02 bp_cov=(0.14,0.00,0.00) (3s)
[transfer:gold_n64_mid_y0_lam0.3143_s0] remy5 s=9: mmd2=2.559e-01 swd2=1.252e-02 bp_cov=(0.11,0.00,0.00) (3s)
[transfer:gold_n64_mid_y0_lam0.3143_s0] remy30 s=5: mmd2=3.256e-03 swd2=2.496e-04 bp_cov=(0.64,0.58,0.55) (5s)
[transfer:gold_n64_mid_y0_lam0.3143_s0] remy30 s=6: mmd2=3.403e-03 swd2=2.656e-04 bp_cov=(0.64,0.60,0.63) (4s)
[transfer:gold_n64_mid_y0_lam0.3143_s0] remy30 s=7: mmd2=3.388e-03 swd2=2.581e-04 bp_cov=(0.60,0.58,0.51) (4s)
[transfer:gold_n64_mid_y0_lam0.3143_s0] remy30 s=8: mmd2=3.495e-03 swd2=2.422e-04 bp_cov=(0.62,0.61,0.57) (4s)
[transfer:gold_n64_mid_y0_lam0.3143_s0] remy30 s=9: mmd2=3.433e-03 swd2=2.261e-04 bp_cov=(0.61,0.57,0.59) (4s)
[transfer:gold_n64_mid_y0_lam0.3143_s0] remy100 s=5: mmd2=6.771e-05 swd2=1.228e-04 bp_cov=(0.66,0.65,0.66) (8s)
[transfer:gold_n64_mid_y0_lam0.3143_s0] remy100 s=6: mmd2=1.213e-04 swd2=1.275e-04 bp_cov=(0.65,0.68,0.64) (7s)
[transfer:gold_n64_mid_y0_lam0.3143_s0] remy100 s=7: mmd2=6.083e-05 swd2=1.266e-04 bp_cov=(0.67,0.66,0.66) (7s)
[transfer:gold_n64_mid_y0_lam0.3143_s0] remy100 s=8: mmd2=2.503e-05 swd2=1.439e-04 bp_cov=(0.68,0.65,0.68) (7s)
[transfer:gold_n64_mid_y0_lam0.3143_s0] remy100 s=9: mmd2=4.193e-05 swd2=1.345e-04 bp_cov=(0.68,0.68,0.65) (7s)
[transfer:gold_n64_mid_y0_lam0.3143_s0] terminal_is s=5: mmd2=1.607e+00 swd2=7.959e-01 bp_cov=(0.00,0.00,0.00) (3s)
[transfer:gold_n64_mid_y0_lam0.3143_s0] terminal_is s=6: mmd2=1.607e+00 swd2=1.064e+00 bp_cov=(0.00,0.00,0.00) (1s)
[transfer:gold_n64_mid_y0_lam0.3143_s0] terminal_is s=7: mmd2=1.607e+00 swd2=7.882e-01 bp_cov=(0.00,0.00,0.00) (1s)
[transfer:gold_n64_mid_y0_lam0.3143_s0] terminal_is s=8: mmd2=1.607e+00 swd2=9.811e-01 bp_cov=(0.00,0.00,0.00) (1s)
[transfer:gold_n64_mid_y0_lam0.3143_s0] terminal_is s=9: mmd2=1.607e+00 swd2=6.724e-01 bp_cov=(0.00,0.00,0.00) (1s)
[transfer:gold_n64_mid_y1_lam0.3143_s0] 5 floor rows
E0705 01:41:14.203785 2714904 slow_operation_alarm.cc:73] Constant folding an instruction is taking > 1s:

  %scatter-add.137 = f64[256,4096]{1,0} scatter(%broadcast.26, %constant.43, %broadcast.52), update_window_dims={1,2}, inserted_window_dims={}, scatter_dims_to_operand_dims={1}, index_vector_dim=1, to_apply=%region_12.15, metadata={op_name="jit(guid_grad)/transpose(jvp())/scatter-add" stack_frame_id=13}

This isn't necessarily a bug; constant-folding is inherently a trade-off between compilation time and speed at runtime. XLA has some guards that attempt to keep constant folding from taking too long, but fundamentally you'll always be able to come up with an input program that takes a long time.

If you'd like to file a bug, run with envvar XLA_FLAGS=--xla_dump_to=/tmp/foo and attach the results.
E0705 01:41:14.400034 2714375 slow_operation_alarm.cc:140] The operation took 1.196382841s
Constant folding an instruction is taking > 1s:

  %scatter-add.137 = f64[256,4096]{1,0} scatter(%broadcast.26, %constant.43, %broadcast.52), update_window_dims={1,2}, inserted_window_dims={}, scatter_dims_to_operand_dims={1}, index_vector_dim=1, to_apply=%region_12.15, metadata={op_name="jit(guid_grad)/transpose(jvp())/scatter-add" stack_frame_id=13}

This isn't necessarily a bug; constant-folding is inherently a trade-off between compilation time and speed at runtime. XLA has some guards that attempt to keep constant folding from taking too long, but fundamentally you'll always be able to come up with an input program that takes a long time.

If you'd like to file a bug, run with envvar XLA_FLAGS=--xla_dump_to=/tmp/foo and attach the results.
[transfer:gold_n64_mid_y1_lam0.3143_s0] dps s=5: mmd2=7.869e-02 swd2=3.440e-03 bp_cov=(0.70,0.00,0.00) (6s)
[transfer:gold_n64_mid_y1_lam0.3143_s0] dps s=6: mmd2=7.837e-02 swd2=3.518e-03 bp_cov=(0.68,0.00,0.00) (3s)
[transfer:gold_n64_mid_y1_lam0.3143_s0] dps s=7: mmd2=7.953e-02 swd2=3.571e-03 bp_cov=(0.65,0.00,0.00) (3s)
[transfer:gold_n64_mid_y1_lam0.3143_s0] dps s=8: mmd2=7.909e-02 swd2=3.414e-03 bp_cov=(0.72,0.00,0.00) (3s)
[transfer:gold_n64_mid_y1_lam0.3143_s0] dps s=9: mmd2=7.805e-02 swd2=3.465e-03 bp_cov=(0.69,0.00,0.00) (3s)
[transfer:gold_n64_mid_y1_lam0.3143_s0] dps_inflated s=5: mmd2=7.850e-02 swd2=5.699e-03 bp_cov=(0.09,0.00,0.00) (3s)
[transfer:gold_n64_mid_y1_lam0.3143_s0] dps_inflated s=6: mmd2=7.750e-02 swd2=5.782e-03 bp_cov=(0.12,0.00,0.00) (3s)
[transfer:gold_n64_mid_y1_lam0.3143_s0] dps_inflated s=7: mmd2=7.761e-02 swd2=5.717e-03 bp_cov=(0.13,0.00,0.00) (3s)
[transfer:gold_n64_mid_y1_lam0.3143_s0] dps_inflated s=8: mmd2=7.692e-02 swd2=5.550e-03 bp_cov=(0.14,0.00,0.00) (3s)
[transfer:gold_n64_mid_y1_lam0.3143_s0] dps_inflated s=9: mmd2=7.777e-02 swd2=5.304e-03 bp_cov=(0.10,0.00,0.00) (4s)
[transfer:gold_n64_mid_y1_lam0.3143_s0] remy5 s=5: mmd2=2.465e-01 swd2=1.486e-02 bp_cov=(0.02,0.00,0.00) (4s)
[transfer:gold_n64_mid_y1_lam0.3143_s0] remy5 s=6: mmd2=2.494e-01 swd2=1.491e-02 bp_cov=(0.01,0.00,0.00) (3s)
[transfer:gold_n64_mid_y1_lam0.3143_s0] remy5 s=7: mmd2=2.480e-01 swd2=1.549e-02 bp_cov=(0.01,0.00,0.00) (3s)
[transfer:gold_n64_mid_y1_lam0.3143_s0] remy5 s=8: mmd2=2.486e-01 swd2=1.539e-02 bp_cov=(0.01,0.00,0.00) (3s)
[transfer:gold_n64_mid_y1_lam0.3143_s0] remy5 s=9: mmd2=2.485e-01 swd2=1.529e-02 bp_cov=(0.01,0.00,0.00) (3s)
[transfer:gold_n64_mid_y1_lam0.3143_s0] remy30 s=5: mmd2=5.183e-03 swd2=3.884e-04 bp_cov=(0.50,0.38,0.67) (5s)
[transfer:gold_n64_mid_y1_lam0.3143_s0] remy30 s=6: mmd2=5.221e-03 swd2=3.917e-04 bp_cov=(0.46,0.43,0.68) (4s)
[transfer:gold_n64_mid_y1_lam0.3143_s0] remy30 s=7: mmd2=5.047e-03 swd2=3.666e-04 bp_cov=(0.46,0.38,0.62) (4s)
[transfer:gold_n64_mid_y1_lam0.3143_s0] remy30 s=8: mmd2=5.457e-03 swd2=4.170e-04 bp_cov=(0.49,0.41,0.60) (4s)
[transfer:gold_n64_mid_y1_lam0.3143_s0] remy30 s=9: mmd2=5.496e-03 swd2=4.439e-04 bp_cov=(0.48,0.36,0.70) (4s)
[transfer:gold_n64_mid_y1_lam0.3143_s0] remy100 s=5: mmd2=1.673e-04 swd2=1.575e-04 bp_cov=(0.66,0.66,0.66) (7s)
[transfer:gold_n64_mid_y1_lam0.3143_s0] remy100 s=6: mmd2=2.254e-04 swd2=1.578e-04 bp_cov=(0.61,0.69,0.68) (7s)
[transfer:gold_n64_mid_y1_lam0.3143_s0] remy100 s=7: mmd2=9.679e-05 swd2=1.580e-04 bp_cov=(0.68,0.67,0.62) (7s)
[transfer:gold_n64_mid_y1_lam0.3143_s0] remy100 s=8: mmd2=8.950e-05 swd2=1.671e-04 bp_cov=(0.70,0.67,0.68) (7s)
[transfer:gold_n64_mid_y1_lam0.3143_s0] remy100 s=9: mmd2=2.325e-04 swd2=1.610e-04 bp_cov=(0.68,0.69,0.61) (7s)
[transfer:gold_n64_mid_y1_lam0.3143_s0] terminal_is s=5: mmd2=1.607e+00 swd2=1.125e+00 bp_cov=(0.00,0.00,0.00) (4s)
[transfer:gold_n64_mid_y1_lam0.3143_s0] terminal_is s=6: mmd2=1.607e+00 swd2=7.990e-01 bp_cov=(0.00,0.00,0.00) (0s)
[transfer:gold_n64_mid_y1_lam0.3143_s0] terminal_is s=7: mmd2=1.607e+00 swd2=9.358e-01 bp_cov=(0.00,0.00,0.00) (1s)
[transfer:gold_n64_mid_y1_lam0.3143_s0] terminal_is s=8: mmd2=1.607e+00 swd2=8.519e-01 bp_cov=(0.00,0.00,0.00) (1s)
[transfer:gold_n64_mid_y1_lam0.3143_s0] terminal_is s=9: mmd2=1.607e+00 swd2=1.079e+00 bp_cov=(0.00,0.00,0.00) (0s)
[transfer:gold_n64_mid_y2_lam0.3143_s0] 5 floor rows
E0705 01:44:22.677973 2728088 slow_operation_alarm.cc:73] Constant folding an instruction is taking > 1s:

  %scatter-add.137 = f64[256,4096]{1,0} scatter(%broadcast.26, %constant.43, %broadcast.52), update_window_dims={1,2}, inserted_window_dims={}, scatter_dims_to_operand_dims={1}, index_vector_dim=1, to_apply=%region_12.15, metadata={op_name="jit(guid_grad)/transpose(jvp())/scatter-add" stack_frame_id=13}

This isn't necessarily a bug; constant-folding is inherently a trade-off between compilation time and speed at runtime. XLA has some guards that attempt to keep constant folding from taking too long, but fundamentally you'll always be able to come up with an input program that takes a long time.

If you'd like to file a bug, run with envvar XLA_FLAGS=--xla_dump_to=/tmp/foo and attach the results.
E0705 01:44:22.869881 2727652 slow_operation_alarm.cc:140] The operation took 1.192013854s
Constant folding an instruction is taking > 1s:

  %scatter-add.137 = f64[256,4096]{1,0} scatter(%broadcast.26, %constant.43, %broadcast.52), update_window_dims={1,2}, inserted_window_dims={}, scatter_dims_to_operand_dims={1}, index_vector_dim=1, to_apply=%region_12.15, metadata={op_name="jit(guid_grad)/transpose(jvp())/scatter-add" stack_frame_id=13}

This isn't necessarily a bug; constant-folding is inherently a trade-off between compilation time and speed at runtime. XLA has some guards that attempt to keep constant folding from taking too long, but fundamentally you'll always be able to come up with an input program that takes a long time.

If you'd like to file a bug, run with envvar XLA_FLAGS=--xla_dump_to=/tmp/foo and attach the results.
[transfer:gold_n64_mid_y2_lam0.3143_s0] dps s=5: mmd2=6.104e-02 swd2=3.145e-03 bp_cov=(0.52,0.01,0.00) (6s)
[transfer:gold_n64_mid_y2_lam0.3143_s0] dps s=6: mmd2=6.192e-02 swd2=3.309e-03 bp_cov=(0.50,0.00,0.00) (3s)
[transfer:gold_n64_mid_y2_lam0.3143_s0] dps s=7: mmd2=6.149e-02 swd2=3.014e-03 bp_cov=(0.50,0.01,0.00) (3s)
[transfer:gold_n64_mid_y2_lam0.3143_s0] dps s=8: mmd2=6.182e-02 swd2=3.105e-03 bp_cov=(0.49,0.01,0.00) (3s)
[transfer:gold_n64_mid_y2_lam0.3143_s0] dps s=9: mmd2=6.133e-02 swd2=2.967e-03 bp_cov=(0.49,0.00,0.00) (3s)
[transfer:gold_n64_mid_y2_lam0.3143_s0] dps_inflated s=5: mmd2=1.137e-01 swd2=5.669e-03 bp_cov=(0.02,0.00,0.17) (3s)
[transfer:gold_n64_mid_y2_lam0.3143_s0] dps_inflated s=6: mmd2=1.133e-01 swd2=5.387e-03 bp_cov=(0.05,0.00,0.19) (3s)
[transfer:gold_n64_mid_y2_lam0.3143_s0] dps_inflated s=7: mmd2=1.150e-01 swd2=5.515e-03 bp_cov=(0.02,0.00,0.21) (3s)
[transfer:gold_n64_mid_y2_lam0.3143_s0] dps_inflated s=8: mmd2=1.078e-01 swd2=5.404e-03 bp_cov=(0.04,0.00,0.18) (3s)
[transfer:gold_n64_mid_y2_lam0.3143_s0] dps_inflated s=9: mmd2=1.082e-01 swd2=5.264e-03 bp_cov=(0.01,0.00,0.14) (4s)
[transfer:gold_n64_mid_y2_lam0.3143_s0] remy5 s=5: mmd2=2.536e-01 swd2=1.538e-02 bp_cov=(0.00,0.00,0.00) (4s)
[transfer:gold_n64_mid_y2_lam0.3143_s0] remy5 s=6: mmd2=2.560e-01 swd2=1.529e-02 bp_cov=(0.00,0.00,0.00) (3s)
[transfer:gold_n64_mid_y2_lam0.3143_s0] remy5 s=7: mmd2=2.520e-01 swd2=1.545e-02 bp_cov=(0.00,0.00,0.00) (3s)
[transfer:gold_n64_mid_y2_lam0.3143_s0] remy5 s=8: mmd2=2.534e-01 swd2=1.564e-02 bp_cov=(0.00,0.00,0.00) (3s)
[transfer:gold_n64_mid_y2_lam0.3143_s0] remy5 s=9: mmd2=2.534e-01 swd2=1.524e-02 bp_cov=(0.00,0.00,0.00) (3s)
[transfer:gold_n64_mid_y2_lam0.3143_s0] remy30 s=5: mmd2=5.560e-03 swd2=3.847e-04 bp_cov=(0.35,0.32,0.66) (5s)
[transfer:gold_n64_mid_y2_lam0.3143_s0] remy30 s=6: mmd2=5.721e-03 swd2=3.903e-04 bp_cov=(0.40,0.32,0.67) (4s)
[transfer:gold_n64_mid_y2_lam0.3143_s0] remy30 s=7: mmd2=5.533e-03 swd2=4.056e-04 bp_cov=(0.43,0.34,0.67) (4s)
[transfer:gold_n64_mid_y2_lam0.3143_s0] remy30 s=8: mmd2=5.718e-03 swd2=4.072e-04 bp_cov=(0.41,0.33,0.64) (5s)
[transfer:gold_n64_mid_y2_lam0.3143_s0] remy30 s=9: mmd2=5.667e-03 swd2=3.730e-04 bp_cov=(0.40,0.34,0.71) (5s)
[transfer:gold_n64_mid_y2_lam0.3143_s0] remy100 s=5: mmd2=1.054e-04 swd2=1.384e-04 bp_cov=(0.66,0.66,0.68) (8s)
[transfer:gold_n64_mid_y2_lam0.3143_s0] remy100 s=6: mmd2=5.921e-05 swd2=1.527e-04 bp_cov=(0.64,0.70,0.67) (8s)
[transfer:gold_n64_mid_y2_lam0.3143_s0] remy100 s=7: mmd2=1.884e-04 swd2=1.614e-04 bp_cov=(0.64,0.68,0.69) (7s)
[transfer:gold_n64_mid_y2_lam0.3143_s0] remy100 s=8: mmd2=1.730e-04 swd2=1.485e-04 bp_cov=(0.63,0.71,0.66) (8s)
[transfer:gold_n64_mid_y2_lam0.3143_s0] remy100 s=9: mmd2=1.919e-04 swd2=1.550e-04 bp_cov=(0.64,0.67,0.69) (7s)
[transfer:gold_n64_mid_y2_lam0.3143_s0] terminal_is s=5: mmd2=1.607e+00 swd2=1.057e+00 bp_cov=(0.00,0.00,0.00) (3s)
[transfer:gold_n64_mid_y2_lam0.3143_s0] terminal_is s=6: mmd2=1.607e+00 swd2=1.278e+00 bp_cov=(0.00,0.00,0.00) (0s)
[transfer:gold_n64_mid_y2_lam0.3143_s0] terminal_is s=7: mmd2=1.607e+00 swd2=9.842e-01 bp_cov=(0.00,0.00,0.00) (1s)
[transfer:gold_n64_mid_y2_lam0.3143_s0] terminal_is s=8: mmd2=1.607e+00 swd2=8.035e-01 bp_cov=(0.00,0.00,0.00) (1s)
[transfer:gold_n64_mid_y2_lam0.3143_s0] terminal_is s=9: mmd2=1.607e+00 swd2=1.044e+00 bp_cov=(0.00,0.00,0.00) (1s)
[transfer:gold_n64_mid_y3_lam0.3143_s0] 5 floor rows
E0705 01:47:33.088588 2741620 slow_operation_alarm.cc:73] Constant folding an instruction is taking > 1s:

  %scatter-add.137 = f64[256,4096]{1,0} scatter(%broadcast.26, %constant.43, %broadcast.52), update_window_dims={1,2}, inserted_window_dims={}, scatter_dims_to_operand_dims={1}, index_vector_dim=1, to_apply=%region_12.15, metadata={op_name="jit(guid_grad)/transpose(jvp())/scatter-add" stack_frame_id=13}

This isn't necessarily a bug; constant-folding is inherently a trade-off between compilation time and speed at runtime. XLA has some guards that attempt to keep constant folding from taking too long, but fundamentally you'll always be able to come up with an input program that takes a long time.

If you'd like to file a bug, run with envvar XLA_FLAGS=--xla_dump_to=/tmp/foo and attach the results.
E0705 01:47:33.266763 2741078 slow_operation_alarm.cc:140] The operation took 1.1783103s
Constant folding an instruction is taking > 1s:

  %scatter-add.137 = f64[256,4096]{1,0} scatter(%broadcast.26, %constant.43, %broadcast.52), update_window_dims={1,2}, inserted_window_dims={}, scatter_dims_to_operand_dims={1}, index_vector_dim=1, to_apply=%region_12.15, metadata={op_name="jit(guid_grad)/transpose(jvp())/scatter-add" stack_frame_id=13}

This isn't necessarily a bug; constant-folding is inherently a trade-off between compilation time and speed at runtime. XLA has some guards that attempt to keep constant folding from taking too long, but fundamentally you'll always be able to come up with an input program that takes a long time.

If you'd like to file a bug, run with envvar XLA_FLAGS=--xla_dump_to=/tmp/foo and attach the results.
[transfer:gold_n64_mid_y3_lam0.3143_s0] dps s=5: mmd2=7.533e-02 swd2=2.734e-03 bp_cov=(0.66,0.02,0.00) (6s)
[transfer:gold_n64_mid_y3_lam0.3143_s0] dps s=6: mmd2=7.486e-02 swd2=2.854e-03 bp_cov=(0.68,0.02,0.00) (3s)
[transfer:gold_n64_mid_y3_lam0.3143_s0] dps s=7: mmd2=7.484e-02 swd2=2.968e-03 bp_cov=(0.73,0.02,0.00) (3s)
[transfer:gold_n64_mid_y3_lam0.3143_s0] dps s=8: mmd2=7.446e-02 swd2=2.925e-03 bp_cov=(0.71,0.02,0.00) (3s)
[transfer:gold_n64_mid_y3_lam0.3143_s0] dps s=9: mmd2=7.515e-02 swd2=2.929e-03 bp_cov=(0.70,0.03,0.00) (3s)
[transfer:gold_n64_mid_y3_lam0.3143_s0] dps_inflated s=5: mmd2=2.488e-02 swd2=1.235e-03 bp_cov=(0.19,0.20,0.56) (3s)
[transfer:gold_n64_mid_y3_lam0.3143_s0] dps_inflated s=6: mmd2=2.542e-02 swd2=1.306e-03 bp_cov=(0.18,0.23,0.58) (3s)
[transfer:gold_n64_mid_y3_lam0.3143_s0] dps_inflated s=7: mmd2=2.461e-02 swd2=1.178e-03 bp_cov=(0.21,0.23,0.54) (3s)
[transfer:gold_n64_mid_y3_lam0.3143_s0] dps_inflated s=8: mmd2=2.552e-02 swd2=1.233e-03 bp_cov=(0.19,0.23,0.58) (3s)
[transfer:gold_n64_mid_y3_lam0.3143_s0] dps_inflated s=9: mmd2=2.489e-02 swd2=1.208e-03 bp_cov=(0.17,0.20,0.59) (3s)
[transfer:gold_n64_mid_y3_lam0.3143_s0] remy5 s=5: mmd2=2.347e-01 swd2=1.556e-02 bp_cov=(0.12,0.02,0.00) (4s)
[transfer:gold_n64_mid_y3_lam0.3143_s0] remy5 s=6: mmd2=2.348e-01 swd2=1.589e-02 bp_cov=(0.11,0.00,0.00) (3s)
[transfer:gold_n64_mid_y3_lam0.3143_s0] remy5 s=7: mmd2=2.343e-01 swd2=1.511e-02 bp_cov=(0.13,0.02,0.00) (3s)
[transfer:gold_n64_mid_y3_lam0.3143_s0] remy5 s=8: mmd2=2.338e-01 swd2=1.547e-02 bp_cov=(0.17,0.00,0.00) (3s)
[transfer:gold_n64_mid_y3_lam0.3143_s0] remy5 s=9: mmd2=2.344e-01 swd2=1.543e-02 bp_cov=(0.17,0.02,0.00) (3s)
[transfer:gold_n64_mid_y3_lam0.3143_s0] remy30 s=5: mmd2=2.974e-03 swd2=2.764e-04 bp_cov=(0.62,0.58,0.61) (4s)
[transfer:gold_n64_mid_y3_lam0.3143_s0] remy30 s=6: mmd2=2.995e-03 swd2=2.679e-04 bp_cov=(0.58,0.57,0.58) (5s)
[transfer:gold_n64_mid_y3_lam0.3143_s0] remy30 s=7: mmd2=2.883e-03 swd2=2.788e-04 bp_cov=(0.62,0.55,0.62) (4s)
[transfer:gold_n64_mid_y3_lam0.3143_s0] remy30 s=8: mmd2=3.002e-03 swd2=2.395e-04 bp_cov=(0.64,0.62,0.57) (4s)
[transfer:gold_n64_mid_y3_lam0.3143_s0] remy30 s=9: mmd2=2.986e-03 swd2=2.579e-04 bp_cov=(0.62,0.66,0.55) (4s)
[transfer:gold_n64_mid_y3_lam0.3143_s0] remy100 s=5: mmd2=9.646e-05 swd2=1.430e-04 bp_cov=(0.65,0.63,0.68) (7s)
[transfer:gold_n64_mid_y3_lam0.3143_s0] remy100 s=6: mmd2=7.118e-05 swd2=1.438e-04 bp_cov=(0.64,0.66,0.66) (7s)
[transfer:gold_n64_mid_y3_lam0.3143_s0] remy100 s=7: mmd2=4.532e-05 swd2=1.192e-04 bp_cov=(0.64,0.63,0.63) (8s)
[transfer:gold_n64_mid_y3_lam0.3143_s0] remy100 s=8: mmd2=7.863e-05 swd2=1.331e-04 bp_cov=(0.76,0.64,0.71) (7s)
[transfer:gold_n64_mid_y3_lam0.3143_s0] remy100 s=9: mmd2=3.537e-05 swd2=1.489e-04 bp_cov=(0.68,0.66,0.66) (8s)
[transfer:gold_n64_mid_y3_lam0.3143_s0] terminal_is s=5: mmd2=1.607e+00 swd2=9.499e-01 bp_cov=(0.00,0.00,0.00) (4s)
[transfer:gold_n64_mid_y3_lam0.3143_s0] terminal_is s=6: mmd2=1.607e+00 swd2=9.521e-01 bp_cov=(0.00,0.00,0.00) (1s)
[transfer:gold_n64_mid_y3_lam0.3143_s0] terminal_is s=7: mmd2=1.607e+00 swd2=9.832e-01 bp_cov=(0.00,0.00,0.00) (0s)
[transfer:gold_n64_mid_y3_lam0.3143_s0] terminal_is s=8: mmd2=1.607e+00 swd2=7.490e-01 bp_cov=(0.00,0.00,0.00) (1s)
[transfer:gold_n64_mid_y3_lam0.3143_s0] terminal_is s=9: mmd2=1.607e+00 swd2=7.424e-01 bp_cov=(0.00,0.00,0.00) (1s)
[transfer:gold_n64_strong_y0_lam0.3143_s0] 5 floor rows
E0705 01:50:46.853757 2754641 slow_operation_alarm.cc:73] Constant folding an instruction is taking > 1s:

  %scatter-add.137 = f64[256,4096]{1,0} scatter(%broadcast.26, %constant.43, %broadcast.52), update_window_dims={1,2}, inserted_window_dims={}, scatter_dims_to_operand_dims={1}, index_vector_dim=1, to_apply=%region_12.15, metadata={op_name="jit(guid_grad)/transpose(jvp())/scatter-add" stack_frame_id=13}

This isn't necessarily a bug; constant-folding is inherently a trade-off between compilation time and speed at runtime. XLA has some guards that attempt to keep constant folding from taking too long, but fundamentally you'll always be able to come up with an input program that takes a long time.

If you'd like to file a bug, run with envvar XLA_FLAGS=--xla_dump_to=/tmp/foo and attach the results.
E0705 01:50:47.059366 2754149 slow_operation_alarm.cc:140] The operation took 1.205882427s
Constant folding an instruction is taking > 1s:

  %scatter-add.137 = f64[256,4096]{1,0} scatter(%broadcast.26, %constant.43, %broadcast.52), update_window_dims={1,2}, inserted_window_dims={}, scatter_dims_to_operand_dims={1}, index_vector_dim=1, to_apply=%region_12.15, metadata={op_name="jit(guid_grad)/transpose(jvp())/scatter-add" stack_frame_id=13}

This isn't necessarily a bug; constant-folding is inherently a trade-off between compilation time and speed at runtime. XLA has some guards that attempt to keep constant folding from taking too long, but fundamentally you'll always be able to come up with an input program that takes a long time.

If you'd like to file a bug, run with envvar XLA_FLAGS=--xla_dump_to=/tmp/foo and attach the results.
[transfer:gold_n64_strong_y0_lam0.3143_s0] dps s=5: mmd2=1.859e-01 swd2=5.611e-03 bp_cov=(0.00,0.13,0.01) (6s)
[transfer:gold_n64_strong_y0_lam0.3143_s0] dps s=6: mmd2=1.866e-01 swd2=5.661e-03 bp_cov=(0.00,0.12,0.01) (3s)
[transfer:gold_n64_strong_y0_lam0.3143_s0] dps s=7: mmd2=1.918e-01 swd2=5.756e-03 bp_cov=(0.00,0.11,0.02) (3s)
[transfer:gold_n64_strong_y0_lam0.3143_s0] dps s=8: mmd2=1.915e-01 swd2=5.854e-03 bp_cov=(0.00,0.10,0.01) (3s)
[transfer:gold_n64_strong_y0_lam0.3143_s0] dps s=9: mmd2=1.905e-01 swd2=5.544e-03 bp_cov=(0.00,0.12,0.01) (3s)
[transfer:gold_n64_strong_y0_lam0.3143_s0] dps_inflated s=5: mmd2=1.119e-01 swd2=2.542e-03 bp_cov=(0.00,0.00,0.01) (3s)
[transfer:gold_n64_strong_y0_lam0.3143_s0] dps_inflated s=6: mmd2=1.137e-01 swd2=2.542e-03 bp_cov=(0.00,0.00,0.01) (3s)
[transfer:gold_n64_strong_y0_lam0.3143_s0] dps_inflated s=7: mmd2=1.125e-01 swd2=2.552e-03 bp_cov=(0.00,0.00,0.00) (4s)
[transfer:gold_n64_strong_y0_lam0.3143_s0] dps_inflated s=8: mmd2=1.129e-01 swd2=2.480e-03 bp_cov=(0.00,0.00,0.00) (3s)
[transfer:gold_n64_strong_y0_lam0.3143_s0] dps_inflated s=9: mmd2=1.133e-01 swd2=2.447e-03 bp_cov=(0.00,0.00,0.02) (3s)
[transfer:gold_n64_strong_y0_lam0.3143_s0] remy5 s=5: mmd2=7.427e-01 swd2=4.557e-02 bp_cov=(0.00,0.00,0.00) (4s)
[transfer:gold_n64_strong_y0_lam0.3143_s0] remy5 s=6: mmd2=7.428e-01 swd2=4.518e-02 bp_cov=(0.00,0.00,0.00) (4s)
[transfer:gold_n64_strong_y0_lam0.3143_s0] remy5 s=7: mmd2=7.429e-01 swd2=4.567e-02 bp_cov=(0.00,0.00,0.00) (3s)
[transfer:gold_n64_strong_y0_lam0.3143_s0] remy5 s=8: mmd2=7.426e-01 swd2=4.522e-02 bp_cov=(0.00,0.00,0.00) (3s)
[transfer:gold_n64_strong_y0_lam0.3143_s0] remy5 s=9: mmd2=7.430e-01 swd2=4.540e-02 bp_cov=(0.00,0.00,0.00) (3s)
[transfer:gold_n64_strong_y0_lam0.3143_s0] remy30 s=5: mmd2=4.280e-02 swd2=8.920e-04 bp_cov=(0.01,0.04,0.42) (5s)
[transfer:gold_n64_strong_y0_lam0.3143_s0] remy30 s=6: mmd2=4.296e-02 swd2=9.486e-04 bp_cov=(0.00,0.03,0.41) (4s)
[transfer:gold_n64_strong_y0_lam0.3143_s0] remy30 s=7: mmd2=4.316e-02 swd2=8.244e-04 bp_cov=(0.00,0.03,0.41) (4s)
[transfer:gold_n64_strong_y0_lam0.3143_s0] remy30 s=8: mmd2=4.281e-02 swd2=8.404e-04 bp_cov=(0.00,0.03,0.46) (5s)
[transfer:gold_n64_strong_y0_lam0.3143_s0] remy30 s=9: mmd2=4.302e-02 swd2=9.209e-04 bp_cov=(0.00,0.04,0.45) (5s)
[transfer:gold_n64_strong_y0_lam0.3143_s0] remy100 s=5: mmd2=3.899e-04 swd2=7.619e-05 bp_cov=(0.57,0.59,0.66) (7s)
[transfer:gold_n64_strong_y0_lam0.3143_s0] remy100 s=6: mmd2=2.790e-04 swd2=7.500e-05 bp_cov=(0.60,0.68,0.68) (8s)
[transfer:gold_n64_strong_y0_lam0.3143_s0] remy100 s=7: mmd2=2.641e-04 swd2=6.926e-05 bp_cov=(0.54,0.64,0.65) (7s)
[transfer:gold_n64_strong_y0_lam0.3143_s0] remy100 s=8: mmd2=4.207e-04 swd2=8.038e-05 bp_cov=(0.58,0.62,0.58) (8s)
[transfer:gold_n64_strong_y0_lam0.3143_s0] remy100 s=9: mmd2=4.049e-04 swd2=7.436e-05 bp_cov=(0.59,0.57,0.64) (8s)
[transfer:gold_n64_strong_y0_lam0.3143_s0] terminal_is s=5: mmd2=1.607e+00 swd2=9.473e-01 bp_cov=(0.00,0.00,0.00) (3s)
[transfer:gold_n64_strong_y0_lam0.3143_s0] terminal_is s=6: mmd2=1.607e+00 swd2=8.403e-01 bp_cov=(0.00,0.00,0.00) (1s)
[transfer:gold_n64_strong_y0_lam0.3143_s0] terminal_is s=7: mmd2=1.607e+00 swd2=9.311e-01 bp_cov=(0.00,0.00,0.00) (1s)
[transfer:gold_n64_strong_y0_lam0.3143_s0] terminal_is s=8: mmd2=1.607e+00 swd2=1.104e+00 bp_cov=(0.00,0.00,0.00) (1s)
[transfer:gold_n64_strong_y0_lam0.3143_s0] terminal_is s=9: mmd2=1.607e+00 swd2=1.154e+00 bp_cov=(0.00,0.00,0.00) (1s)
[transfer:gold_n64_strong_y1_lam0.3143_s0] 5 floor rows
E0705 01:54:06.154996 2768029 slow_operation_alarm.cc:73] Constant folding an instruction is taking > 1s:

  %scatter-add.137 = f64[256,4096]{1,0} scatter(%broadcast.26, %constant.43, %broadcast.52), update_window_dims={1,2}, inserted_window_dims={}, scatter_dims_to_operand_dims={1}, index_vector_dim=1, to_apply=%region_12.15, metadata={op_name="jit(guid_grad)/transpose(jvp())/scatter-add" stack_frame_id=13}

This isn't necessarily a bug; constant-folding is inherently a trade-off between compilation time and speed at runtime. XLA has some guards that attempt to keep constant folding from taking too long, but fundamentally you'll always be able to come up with an input program that takes a long time.

If you'd like to file a bug, run with envvar XLA_FLAGS=--xla_dump_to=/tmp/foo and attach the results.
E0705 01:54:06.383095 2767438 slow_operation_alarm.cc:140] The operation took 1.228470856s
Constant folding an instruction is taking > 1s:

  %scatter-add.137 = f64[256,4096]{1,0} scatter(%broadcast.26, %constant.43, %broadcast.52), update_window_dims={1,2}, inserted_window_dims={}, scatter_dims_to_operand_dims={1}, index_vector_dim=1, to_apply=%region_12.15, metadata={op_name="jit(guid_grad)/transpose(jvp())/scatter-add" stack_frame_id=13}

This isn't necessarily a bug; constant-folding is inherently a trade-off between compilation time and speed at runtime. XLA has some guards that attempt to keep constant folding from taking too long, but fundamentally you'll always be able to come up with an input program that takes a long time.

If you'd like to file a bug, run with envvar XLA_FLAGS=--xla_dump_to=/tmp/foo and attach the results.
[transfer:gold_n64_strong_y1_lam0.3143_s0] dps s=5: mmd2=2.018e-01 swd2=6.246e-03 bp_cov=(0.10,0.13,0.00) (6s)
[transfer:gold_n64_strong_y1_lam0.3143_s0] dps s=6: mmd2=2.021e-01 swd2=6.289e-03 bp_cov=(0.10,0.12,0.00) (3s)
[transfer:gold_n64_strong_y1_lam0.3143_s0] dps s=7: mmd2=2.010e-01 swd2=6.245e-03 bp_cov=(0.14,0.14,0.00) (3s)
[transfer:gold_n64_strong_y1_lam0.3143_s0] dps s=8: mmd2=2.014e-01 swd2=6.213e-03 bp_cov=(0.13,0.15,0.00) (3s)
[transfer:gold_n64_strong_y1_lam0.3143_s0] dps s=9: mmd2=2.016e-01 swd2=6.190e-03 bp_cov=(0.12,0.18,0.00) (3s)
[transfer:gold_n64_strong_y1_lam0.3143_s0] dps_inflated s=5: mmd2=2.695e-01 swd2=9.600e-03 bp_cov=(0.01,0.00,0.00) (3s)
[transfer:gold_n64_strong_y1_lam0.3143_s0] dps_inflated s=6: mmd2=2.700e-01 swd2=9.625e-03 bp_cov=(0.01,0.00,0.00) (3s)
[transfer:gold_n64_strong_y1_lam0.3143_s0] dps_inflated s=7: mmd2=2.690e-01 swd2=9.471e-03 bp_cov=(0.00,0.00,0.00) (3s)
[transfer:gold_n64_strong_y1_lam0.3143_s0] dps_inflated s=8: mmd2=2.690e-01 swd2=9.288e-03 bp_cov=(0.01,0.00,0.00) (3s)
[transfer:gold_n64_strong_y1_lam0.3143_s0] dps_inflated s=9: mmd2=2.674e-01 swd2=9.461e-03 bp_cov=(0.02,0.00,0.00) (3s)
[transfer:gold_n64_strong_y1_lam0.3143_s0] remy5 s=5: mmd2=7.388e-01 swd2=6.181e-02 bp_cov=(0.00,0.00,0.00) (4s)
[transfer:gold_n64_strong_y1_lam0.3143_s0] remy5 s=6: mmd2=7.377e-01 swd2=6.168e-02 bp_cov=(0.00,0.00,0.00) (3s)
[transfer:gold_n64_strong_y1_lam0.3143_s0] remy5 s=7: mmd2=7.395e-01 swd2=6.235e-02 bp_cov=(0.00,0.00,0.00) (3s)
[transfer:gold_n64_strong_y1_lam0.3143_s0] remy5 s=8: mmd2=7.376e-01 swd2=6.177e-02 bp_cov=(0.00,0.00,0.00) (3s)
[transfer:gold_n64_strong_y1_lam0.3143_s0] remy5 s=9: mmd2=7.392e-01 swd2=6.233e-02 bp_cov=(0.00,0.00,0.00) (3s)
[transfer:gold_n64_strong_y1_lam0.3143_s0] remy30 s=5: mmd2=7.790e-02 swd2=2.097e-03 bp_cov=(0.00,0.00,0.00) (5s)
[transfer:gold_n64_strong_y1_lam0.3143_s0] remy30 s=6: mmd2=7.722e-02 swd2=2.059e-03 bp_cov=(0.00,0.00,0.00) (4s)
[transfer:gold_n64_strong_y1_lam0.3143_s0] remy30 s=7: mmd2=7.791e-02 swd2=2.100e-03 bp_cov=(0.00,0.00,0.00) (4s)
[transfer:gold_n64_strong_y1_lam0.3143_s0] remy30 s=8: mmd2=7.753e-02 swd2=2.152e-03 bp_cov=(0.00,0.00,0.00) (5s)
[transfer:gold_n64_strong_y1_lam0.3143_s0] remy30 s=9: mmd2=7.780e-02 swd2=2.082e-03 bp_cov=(0.00,0.00,0.00) (4s)
[transfer:gold_n64_strong_y1_lam0.3143_s0] remy100 s=5: mmd2=3.491e-03 swd2=1.856e-04 bp_cov=(0.17,0.37,0.36) (8s)
[transfer:gold_n64_strong_y1_lam0.3143_s0] remy100 s=6: mmd2=3.819e-03 swd2=1.635e-04 bp_cov=(0.11,0.42,0.33) (7s)
[transfer:gold_n64_strong_y1_lam0.3143_s0] remy100 s=7: mmd2=4.019e-03 swd2=1.759e-04 bp_cov=(0.14,0.31,0.36) (7s)
[transfer:gold_n64_strong_y1_lam0.3143_s0] remy100 s=8: mmd2=3.863e-03 swd2=1.692e-04 bp_cov=(0.17,0.38,0.32) (7s)
[transfer:gold_n64_strong_y1_lam0.3143_s0] remy100 s=9: mmd2=4.026e-03 swd2=1.672e-04 bp_cov=(0.19,0.31,0.32) (7s)
[transfer:gold_n64_strong_y1_lam0.3143_s0] terminal_is s=5: mmd2=1.607e+00 swd2=9.695e-01 bp_cov=(0.00,0.00,0.00) (4s)
[transfer:gold_n64_strong_y1_lam0.3143_s0] terminal_is s=6: mmd2=1.607e+00 swd2=1.159e+00 bp_cov=(0.00,0.00,0.00) (1s)
[transfer:gold_n64_strong_y1_lam0.3143_s0] terminal_is s=7: mmd2=1.607e+00 swd2=1.086e+00 bp_cov=(0.00,0.00,0.00) (1s)
[transfer:gold_n64_strong_y1_lam0.3143_s0] terminal_is s=8: mmd2=1.607e+00 swd2=9.613e-01 bp_cov=(0.00,0.00,0.00) (0s)
[transfer:gold_n64_strong_y1_lam0.3143_s0] terminal_is s=9: mmd2=1.607e+00 swd2=1.459e+00 bp_cov=(0.00,0.00,0.00) (1s)
[transfer:gold_n64_strong_y2_lam0.3143_s0] 5 floor rows
E0705 01:57:14.953590 2780493 slow_operation_alarm.cc:73] Constant folding an instruction is taking > 1s:

  %scatter-add.137 = f64[256,4096]{1,0} scatter(%broadcast.26, %constant.43, %broadcast.52), update_window_dims={1,2}, inserted_window_dims={}, scatter_dims_to_operand_dims={1}, index_vector_dim=1, to_apply=%region_12.15, metadata={op_name="jit(guid_grad)/transpose(jvp())/scatter-add" stack_frame_id=13}

This isn't necessarily a bug; constant-folding is inherently a trade-off between compilation time and speed at runtime. XLA has some guards that attempt to keep constant folding from taking too long, but fundamentally you'll always be able to come up with an input program that takes a long time.

If you'd like to file a bug, run with envvar XLA_FLAGS=--xla_dump_to=/tmp/foo and attach the results.
E0705 01:57:15.160523 2779835 slow_operation_alarm.cc:140] The operation took 1.207414064s
Constant folding an instruction is taking > 1s:

  %scatter-add.137 = f64[256,4096]{1,0} scatter(%broadcast.26, %constant.43, %broadcast.52), update_window_dims={1,2}, inserted_window_dims={}, scatter_dims_to_operand_dims={1}, index_vector_dim=1, to_apply=%region_12.15, metadata={op_name="jit(guid_grad)/transpose(jvp())/scatter-add" stack_frame_id=13}

This isn't necessarily a bug; constant-folding is inherently a trade-off between compilation time and speed at runtime. XLA has some guards that attempt to keep constant folding from taking too long, but fundamentally you'll always be able to come up with an input program that takes a long time.

If you'd like to file a bug, run with envvar XLA_FLAGS=--xla_dump_to=/tmp/foo and attach the results.
[transfer:gold_n64_strong_y2_lam0.3143_s0] dps s=5: mmd2=2.542e-01 swd2=7.586e-03 bp_cov=(0.00,0.23,0.18) (6s)
[transfer:gold_n64_strong_y2_lam0.3143_s0] dps s=6: mmd2=2.580e-01 swd2=7.549e-03 bp_cov=(0.00,0.28,0.14) (3s)
[transfer:gold_n64_strong_y2_lam0.3143_s0] dps s=7: mmd2=2.637e-01 swd2=7.845e-03 bp_cov=(0.00,0.24,0.12) (3s)
[transfer:gold_n64_strong_y2_lam0.3143_s0] dps s=8: mmd2=2.726e-01 swd2=8.080e-03 bp_cov=(0.00,0.25,0.15) (3s)
[transfer:gold_n64_strong_y2_lam0.3143_s0] dps s=9: mmd2=2.706e-01 swd2=8.115e-03 bp_cov=(0.00,0.26,0.12) (3s)
[transfer:gold_n64_strong_y2_lam0.3143_s0] dps_inflated s=5: mmd2=3.062e-01 swd2=9.086e-03 bp_cov=(0.01,0.00,0.00) (3s)
[transfer:gold_n64_strong_y2_lam0.3143_s0] dps_inflated s=6: mmd2=3.058e-01 swd2=9.175e-03 bp_cov=(0.00,0.00,0.00) (3s)
[transfer:gold_n64_strong_y2_lam0.3143_s0] dps_inflated s=7: mmd2=3.074e-01 swd2=9.081e-03 bp_cov=(0.00,0.00,0.00) (3s)
[transfer:gold_n64_strong_y2_lam0.3143_s0] dps_inflated s=8: mmd2=3.067e-01 swd2=9.030e-03 bp_cov=(0.01,0.00,0.00) (3s)
[transfer:gold_n64_strong_y2_lam0.3143_s0] dps_inflated s=9: mmd2=3.070e-01 swd2=9.120e-03 bp_cov=(0.00,0.00,0.00) (3s)
[transfer:gold_n64_strong_y2_lam0.3143_s0] remy5 s=5: mmd2=7.406e-01 swd2=6.098e-02 bp_cov=(0.00,0.00,0.00) (4s)
[transfer:gold_n64_strong_y2_lam0.3143_s0] remy5 s=6: mmd2=7.427e-01 swd2=6.106e-02 bp_cov=(0.00,0.00,0.00) (3s)
[transfer:gold_n64_strong_y2_lam0.3143_s0] remy5 s=7: mmd2=7.431e-01 swd2=6.123e-02 bp_cov=(0.00,0.00,0.00) (3s)
[transfer:gold_n64_strong_y2_lam0.3143_s0] remy5 s=8: mmd2=7.422e-01 swd2=6.077e-02 bp_cov=(0.00,0.00,0.00) (3s)
[transfer:gold_n64_strong_y2_lam0.3143_s0] remy5 s=9: mmd2=7.434e-01 swd2=6.058e-02 bp_cov=(0.00,0.00,0.00) (3s)
[transfer:gold_n64_strong_y2_lam0.3143_s0] remy30 s=5: mmd2=8.008e-02 swd2=2.054e-03 bp_cov=(0.00,0.00,0.00) (5s)
[transfer:gold_n64_strong_y2_lam0.3143_s0] remy30 s=6: mmd2=8.099e-02 swd2=2.012e-03 bp_cov=(0.00,0.00,0.00) (4s)
[transfer:gold_n64_strong_y2_lam0.3143_s0] remy30 s=7: mmd2=8.063e-02 swd2=1.994e-03 bp_cov=(0.00,0.00,0.00) (4s)
[transfer:gold_n64_strong_y2_lam0.3143_s0] remy30 s=8: mmd2=7.948e-02 swd2=1.919e-03 bp_cov=(0.00,0.00,0.00) (4s)
[transfer:gold_n64_strong_y2_lam0.3143_s0] remy30 s=9: mmd2=8.056e-02 swd2=2.038e-03 bp_cov=(0.00,0.00,0.00) (4s)
[transfer:gold_n64_strong_y2_lam0.3143_s0] remy100 s=5: mmd2=4.041e-03 swd2=1.638e-04 bp_cov=(0.12,0.36,0.35) (8s)
[transfer:gold_n64_strong_y2_lam0.3143_s0] remy100 s=6: mmd2=4.058e-03 swd2=1.396e-04 bp_cov=(0.16,0.33,0.36) (7s)
[transfer:gold_n64_strong_y2_lam0.3143_s0] remy100 s=7: mmd2=4.112e-03 swd2=1.521e-04 bp_cov=(0.16,0.32,0.33) (7s)
[transfer:gold_n64_strong_y2_lam0.3143_s0] remy100 s=8: mmd2=4.096e-03 swd2=1.572e-04 bp_cov=(0.14,0.30,0.36) (7s)
[transfer:gold_n64_strong_y2_lam0.3143_s0] remy100 s=9: mmd2=4.377e-03 swd2=1.740e-04 bp_cov=(0.13,0.29,0.36) (7s)
[transfer:gold_n64_strong_y2_lam0.3143_s0] terminal_is s=5: mmd2=1.607e+00 swd2=1.253e+00 bp_cov=(0.00,0.00,0.00) (3s)
[transfer:gold_n64_strong_y2_lam0.3143_s0] terminal_is s=6: mmd2=1.607e+00 swd2=9.834e-01 bp_cov=(0.00,0.00,0.00) (0s)
[transfer:gold_n64_strong_y2_lam0.3143_s0] terminal_is s=7: mmd2=1.607e+00 swd2=1.028e+00 bp_cov=(0.00,0.00,0.00) (0s)
[transfer:gold_n64_strong_y2_lam0.3143_s0] terminal_is s=8: mmd2=1.607e+00 swd2=1.350e+00 bp_cov=(0.00,0.00,0.00) (0s)
[transfer:gold_n64_strong_y2_lam0.3143_s0] terminal_is s=9: mmd2=1.607e+00 swd2=1.578e+00 bp_cov=(0.00,0.00,0.00) (1s)
[transfer:gold_n64_strong_y3_lam0.3143_s0] 5 floor rows
E0705 02:00:24.161041 2794019 slow_operation_alarm.cc:73] Constant folding an instruction is taking > 1s:

  %scatter-add.137 = f64[256,4096]{1,0} scatter(%broadcast.26, %constant.43, %broadcast.52), update_window_dims={1,2}, inserted_window_dims={}, scatter_dims_to_operand_dims={1}, index_vector_dim=1, to_apply=%region_12.15, metadata={op_name="jit(guid_grad)/transpose(jvp())/scatter-add" stack_frame_id=13}

This isn't necessarily a bug; constant-folding is inherently a trade-off between compilation time and speed at runtime. XLA has some guards that attempt to keep constant folding from taking too long, but fundamentally you'll always be able to come up with an input program that takes a long time.

If you'd like to file a bug, run with envvar XLA_FLAGS=--xla_dump_to=/tmp/foo and attach the results.
E0705 02:00:24.371326 2793354 slow_operation_alarm.cc:140] The operation took 1.210484376s
Constant folding an instruction is taking > 1s:

  %scatter-add.137 = f64[256,4096]{1,0} scatter(%broadcast.26, %constant.43, %broadcast.52), update_window_dims={1,2}, inserted_window_dims={}, scatter_dims_to_operand_dims={1}, index_vector_dim=1, to_apply=%region_12.15, metadata={op_name="jit(guid_grad)/transpose(jvp())/scatter-add" stack_frame_id=13}

This isn't necessarily a bug; constant-folding is inherently a trade-off between compilation time and speed at runtime. XLA has some guards that attempt to keep constant folding from taking too long, but fundamentally you'll always be able to come up with an input program that takes a long time.

If you'd like to file a bug, run with envvar XLA_FLAGS=--xla_dump_to=/tmp/foo and attach the results.
[transfer:gold_n64_strong_y3_lam0.3143_s0] dps s=5: mmd2=2.263e-01 swd2=7.605e-03 bp_cov=(0.10,0.14,0.00) (6s)
[transfer:gold_n64_strong_y3_lam0.3143_s0] dps s=6: mmd2=2.223e-01 swd2=7.212e-03 bp_cov=(0.07,0.10,0.00) (3s)
[transfer:gold_n64_strong_y3_lam0.3143_s0] dps s=7: mmd2=2.266e-01 swd2=7.532e-03 bp_cov=(0.07,0.15,0.00) (3s)
[transfer:gold_n64_strong_y3_lam0.3143_s0] dps s=8: mmd2=2.261e-01 swd2=7.712e-03 bp_cov=(0.10,0.14,0.00) (3s)
[transfer:gold_n64_strong_y3_lam0.3143_s0] dps s=9: mmd2=2.243e-01 swd2=7.593e-03 bp_cov=(0.10,0.14,0.00) (3s)
[transfer:gold_n64_strong_y3_lam0.3143_s0] dps_inflated s=5: mmd2=1.079e-01 swd2=2.641e-03 bp_cov=(0.01,0.00,0.05) (3s)
[transfer:gold_n64_strong_y3_lam0.3143_s0] dps_inflated s=6: mmd2=1.103e-01 swd2=2.655e-03 bp_cov=(0.02,0.01,0.05) (3s)
[transfer:gold_n64_strong_y3_lam0.3143_s0] dps_inflated s=7: mmd2=1.087e-01 swd2=2.780e-03 bp_cov=(0.02,0.01,0.07) (3s)
[transfer:gold_n64_strong_y3_lam0.3143_s0] dps_inflated s=8: mmd2=1.095e-01 swd2=2.660e-03 bp_cov=(0.01,0.01,0.06) (3s)
[transfer:gold_n64_strong_y3_lam0.3143_s0] dps_inflated s=9: mmd2=1.110e-01 swd2=2.748e-03 bp_cov=(0.00,0.01,0.04) (3s)
[transfer:gold_n64_strong_y3_lam0.3143_s0] remy5 s=5: mmd2=7.358e-01 swd2=5.949e-02 bp_cov=(0.00,0.00,0.00) (4s)
[transfer:gold_n64_strong_y3_lam0.3143_s0] remy5 s=6: mmd2=7.357e-01 swd2=5.996e-02 bp_cov=(0.00,0.00,0.00) (3s)
[transfer:gold_n64_strong_y3_lam0.3143_s0] remy5 s=7: mmd2=7.363e-01 swd2=5.995e-02 bp_cov=(0.00,0.00,0.00) (3s)
[transfer:gold_n64_strong_y3_lam0.3143_s0] remy5 s=8: mmd2=7.359e-01 swd2=5.957e-02 bp_cov=(0.00,0.00,0.00) (3s)
[transfer:gold_n64_strong_y3_lam0.3143_s0] remy5 s=9: mmd2=7.361e-01 swd2=5.931e-02 bp_cov=(0.00,0.00,0.00) (3s)
[transfer:gold_n64_strong_y3_lam0.3143_s0] remy30 s=5: mmd2=3.894e-02 swd2=1.060e-03 bp_cov=(0.01,0.10,0.40) (4s)
[transfer:gold_n64_strong_y3_lam0.3143_s0] remy30 s=6: mmd2=3.946e-02 swd2=1.098e-03 bp_cov=(0.01,0.08,0.46) (4s)
[transfer:gold_n64_strong_y3_lam0.3143_s0] remy30 s=7: mmd2=3.927e-02 swd2=1.168e-03 bp_cov=(0.01,0.11,0.44) (4s)
[transfer:gold_n64_strong_y3_lam0.3143_s0] remy30 s=8: mmd2=3.925e-02 swd2=1.131e-03 bp_cov=(0.01,0.06,0.46) (4s)
[transfer:gold_n64_strong_y3_lam0.3143_s0] remy30 s=9: mmd2=3.901e-02 swd2=1.146e-03 bp_cov=(0.00,0.09,0.43) (4s)
[transfer:gold_n64_strong_y3_lam0.3143_s0] remy100 s=5: mmd2=4.666e-04 swd2=7.519e-05 bp_cov=(0.51,0.62,0.67) (7s)
[transfer:gold_n64_strong_y3_lam0.3143_s0] remy100 s=6: mmd2=4.601e-04 swd2=7.821e-05 bp_cov=(0.55,0.69,0.69) (7s)
[transfer:gold_n64_strong_y3_lam0.3143_s0] remy100 s=7: mmd2=3.512e-04 swd2=8.182e-05 bp_cov=(0.53,0.65,0.64) (7s)
[transfer:gold_n64_strong_y3_lam0.3143_s0] remy100 s=8: mmd2=6.135e-04 swd2=8.193e-05 bp_cov=(0.55,0.68,0.68) (7s)
[transfer:gold_n64_strong_y3_lam0.3143_s0] remy100 s=9: mmd2=4.748e-04 swd2=8.018e-05 bp_cov=(0.52,0.61,0.70) (7s)
[transfer:gold_n64_strong_y3_lam0.3143_s0] terminal_is s=5: mmd2=1.607e+00 swd2=7.830e-01 bp_cov=(0.00,0.00,0.00) (3s)
[transfer:gold_n64_strong_y3_lam0.3143_s0] terminal_is s=6: mmd2=1.607e+00 swd2=9.793e-01 bp_cov=(0.00,0.00,0.00) (0s)
[transfer:gold_n64_strong_y3_lam0.3143_s0] terminal_is s=7: mmd2=1.607e+00 swd2=8.643e-01 bp_cov=(0.00,0.00,0.00) (0s)
[transfer:gold_n64_strong_y3_lam0.3143_s0] terminal_is s=8: mmd2=1.607e+00 swd2=8.516e-01 bp_cov=(0.00,0.00,0.00) (0s)
[transfer:gold_n64_strong_y3_lam0.3143_s0] terminal_is s=9: mmd2=1.607e+00 swd2=7.913e-01 bp_cov=(0.00,0.00,0.00) (0s)
RUNG8 DONE 02:03
