[transfer:gold_n32_mid_y0_lam0.3143_s0] 5 floor rows
[transfer:gold_n32_mid_y0_lam0.3143_s0] dps s=0: mmd2=6.890e-02 swd2=3.494e-03 bp_cov=(0.68,0.05,0.00) (4s)
[transfer:gold_n32_mid_y0_lam0.3143_s0] dps s=1: mmd2=6.889e-02 swd2=3.536e-03 bp_cov=(0.68,0.05,0.00) (1s)
[transfer:gold_n32_mid_y0_lam0.3143_s0] dps s=2: mmd2=7.003e-02 swd2=3.680e-03 bp_cov=(0.72,0.06,0.00) (1s)
[transfer:gold_n32_mid_y0_lam0.3143_s0] dps s=3: mmd2=6.917e-02 swd2=3.476e-03 bp_cov=(0.71,0.06,0.00) (2s)
[transfer:gold_n32_mid_y0_lam0.3143_s0] dps s=4: mmd2=6.931e-02 swd2=3.776e-03 bp_cov=(0.68,0.04,0.00) (1s)
[transfer:gold_n32_mid_y0_lam0.3143_s0] dps_inflated s=0: mmd2=4.272e-02 swd2=3.243e-03 bp_cov=(0.09,0.29,0.63) (2s)
[transfer:gold_n32_mid_y0_lam0.3143_s0] dps_inflated s=1: mmd2=4.234e-02 swd2=3.299e-03 bp_cov=(0.14,0.27,0.69) (2s)
[transfer:gold_n32_mid_y0_lam0.3143_s0] dps_inflated s=2: mmd2=4.124e-02 swd2=3.105e-03 bp_cov=(0.17,0.26,0.66) (2s)
[transfer:gold_n32_mid_y0_lam0.3143_s0] dps_inflated s=3: mmd2=4.110e-02 swd2=3.216e-03 bp_cov=(0.17,0.29,0.60) (2s)
[transfer:gold_n32_mid_y0_lam0.3143_s0] dps_inflated s=4: mmd2=4.248e-02 swd2=3.573e-03 bp_cov=(0.14,0.29,0.60) (2s)
[transfer:gold_n32_mid_y0_lam0.3143_s0] remy5 s=0: mmd2=1.437e-01 swd2=1.278e-02 bp_cov=(0.20,0.05,0.00) (2s)
[transfer:gold_n32_mid_y0_lam0.3143_s0] remy5 s=1: mmd2=1.428e-01 swd2=1.199e-02 bp_cov=(0.21,0.05,0.00) (1s)
[transfer:gold_n32_mid_y0_lam0.3143_s0] remy5 s=2: mmd2=1.413e-01 swd2=1.305e-02 bp_cov=(0.19,0.07,0.00) (1s)
[transfer:gold_n32_mid_y0_lam0.3143_s0] remy5 s=3: mmd2=1.431e-01 swd2=1.272e-02 bp_cov=(0.17,0.05,0.00) (1s)
[transfer:gold_n32_mid_y0_lam0.3143_s0] remy5 s=4: mmd2=1.427e-01 swd2=1.253e-02 bp_cov=(0.20,0.08,0.00) (1s)
[transfer:gold_n32_mid_y0_lam0.3143_s0] remy30 s=0: mmd2=2.070e-03 swd2=3.211e-04 bp_cov=(0.56,0.64,0.70) (2s)
[transfer:gold_n32_mid_y0_lam0.3143_s0] remy30 s=1: mmd2=2.038e-03 swd2=3.225e-04 bp_cov=(0.61,0.62,0.66) (2s)
[transfer:gold_n32_mid_y0_lam0.3143_s0] remy30 s=2: mmd2=2.129e-03 swd2=3.831e-04 bp_cov=(0.58,0.60,0.68) (2s)
[transfer:gold_n32_mid_y0_lam0.3143_s0] remy30 s=3: mmd2=1.739e-03 swd2=3.118e-04 bp_cov=(0.67,0.68,0.60) (2s)
[transfer:gold_n32_mid_y0_lam0.3143_s0] remy30 s=4: mmd2=1.981e-03 swd2=3.355e-04 bp_cov=(0.61,0.61,0.69) (2s)
[transfer:gold_n32_mid_y0_lam0.3143_s0] remy100 s=0: mmd2=-5.051e-05 swd2=2.216e-04 bp_cov=(0.64,0.69,0.70) (3s)
[transfer:gold_n32_mid_y0_lam0.3143_s0] remy100 s=1: mmd2=3.822e-06 swd2=1.995e-04 bp_cov=(0.66,0.68,0.63) (3s)
[transfer:gold_n32_mid_y0_lam0.3143_s0] remy100 s=2: mmd2=-1.645e-05 swd2=2.091e-04 bp_cov=(0.64,0.69,0.66) (3s)
[transfer:gold_n32_mid_y0_lam0.3143_s0] remy100 s=3: mmd2=-1.315e-05 swd2=2.037e-04 bp_cov=(0.71,0.69,0.68) (3s)
[transfer:gold_n32_mid_y0_lam0.3143_s0] remy100 s=4: mmd2=1.047e-04 swd2=2.197e-04 bp_cov=(0.69,0.68,0.69) (3s)
[transfer:gold_n32_mid_y0_lam0.3143_s0] terminal_is s=0: mmd2=1.607e+00 swd2=8.240e-01 bp_cov=(0.00,0.00,0.00) (3s)
[transfer:gold_n32_mid_y0_lam0.3143_s0] terminal_is s=1: mmd2=1.607e+00 swd2=6.280e-01 bp_cov=(1.00,0.00,0.00) (1s)
[transfer:gold_n32_mid_y0_lam0.3143_s0] terminal_is s=2: mmd2=1.607e+00 swd2=6.101e-01 bp_cov=(0.00,0.00,0.00) (1s)
[transfer:gold_n32_mid_y0_lam0.3143_s0] terminal_is s=3: mmd2=1.607e+00 swd2=9.355e-01 bp_cov=(0.00,0.00,0.00) (1s)
[transfer:gold_n32_mid_y0_lam0.3143_s0] terminal_is s=4: mmd2=1.607e+00 swd2=6.241e-01 bp_cov=(0.00,0.00,0.00) (1s)
[transfer:gold_n32_mid_y1_lam0.3143_s0] 5 floor rows
[transfer:gold_n32_mid_y1_lam0.3143_s0] dps s=0: mmd2=7.428e-02 swd2=7.404e-03 bp_cov=(0.71,0.00,0.00) (5s)
[transfer:gold_n32_mid_y1_lam0.3143_s0] dps s=1: mmd2=7.415e-02 swd2=6.988e-03 bp_cov=(0.71,0.00,0.00) (1s)
[transfer:gold_n32_mid_y1_lam0.3143_s0] dps s=2: mmd2=7.490e-02 swd2=7.091e-03 bp_cov=(0.70,0.00,0.00) (1s)
[transfer:gold_n32_mid_y1_lam0.3143_s0] dps s=3: mmd2=7.502e-02 swd2=7.191e-03 bp_cov=(0.64,0.00,0.00) (2s)
[transfer:gold_n32_mid_y1_lam0.3143_s0] dps s=4: mmd2=7.415e-02 swd2=7.236e-03 bp_cov=(0.71,0.00,0.00) (1s)
[transfer:gold_n32_mid_y1_lam0.3143_s0] dps_inflated s=0: mmd2=6.451e-02 swd2=5.143e-03 bp_cov=(0.11,0.01,0.22) (2s)
[transfer:gold_n32_mid_y1_lam0.3143_s0] dps_inflated s=1: mmd2=6.428e-02 swd2=5.334e-03 bp_cov=(0.16,0.01,0.20) (1s)
[transfer:gold_n32_mid_y1_lam0.3143_s0] dps_inflated s=2: mmd2=6.752e-02 swd2=5.252e-03 bp_cov=(0.09,0.01,0.21) (1s)
[transfer:gold_n32_mid_y1_lam0.3143_s0] dps_inflated s=3: mmd2=6.725e-02 swd2=5.118e-03 bp_cov=(0.11,0.00,0.21) (2s)
[transfer:gold_n32_mid_y1_lam0.3143_s0] dps_inflated s=4: mmd2=6.452e-02 swd2=5.364e-03 bp_cov=(0.16,0.01,0.20) (1s)
[transfer:gold_n32_mid_y1_lam0.3143_s0] remy5 s=0: mmd2=1.420e-01 swd2=1.223e-02 bp_cov=(0.12,0.01,0.00) (2s)
[transfer:gold_n32_mid_y1_lam0.3143_s0] remy5 s=1: mmd2=1.442e-01 swd2=1.221e-02 bp_cov=(0.14,0.01,0.00) (1s)
[transfer:gold_n32_mid_y1_lam0.3143_s0] remy5 s=2: mmd2=1.414e-01 swd2=1.166e-02 bp_cov=(0.09,0.00,0.00) (1s)
[transfer:gold_n32_mid_y1_lam0.3143_s0] remy5 s=3: mmd2=1.422e-01 swd2=1.212e-02 bp_cov=(0.09,0.00,0.00) (1s)
[transfer:gold_n32_mid_y1_lam0.3143_s0] remy5 s=4: mmd2=1.420e-01 swd2=1.221e-02 bp_cov=(0.12,0.01,0.00) (1s)
[transfer:gold_n32_mid_y1_lam0.3143_s0] remy30 s=0: mmd2=2.321e-03 swd2=3.914e-04 bp_cov=(0.59,0.55,0.65) (2s)
[transfer:gold_n32_mid_y1_lam0.3143_s0] remy30 s=1: mmd2=2.410e-03 swd2=3.989e-04 bp_cov=(0.59,0.57,0.68) (2s)
[transfer:gold_n32_mid_y1_lam0.3143_s0] remy30 s=2: mmd2=2.073e-03 swd2=3.718e-04 bp_cov=(0.62,0.57,0.67) (2s)
[transfer:gold_n32_mid_y1_lam0.3143_s0] remy30 s=3: mmd2=2.523e-03 swd2=3.985e-04 bp_cov=(0.59,0.54,0.62) (2s)
[transfer:gold_n32_mid_y1_lam0.3143_s0] remy30 s=4: mmd2=2.317e-03 swd2=3.983e-04 bp_cov=(0.62,0.56,0.67) (2s)
[transfer:gold_n32_mid_y1_lam0.3143_s0] remy100 s=0: mmd2=-2.714e-05 swd2=2.339e-04 bp_cov=(0.67,0.61,0.70) (3s)
[transfer:gold_n32_mid_y1_lam0.3143_s0] remy100 s=1: mmd2=-2.831e-05 swd2=2.388e-04 bp_cov=(0.71,0.66,0.69) (3s)
[transfer:gold_n32_mid_y1_lam0.3143_s0] remy100 s=2: mmd2=5.296e-05 swd2=2.323e-04 bp_cov=(0.70,0.66,0.68) (3s)
[transfer:gold_n32_mid_y1_lam0.3143_s0] remy100 s=3: mmd2=3.602e-05 swd2=2.407e-04 bp_cov=(0.61,0.73,0.64) (3s)
[transfer:gold_n32_mid_y1_lam0.3143_s0] remy100 s=4: mmd2=1.082e-04 swd2=2.364e-04 bp_cov=(0.67,0.68,0.64) (3s)
[transfer:gold_n32_mid_y1_lam0.3143_s0] terminal_is s=0: mmd2=1.606e+00 swd2=9.178e-01 bp_cov=(0.00,0.00,0.00) (4s)
[transfer:gold_n32_mid_y1_lam0.3143_s0] terminal_is s=1: mmd2=1.606e+00 swd2=7.536e-01 bp_cov=(0.00,0.00,0.00) (1s)
[transfer:gold_n32_mid_y1_lam0.3143_s0] terminal_is s=2: mmd2=1.606e+00 swd2=8.944e-01 bp_cov=(0.00,0.00,0.00) (1s)
[transfer:gold_n32_mid_y1_lam0.3143_s0] terminal_is s=3: mmd2=1.606e+00 swd2=9.159e-01 bp_cov=(0.00,0.00,0.00) (1s)
[transfer:gold_n32_mid_y1_lam0.3143_s0] terminal_is s=4: mmd2=1.606e+00 swd2=8.576e-01 bp_cov=(0.00,0.00,0.00) (1s)
[transfer:gold_n32_mid_y2_lam0.3143_s0] 5 floor rows
[transfer:gold_n32_mid_y2_lam0.3143_s0] dps s=0: mmd2=7.083e-02 swd2=4.251e-03 bp_cov=(0.69,0.04,0.00) (4s)
[transfer:gold_n32_mid_y2_lam0.3143_s0] dps s=1: mmd2=7.078e-02 swd2=4.407e-03 bp_cov=(0.67,0.03,0.00) (1s)
[transfer:gold_n32_mid_y2_lam0.3143_s0] dps s=2: mmd2=7.161e-02 swd2=4.449e-03 bp_cov=(0.72,0.02,0.00) (1s)
[transfer:gold_n32_mid_y2_lam0.3143_s0] dps s=3: mmd2=7.052e-02 swd2=4.367e-03 bp_cov=(0.72,0.02,0.00) (1s)
[transfer:gold_n32_mid_y2_lam0.3143_s0] dps s=4: mmd2=7.073e-02 swd2=4.299e-03 bp_cov=(0.68,0.03,0.00) (1s)
[transfer:gold_n32_mid_y2_lam0.3143_s0] dps_inflated s=0: mmd2=2.451e-02 swd2=1.749e-03 bp_cov=(0.43,0.41,0.64) (2s)
[transfer:gold_n32_mid_y2_lam0.3143_s0] dps_inflated s=1: mmd2=2.358e-02 swd2=1.633e-03 bp_cov=(0.34,0.42,0.62) (1s)
[transfer:gold_n32_mid_y2_lam0.3143_s0] dps_inflated s=2: mmd2=2.372e-02 swd2=1.626e-03 bp_cov=(0.39,0.39,0.61) (2s)
[transfer:gold_n32_mid_y2_lam0.3143_s0] dps_inflated s=3: mmd2=2.314e-02 swd2=1.798e-03 bp_cov=(0.34,0.41,0.62) (1s)
[transfer:gold_n32_mid_y2_lam0.3143_s0] dps_inflated s=4: mmd2=2.459e-02 swd2=1.878e-03 bp_cov=(0.38,0.43,0.69) (1s)
[transfer:gold_n32_mid_y2_lam0.3143_s0] remy5 s=0: mmd2=1.390e-01 swd2=1.328e-02 bp_cov=(0.41,0.09,0.00) (2s)
[transfer:gold_n32_mid_y2_lam0.3143_s0] remy5 s=1: mmd2=1.381e-01 swd2=1.280e-02 bp_cov=(0.39,0.07,0.00) (2s)
[transfer:gold_n32_mid_y2_lam0.3143_s0] remy5 s=2: mmd2=1.388e-01 swd2=1.276e-02 bp_cov=(0.39,0.07,0.00) (1s)
[transfer:gold_n32_mid_y2_lam0.3143_s0] remy5 s=3: mmd2=1.384e-01 swd2=1.286e-02 bp_cov=(0.37,0.07,0.00) (1s)
[transfer:gold_n32_mid_y2_lam0.3143_s0] remy5 s=4: mmd2=1.385e-01 swd2=1.274e-02 bp_cov=(0.31,0.07,0.00) (1s)
[transfer:gold_n32_mid_y2_lam0.3143_s0] remy30 s=0: mmd2=1.547e-03 swd2=3.058e-04 bp_cov=(0.66,0.59,0.68) (2s)
[transfer:gold_n32_mid_y2_lam0.3143_s0] remy30 s=1: mmd2=1.703e-03 swd2=3.511e-04 bp_cov=(0.64,0.64,0.66) (2s)
[transfer:gold_n32_mid_y2_lam0.3143_s0] remy30 s=2: mmd2=1.511e-03 swd2=3.701e-04 bp_cov=(0.66,0.65,0.61) (2s)
[transfer:gold_n32_mid_y2_lam0.3143_s0] remy30 s=3: mmd2=1.527e-03 swd2=3.092e-04 bp_cov=(0.73,0.64,0.68) (2s)
[transfer:gold_n32_mid_y2_lam0.3143_s0] remy30 s=4: mmd2=1.570e-03 swd2=3.268e-04 bp_cov=(0.66,0.64,0.68) (2s)
[transfer:gold_n32_mid_y2_lam0.3143_s0] remy100 s=0: mmd2=-9.233e-06 swd2=2.164e-04 bp_cov=(0.66,0.71,0.66) (3s)
[transfer:gold_n32_mid_y2_lam0.3143_s0] remy100 s=1: mmd2=-6.522e-05 swd2=2.074e-04 bp_cov=(0.70,0.63,0.68) (3s)
[transfer:gold_n32_mid_y2_lam0.3143_s0] remy100 s=2: mmd2=-5.012e-05 swd2=2.148e-04 bp_cov=(0.69,0.70,0.64) (3s)
[transfer:gold_n32_mid_y2_lam0.3143_s0] remy100 s=3: mmd2=-9.463e-05 swd2=2.249e-04 bp_cov=(0.69,0.64,0.65) (3s)
[transfer:gold_n32_mid_y2_lam0.3143_s0] remy100 s=4: mmd2=2.121e-06 swd2=2.280e-04 bp_cov=(0.65,0.70,0.64) (3s)
[transfer:gold_n32_mid_y2_lam0.3143_s0] terminal_is s=0: mmd2=1.606e+00 swd2=5.319e-01 bp_cov=(0.00,0.00,0.00) (4s)
[transfer:gold_n32_mid_y2_lam0.3143_s0] terminal_is s=1: mmd2=1.606e+00 swd2=6.188e-01 bp_cov=(0.00,0.00,0.00) (1s)
[transfer:gold_n32_mid_y2_lam0.3143_s0] terminal_is s=2: mmd2=1.606e+00 swd2=7.343e-01 bp_cov=(0.00,0.00,0.00) (1s)
[transfer:gold_n32_mid_y2_lam0.3143_s0] terminal_is s=3: mmd2=1.606e+00 swd2=8.252e-01 bp_cov=(0.00,0.00,0.00) (1s)
[transfer:gold_n32_mid_y2_lam0.3143_s0] terminal_is s=4: mmd2=1.606e+00 swd2=7.394e-01 bp_cov=(0.00,0.00,0.00) (1s)
[transfer:gold_n32_mid_y3_lam0.3143_s0] 5 floor rows
[transfer:gold_n32_mid_y3_lam0.3143_s0] dps s=0: mmd2=6.119e-02 swd2=4.310e-03 bp_cov=(0.77,0.03,0.00) (5s)
[transfer:gold_n32_mid_y3_lam0.3143_s0] dps s=1: mmd2=6.048e-02 swd2=4.081e-03 bp_cov=(0.75,0.05,0.00) (2s)
[transfer:gold_n32_mid_y3_lam0.3143_s0] dps s=2: mmd2=6.131e-02 swd2=4.248e-03 bp_cov=(0.73,0.03,0.00) (2s)
[transfer:gold_n32_mid_y3_lam0.3143_s0] dps s=3: mmd2=6.184e-02 swd2=4.434e-03 bp_cov=(0.75,0.01,0.00) (1s)
[transfer:gold_n32_mid_y3_lam0.3143_s0] dps s=4: mmd2=6.120e-02 swd2=4.345e-03 bp_cov=(0.71,0.03,0.00) (1s)
[transfer:gold_n32_mid_y3_lam0.3143_s0] dps_inflated s=0: mmd2=4.674e-02 swd2=3.848e-03 bp_cov=(0.21,0.11,0.64) (2s)
[transfer:gold_n32_mid_y3_lam0.3143_s0] dps_inflated s=1: mmd2=4.604e-02 swd2=3.643e-03 bp_cov=(0.19,0.10,0.61) (1s)
[transfer:gold_n32_mid_y3_lam0.3143_s0] dps_inflated s=2: mmd2=4.603e-02 swd2=3.646e-03 bp_cov=(0.14,0.11,0.64) (2s)
[transfer:gold_n32_mid_y3_lam0.3143_s0] dps_inflated s=3: mmd2=4.524e-02 swd2=3.722e-03 bp_cov=(0.21,0.16,0.66) (2s)
[transfer:gold_n32_mid_y3_lam0.3143_s0] dps_inflated s=4: mmd2=4.623e-02 swd2=3.805e-03 bp_cov=(0.21,0.14,0.59) (1s)
[transfer:gold_n32_mid_y3_lam0.3143_s0] remy5 s=0: mmd2=1.363e-01 swd2=1.124e-02 bp_cov=(0.21,0.05,0.00) (2s)
[transfer:gold_n32_mid_y3_lam0.3143_s0] remy5 s=1: mmd2=1.370e-01 swd2=1.097e-02 bp_cov=(0.27,0.05,0.00) (1s)
[transfer:gold_n32_mid_y3_lam0.3143_s0] remy5 s=2: mmd2=1.352e-01 swd2=1.076e-02 bp_cov=(0.28,0.06,0.00) (1s)
[transfer:gold_n32_mid_y3_lam0.3143_s0] remy5 s=3: mmd2=1.357e-01 swd2=1.126e-02 bp_cov=(0.25,0.05,0.00) (2s)
[transfer:gold_n32_mid_y3_lam0.3143_s0] remy5 s=4: mmd2=1.370e-01 swd2=1.140e-02 bp_cov=(0.20,0.05,0.01) (1s)
[transfer:gold_n32_mid_y3_lam0.3143_s0] remy30 s=0: mmd2=1.401e-03 swd2=3.389e-04 bp_cov=(0.64,0.66,0.68) (2s)
[transfer:gold_n32_mid_y3_lam0.3143_s0] remy30 s=1: mmd2=1.666e-03 swd2=3.244e-04 bp_cov=(0.61,0.61,0.66) (2s)
[transfer:gold_n32_mid_y3_lam0.3143_s0] remy30 s=2: mmd2=1.577e-03 swd2=3.115e-04 bp_cov=(0.60,0.60,0.70) (2s)
[transfer:gold_n32_mid_y3_lam0.3143_s0] remy30 s=3: mmd2=1.992e-03 swd2=3.675e-04 bp_cov=(0.54,0.65,0.66) (2s)
[transfer:gold_n32_mid_y3_lam0.3143_s0] remy30 s=4: mmd2=2.005e-03 swd2=3.850e-04 bp_cov=(0.61,0.55,0.64) (2s)
[transfer:gold_n32_mid_y3_lam0.3143_s0] remy100 s=0: mmd2=1.007e-04 swd2=2.436e-04 bp_cov=(0.63,0.67,0.66) (3s)
[transfer:gold_n32_mid_y3_lam0.3143_s0] remy100 s=1: mmd2=2.381e-05 swd2=2.222e-04 bp_cov=(0.63,0.62,0.65) (3s)
[transfer:gold_n32_mid_y3_lam0.3143_s0] remy100 s=2: mmd2=-1.163e-04 swd2=1.935e-04 bp_cov=(0.66,0.69,0.69) (3s)
[transfer:gold_n32_mid_y3_lam0.3143_s0] remy100 s=3: mmd2=8.708e-05 swd2=2.108e-04 bp_cov=(0.74,0.62,0.59) (3s)
[transfer:gold_n32_mid_y3_lam0.3143_s0] remy100 s=4: mmd2=2.360e-04 swd2=2.520e-04 bp_cov=(0.62,0.63,0.70) (3s)
[transfer:gold_n32_mid_y3_lam0.3143_s0] terminal_is s=0: mmd2=1.607e+00 swd2=9.293e-01 bp_cov=(0.00,0.00,0.00) (4s)
[transfer:gold_n32_mid_y3_lam0.3143_s0] terminal_is s=1: mmd2=1.607e+00 swd2=7.723e-01 bp_cov=(0.00,0.00,0.00) (1s)
[transfer:gold_n32_mid_y3_lam0.3143_s0] terminal_is s=2: mmd2=1.607e+00 swd2=1.026e+00 bp_cov=(0.00,0.00,0.00) (1s)
[transfer:gold_n32_mid_y3_lam0.3143_s0] terminal_is s=3: mmd2=1.607e+00 swd2=7.339e-01 bp_cov=(0.00,0.00,0.00) (1s)
[transfer:gold_n32_mid_y3_lam0.3143_s0] terminal_is s=4: mmd2=1.607e+00 swd2=9.292e-01 bp_cov=(0.00,0.00,0.00) (1s)
[transfer:gold_n32_strong_y0_lam0.3143_s0] 5 floor rows
[transfer:gold_n32_strong_y0_lam0.3143_s0] dps s=0: mmd2=1.698e-01 swd2=6.270e-03 bp_cov=(0.00,0.04,0.00) (5s)
[transfer:gold_n32_strong_y0_lam0.3143_s0] dps s=1: mmd2=1.588e-01 swd2=5.726e-03 bp_cov=(0.00,0.02,0.00) (2s)
[transfer:gold_n32_strong_y0_lam0.3143_s0] dps s=2: mmd2=1.690e-01 swd2=6.257e-03 bp_cov=(0.00,0.05,0.00) (2s)
[transfer:gold_n32_strong_y0_lam0.3143_s0] dps s=3: mmd2=1.594e-01 swd2=5.925e-03 bp_cov=(0.00,0.04,0.00) (2s)
[transfer:gold_n32_strong_y0_lam0.3143_s0] dps s=4: mmd2=1.562e-01 swd2=5.693e-03 bp_cov=(0.00,0.01,0.00) (1s)
[transfer:gold_n32_strong_y0_lam0.3143_s0] dps_inflated s=0: mmd2=1.782e-01 swd2=6.329e-03 bp_cov=(0.00,0.01,0.00) (2s)
[transfer:gold_n32_strong_y0_lam0.3143_s0] dps_inflated s=1: mmd2=1.823e-01 swd2=6.634e-03 bp_cov=(0.00,0.01,0.00) (2s)
[transfer:gold_n32_strong_y0_lam0.3143_s0] dps_inflated s=2: mmd2=1.787e-01 swd2=6.310e-03 bp_cov=(0.00,0.01,0.01) (2s)
[transfer:gold_n32_strong_y0_lam0.3143_s0] dps_inflated s=3: mmd2=1.762e-01 swd2=6.285e-03 bp_cov=(0.00,0.01,0.01) (2s)
[transfer:gold_n32_strong_y0_lam0.3143_s0] dps_inflated s=4: mmd2=1.788e-01 swd2=6.512e-03 bp_cov=(0.00,0.00,0.00) (2s)
[transfer:gold_n32_strong_y0_lam0.3143_s0] remy5 s=0: mmd2=6.776e-01 swd2=4.630e-02 bp_cov=(0.00,0.00,0.00) (2s)
[transfer:gold_n32_strong_y0_lam0.3143_s0] remy5 s=1: mmd2=6.811e-01 swd2=4.689e-02 bp_cov=(0.00,0.00,0.00) (1s)
[transfer:gold_n32_strong_y0_lam0.3143_s0] remy5 s=2: mmd2=6.791e-01 swd2=4.659e-02 bp_cov=(0.00,0.00,0.00) (2s)
[transfer:gold_n32_strong_y0_lam0.3143_s0] remy5 s=3: mmd2=6.786e-01 swd2=4.698e-02 bp_cov=(0.00,0.00,0.00) (2s)
[transfer:gold_n32_strong_y0_lam0.3143_s0] remy5 s=4: mmd2=6.800e-01 swd2=4.661e-02 bp_cov=(0.00,0.00,0.00) (2s)
[transfer:gold_n32_strong_y0_lam0.3143_s0] remy30 s=0: mmd2=3.455e-02 swd2=1.094e-03 bp_cov=(0.05,0.19,0.26) (2s)
[transfer:gold_n32_strong_y0_lam0.3143_s0] remy30 s=1: mmd2=3.482e-02 swd2=1.120e-03 bp_cov=(0.03,0.20,0.28) (2s)
[transfer:gold_n32_strong_y0_lam0.3143_s0] remy30 s=2: mmd2=3.477e-02 swd2=1.078e-03 bp_cov=(0.04,0.22,0.27) (2s)
[transfer:gold_n32_strong_y0_lam0.3143_s0] remy30 s=3: mmd2=3.428e-02 swd2=1.036e-03 bp_cov=(0.02,0.20,0.23) (2s)
[transfer:gold_n32_strong_y0_lam0.3143_s0] remy30 s=4: mmd2=3.322e-02 swd2=1.030e-03 bp_cov=(0.04,0.23,0.32) (2s)
[transfer:gold_n32_strong_y0_lam0.3143_s0] remy100 s=0: mmd2=1.015e-03 swd2=1.402e-04 bp_cov=(0.54,0.61,0.62) (3s)
[transfer:gold_n32_strong_y0_lam0.3143_s0] remy100 s=1: mmd2=1.144e-03 swd2=1.234e-04 bp_cov=(0.58,0.58,0.62) (3s)
[transfer:gold_n32_strong_y0_lam0.3143_s0] remy100 s=2: mmd2=9.843e-04 swd2=1.226e-04 bp_cov=(0.52,0.71,0.65) (3s)
[transfer:gold_n32_strong_y0_lam0.3143_s0] remy100 s=3: mmd2=8.951e-04 swd2=1.216e-04 bp_cov=(0.59,0.69,0.64) (3s)
[transfer:gold_n32_strong_y0_lam0.3143_s0] remy100 s=4: mmd2=8.491e-04 swd2=1.234e-04 bp_cov=(0.59,0.64,0.64) (3s)
[transfer:gold_n32_strong_y0_lam0.3143_s0] terminal_is s=0: mmd2=1.607e+00 swd2=9.483e-01 bp_cov=(0.00,0.00,0.00) (4s)
[transfer:gold_n32_strong_y0_lam0.3143_s0] terminal_is s=1: mmd2=1.607e+00 swd2=7.805e-01 bp_cov=(0.00,0.00,0.00) (1s)
[transfer:gold_n32_strong_y0_lam0.3143_s0] terminal_is s=2: mmd2=1.607e+00 swd2=7.920e-01 bp_cov=(0.00,0.00,0.00) (1s)
[transfer:gold_n32_strong_y0_lam0.3143_s0] terminal_is s=3: mmd2=1.607e+00 swd2=8.888e-01 bp_cov=(0.00,0.00,0.00) (1s)
[transfer:gold_n32_strong_y0_lam0.3143_s0] terminal_is s=4: mmd2=1.607e+00 swd2=1.112e+00 bp_cov=(0.00,0.00,0.00) (1s)
[transfer:gold_n32_strong_y1_lam0.3143_s0] 5 floor rows
[transfer:gold_n32_strong_y1_lam0.3143_s0] dps s=0: mmd2=1.999e-01 swd2=1.046e-02 bp_cov=(0.05,0.10,0.00) (5s)
[transfer:gold_n32_strong_y1_lam0.3143_s0] dps s=1: mmd2=1.980e-01 swd2=1.030e-02 bp_cov=(0.07,0.12,0.00) (1s)
[transfer:gold_n32_strong_y1_lam0.3143_s0] dps s=2: mmd2=1.955e-01 swd2=1.058e-02 bp_cov=(0.09,0.07,0.00) (1s)
[transfer:gold_n32_strong_y1_lam0.3143_s0] dps s=3: mmd2=1.913e-01 swd2=9.989e-03 bp_cov=(0.08,0.07,0.00) (1s)
[transfer:gold_n32_strong_y1_lam0.3143_s0] dps s=4: mmd2=1.963e-01 swd2=1.009e-02 bp_cov=(0.05,0.09,0.00) (1s)
[transfer:gold_n32_strong_y1_lam0.3143_s0] dps_inflated s=0: mmd2=2.225e-01 swd2=1.049e-02 bp_cov=(0.01,0.00,0.00) (2s)
[transfer:gold_n32_strong_y1_lam0.3143_s0] dps_inflated s=1: mmd2=2.223e-01 swd2=1.053e-02 bp_cov=(0.01,0.00,0.00) (1s)
[transfer:gold_n32_strong_y1_lam0.3143_s0] dps_inflated s=2: mmd2=2.307e-01 swd2=1.079e-02 bp_cov=(0.00,0.00,0.00) (2s)
[transfer:gold_n32_strong_y1_lam0.3143_s0] dps_inflated s=3: mmd2=2.221e-01 swd2=1.034e-02 bp_cov=(0.02,0.00,0.00) (1s)
[transfer:gold_n32_strong_y1_lam0.3143_s0] dps_inflated s=4: mmd2=2.176e-01 swd2=1.018e-02 bp_cov=(0.02,0.00,0.00) (1s)
[transfer:gold_n32_strong_y1_lam0.3143_s0] remy5 s=0: mmd2=6.400e-01 swd2=4.355e-02 bp_cov=(0.00,0.00,0.06) (2s)
[transfer:gold_n32_strong_y1_lam0.3143_s0] remy5 s=1: mmd2=6.395e-01 swd2=4.415e-02 bp_cov=(0.00,0.00,0.08) (2s)
[transfer:gold_n32_strong_y1_lam0.3143_s0] remy5 s=2: mmd2=6.374e-01 swd2=4.415e-02 bp_cov=(0.00,0.00,0.09) (2s)
[transfer:gold_n32_strong_y1_lam0.3143_s0] remy5 s=3: mmd2=6.398e-01 swd2=4.358e-02 bp_cov=(0.00,0.00,0.09) (2s)
[transfer:gold_n32_strong_y1_lam0.3143_s0] remy5 s=4: mmd2=6.376e-01 swd2=4.446e-02 bp_cov=(0.00,0.00,0.09) (2s)
[transfer:gold_n32_strong_y1_lam0.3143_s0] remy30 s=0: mmd2=3.745e-02 swd2=1.360e-03 bp_cov=(0.02,0.02,0.12) (2s)
[transfer:gold_n32_strong_y1_lam0.3143_s0] remy30 s=1: mmd2=3.676e-02 swd2=1.361e-03 bp_cov=(0.04,0.02,0.16) (2s)
[transfer:gold_n32_strong_y1_lam0.3143_s0] remy30 s=2: mmd2=3.702e-02 swd2=1.392e-03 bp_cov=(0.05,0.02,0.12) (2s)
[transfer:gold_n32_strong_y1_lam0.3143_s0] remy30 s=3: mmd2=3.726e-02 swd2=1.409e-03 bp_cov=(0.04,0.01,0.10) (2s)
[transfer:gold_n32_strong_y1_lam0.3143_s0] remy30 s=4: mmd2=3.695e-02 swd2=1.360e-03 bp_cov=(0.02,0.02,0.13) (2s)
[transfer:gold_n32_strong_y1_lam0.3143_s0] remy100 s=0: mmd2=1.223e-03 swd2=1.700e-04 bp_cov=(0.55,0.61,0.62) (3s)
[transfer:gold_n32_strong_y1_lam0.3143_s0] remy100 s=1: mmd2=9.366e-04 swd2=1.390e-04 bp_cov=(0.59,0.59,0.67) (3s)
[transfer:gold_n32_strong_y1_lam0.3143_s0] remy100 s=2: mmd2=1.408e-03 swd2=1.670e-04 bp_cov=(0.58,0.51,0.60) (3s)
[transfer:gold_n32_strong_y1_lam0.3143_s0] remy100 s=3: mmd2=8.494e-04 swd2=1.395e-04 bp_cov=(0.57,0.58,0.64) (3s)
[transfer:gold_n32_strong_y1_lam0.3143_s0] remy100 s=4: mmd2=1.347e-03 swd2=1.574e-04 bp_cov=(0.54,0.52,0.64) (3s)
[transfer:gold_n32_strong_y1_lam0.3143_s0] terminal_is s=0: mmd2=1.606e+00 swd2=1.154e+00 bp_cov=(0.00,0.00,0.00) (4s)
[transfer:gold_n32_strong_y1_lam0.3143_s0] terminal_is s=1: mmd2=1.606e+00 swd2=1.543e+00 bp_cov=(0.00,0.00,0.00) (1s)
[transfer:gold_n32_strong_y1_lam0.3143_s0] terminal_is s=2: mmd2=1.606e+00 swd2=1.091e+00 bp_cov=(0.00,0.00,0.00) (1s)
[transfer:gold_n32_strong_y1_lam0.3143_s0] terminal_is s=3: mmd2=1.606e+00 swd2=1.041e+00 bp_cov=(0.00,0.00,0.00) (1s)
[transfer:gold_n32_strong_y1_lam0.3143_s0] terminal_is s=4: mmd2=1.606e+00 swd2=9.206e-01 bp_cov=(0.00,0.00,0.00) (1s)
[transfer:gold_n32_strong_y2_lam0.3143_s0] 5 floor rows
[transfer:gold_n32_strong_y2_lam0.3143_s0] dps s=0: mmd2=1.872e-01 swd2=8.054e-03 bp_cov=(0.00,0.13,0.00) (5s)
[transfer:gold_n32_strong_y2_lam0.3143_s0] dps s=1: mmd2=1.899e-01 swd2=8.022e-03 bp_cov=(0.00,0.15,0.00) (1s)
[transfer:gold_n32_strong_y2_lam0.3143_s0] dps s=2: mmd2=1.869e-01 swd2=8.149e-03 bp_cov=(0.00,0.11,0.00) (1s)
[transfer:gold_n32_strong_y2_lam0.3143_s0] dps s=3: mmd2=1.847e-01 swd2=7.977e-03 bp_cov=(0.00,0.14,0.00) (1s)
[transfer:gold_n32_strong_y2_lam0.3143_s0] dps s=4: mmd2=1.885e-01 swd2=8.177e-03 bp_cov=(0.00,0.14,0.00) (1s)
[transfer:gold_n32_strong_y2_lam0.3143_s0] dps_inflated s=0: mmd2=1.032e-01 swd2=3.914e-03 bp_cov=(0.11,0.11,0.06) (1s)
[transfer:gold_n32_strong_y2_lam0.3143_s0] dps_inflated s=1: mmd2=1.045e-01 swd2=4.073e-03 bp_cov=(0.12,0.11,0.09) (1s)
[transfer:gold_n32_strong_y2_lam0.3143_s0] dps_inflated s=2: mmd2=1.041e-01 swd2=4.079e-03 bp_cov=(0.10,0.14,0.04) (1s)
[transfer:gold_n32_strong_y2_lam0.3143_s0] dps_inflated s=3: mmd2=1.030e-01 swd2=4.088e-03 bp_cov=(0.09,0.12,0.07) (1s)
[transfer:gold_n32_strong_y2_lam0.3143_s0] dps_inflated s=4: mmd2=1.036e-01 swd2=3.980e-03 bp_cov=(0.09,0.14,0.06) (1s)
[transfer:gold_n32_strong_y2_lam0.3143_s0] remy5 s=0: mmd2=6.775e-01 swd2=6.136e-02 bp_cov=(0.00,0.00,0.00) (2s)
[transfer:gold_n32_strong_y2_lam0.3143_s0] remy5 s=1: mmd2=6.790e-01 swd2=6.232e-02 bp_cov=(0.00,0.00,0.00) (1s)
[transfer:gold_n32_strong_y2_lam0.3143_s0] remy5 s=2: mmd2=6.783e-01 swd2=6.178e-02 bp_cov=(0.00,0.00,0.00) (1s)
[transfer:gold_n32_strong_y2_lam0.3143_s0] remy5 s=3: mmd2=6.775e-01 swd2=6.138e-02 bp_cov=(0.00,0.00,0.00) (1s)
[transfer:gold_n32_strong_y2_lam0.3143_s0] remy5 s=4: mmd2=6.798e-01 swd2=6.131e-02 bp_cov=(0.00,0.00,0.00) (1s)
[transfer:gold_n32_strong_y2_lam0.3143_s0] remy30 s=0: mmd2=2.761e-02 swd2=1.186e-03 bp_cov=(0.10,0.18,0.34) (2s)
[transfer:gold_n32_strong_y2_lam0.3143_s0] remy30 s=1: mmd2=2.721e-02 swd2=1.171e-03 bp_cov=(0.12,0.18,0.30) (2s)
[transfer:gold_n32_strong_y2_lam0.3143_s0] remy30 s=2: mmd2=2.757e-02 swd2=1.130e-03 bp_cov=(0.15,0.19,0.32) (2s)
[transfer:gold_n32_strong_y2_lam0.3143_s0] remy30 s=3: mmd2=2.816e-02 swd2=1.206e-03 bp_cov=(0.12,0.20,0.32) (2s)
[transfer:gold_n32_strong_y2_lam0.3143_s0] remy30 s=4: mmd2=2.878e-02 swd2=1.266e-03 bp_cov=(0.11,0.20,0.33) (2s)
[transfer:gold_n32_strong_y2_lam0.3143_s0] remy100 s=0: mmd2=4.095e-04 swd2=1.093e-04 bp_cov=(0.61,0.64,0.64) (3s)
[transfer:gold_n32_strong_y2_lam0.3143_s0] remy100 s=1: mmd2=1.660e-04 swd2=1.091e-04 bp_cov=(0.71,0.66,0.68) (3s)
[transfer:gold_n32_strong_y2_lam0.3143_s0] remy100 s=2: mmd2=2.594e-04 swd2=1.086e-04 bp_cov=(0.64,0.66,0.72) (3s)
[transfer:gold_n32_strong_y2_lam0.3143_s0] remy100 s=3: mmd2=2.471e-04 swd2=1.088e-04 bp_cov=(0.67,0.66,0.64) (3s)
[transfer:gold_n32_strong_y2_lam0.3143_s0] remy100 s=4: mmd2=1.960e-04 swd2=1.089e-04 bp_cov=(0.60,0.65,0.69) (3s)
[transfer:gold_n32_strong_y2_lam0.3143_s0] terminal_is s=0: mmd2=1.606e+00 swd2=9.911e-01 bp_cov=(0.00,0.00,0.00) (4s)
[transfer:gold_n32_strong_y2_lam0.3143_s0] terminal_is s=1: mmd2=1.606e+00 swd2=7.861e-01 bp_cov=(0.00,0.00,0.00) (1s)
[transfer:gold_n32_strong_y2_lam0.3143_s0] terminal_is s=2: mmd2=1.606e+00 swd2=8.005e-01 bp_cov=(0.00,0.00,0.00) (1s)
[transfer:gold_n32_strong_y2_lam0.3143_s0] terminal_is s=3: mmd2=1.606e+00 swd2=9.327e-01 bp_cov=(0.00,0.00,0.00) (1s)
[transfer:gold_n32_strong_y2_lam0.3143_s0] terminal_is s=4: mmd2=1.606e+00 swd2=7.379e-01 bp_cov=(0.00,0.00,0.00) (1s)
[transfer:gold_n32_strong_y3_lam0.3143_s0] 5 floor rows
[transfer:gold_n32_strong_y3_lam0.3143_s0] dps s=0: mmd2=1.898e-01 swd2=7.978e-03 bp_cov=(0.00,0.04,0.32) (5s)
[transfer:gold_n32_strong_y3_lam0.3143_s0] dps s=1: mmd2=1.981e-01 swd2=8.235e-03 bp_cov=(0.00,0.09,0.32) (1s)
[transfer:gold_n32_strong_y3_lam0.3143_s0] dps s=2: mmd2=2.015e-01 swd2=8.486e-03 bp_cov=(0.00,0.06,0.36) (1s)
[transfer:gold_n32_strong_y3_lam0.3143_s0] dps s=3: mmd2=2.155e-01 swd2=8.938e-03 bp_cov=(0.00,0.05,0.36) (1s)
[transfer:gold_n32_strong_y3_lam0.3143_s0] dps s=4: mmd2=2.126e-01 swd2=8.826e-03 bp_cov=(0.00,0.05,0.35) (2s)
[transfer:gold_n32_strong_y3_lam0.3143_s0] dps_inflated s=0: mmd2=1.741e-01 swd2=7.276e-03 bp_cov=(0.06,0.04,0.03) (2s)
[transfer:gold_n32_strong_y3_lam0.3143_s0] dps_inflated s=1: mmd2=1.740e-01 swd2=7.069e-03 bp_cov=(0.04,0.03,0.02) (2s)
[transfer:gold_n32_strong_y3_lam0.3143_s0] dps_inflated s=2: mmd2=1.714e-01 swd2=7.113e-03 bp_cov=(0.03,0.03,0.02) (2s)
[transfer:gold_n32_strong_y3_lam0.3143_s0] dps_inflated s=3: mmd2=1.729e-01 swd2=7.481e-03 bp_cov=(0.02,0.03,0.01) (2s)
[transfer:gold_n32_strong_y3_lam0.3143_s0] dps_inflated s=4: mmd2=1.727e-01 swd2=6.995e-03 bp_cov=(0.03,0.03,0.03) (2s)
[transfer:gold_n32_strong_y3_lam0.3143_s0] remy5 s=0: mmd2=6.551e-01 swd2=5.171e-02 bp_cov=(0.00,0.00,0.02) (2s)
[transfer:gold_n32_strong_y3_lam0.3143_s0] remy5 s=1: mmd2=6.554e-01 swd2=5.221e-02 bp_cov=(0.00,0.00,0.01) (2s)
[transfer:gold_n32_strong_y3_lam0.3143_s0] remy5 s=2: mmd2=6.556e-01 swd2=5.222e-02 bp_cov=(0.00,0.00,0.00) (2s)
[transfer:gold_n32_strong_y3_lam0.3143_s0] remy5 s=3: mmd2=6.562e-01 swd2=5.179e-02 bp_cov=(0.00,0.00,0.00) (2s)
[transfer:gold_n32_strong_y3_lam0.3143_s0] remy5 s=4: mmd2=6.552e-01 swd2=5.133e-02 bp_cov=(0.00,0.00,0.01) (1s)
[transfer:gold_n32_strong_y3_lam0.3143_s0] remy30 s=0: mmd2=3.361e-02 swd2=1.263e-03 bp_cov=(0.06,0.18,0.29) (2s)
[transfer:gold_n32_strong_y3_lam0.3143_s0] remy30 s=1: mmd2=3.403e-02 swd2=1.231e-03 bp_cov=(0.04,0.14,0.19) (2s)
[transfer:gold_n32_strong_y3_lam0.3143_s0] remy30 s=2: mmd2=3.497e-02 swd2=1.324e-03 bp_cov=(0.05,0.12,0.19) (2s)
[transfer:gold_n32_strong_y3_lam0.3143_s0] remy30 s=3: mmd2=3.316e-02 swd2=1.234e-03 bp_cov=(0.05,0.12,0.23) (2s)
[transfer:gold_n32_strong_y3_lam0.3143_s0] remy30 s=4: mmd2=3.419e-02 swd2=1.205e-03 bp_cov=(0.06,0.08,0.28) (2s)
[transfer:gold_n32_strong_y3_lam0.3143_s0] remy100 s=0: mmd2=8.943e-04 swd2=1.331e-04 bp_cov=(0.59,0.64,0.66) (3s)
[transfer:gold_n32_strong_y3_lam0.3143_s0] remy100 s=1: mmd2=9.375e-04 swd2=1.426e-04 bp_cov=(0.61,0.57,0.64) (3s)
[transfer:gold_n32_strong_y3_lam0.3143_s0] remy100 s=2: mmd2=1.044e-03 swd2=1.451e-04 bp_cov=(0.56,0.61,0.64) (3s)
[transfer:gold_n32_strong_y3_lam0.3143_s0] remy100 s=3: mmd2=8.712e-04 swd2=1.400e-04 bp_cov=(0.59,0.62,0.59) (3s)
[transfer:gold_n32_strong_y3_lam0.3143_s0] remy100 s=4: mmd2=9.649e-04 swd2=1.385e-04 bp_cov=(0.60,0.63,0.61) (3s)
[transfer:gold_n32_strong_y3_lam0.3143_s0] terminal_is s=0: mmd2=1.606e+00 swd2=1.122e+00 bp_cov=(0.00,0.00,0.00) (4s)
[transfer:gold_n32_strong_y3_lam0.3143_s0] terminal_is s=1: mmd2=1.606e+00 swd2=1.120e+00 bp_cov=(0.00,0.00,0.00) (1s)
[transfer:gold_n32_strong_y3_lam0.3143_s0] terminal_is s=2: mmd2=1.606e+00 swd2=9.366e-01 bp_cov=(0.00,0.00,0.00) (1s)
[transfer:gold_n32_strong_y3_lam0.3143_s0] terminal_is s=3: mmd2=1.606e+00 swd2=1.267e+00 bp_cov=(0.00,0.00,0.00) (1s)
[transfer:gold_n32_strong_y3_lam0.3143_s0] terminal_is s=4: mmd2=1.606e+00 swd2=1.175e+00 bp_cov=(0.00,0.00,0.00) (1s)
TRANSFER 32 DONE 00:13
