Traceback (most recent call last):
  File "/mnt/home/tersenov/software/tilt-audit/scripts/run_transfer.py", line 116, in <module>
    main()
  File "/mnt/home/tersenov/software/tilt-audit/scripts/run_transfer.py", line 46, in main
    meta = json.loads((Path(args.gold_dir) / f"{stem}.json").read_text())
                      ^^^^^^^^^^^^^^^^^^^^^^^^^^^^^^^^^^^^^^^^^^^^^^^^^^
  File "/usr/lib/python3.12/pathlib.py", line 1029, in read_text
    with self.open(mode='r', encoding=encoding, errors=errors) as f:
         ^^^^^^^^^^^^^^^^^^^^^^^^^^^^^^^^^^^^^^^^^^^^^^^^^^^^^
  File "/usr/lib/python3.12/pathlib.py", line 1015, in open
    return io.open(self, mode, buffering, encoding, errors, newline)
           ^^^^^^^^^^^^^^^^^^^^^^^^^^^^^^^^^^^^^^^^^^^^^^^^^^^^^^^^^
FileNotFoundError: [Errno 2] No such file or directory: 'results/gold/gold_n32_mid_y0_lam0.3143_s0.json'
Traceback (most recent call last):
  File "/mnt/home/tersenov/software/tilt-audit/scripts/run_transfer.py", line 116, in <module>
    main()
  File "/mnt/home/tersenov/software/tilt-audit/scripts/run_transfer.py", line 46, in main
    meta = json.loads((Path(args.gold_dir) / f"{stem}.json").read_text())
                      ^^^^^^^^^^^^^^^^^^^^^^^^^^^^^^^^^^^^^^^^^^^^^^^^^^
  File "/usr/lib/python3.12/pathlib.py", line 1029, in read_text
    with self.open(mode='r', encoding=encoding, errors=errors) as f:
         ^^^^^^^^^^^^^^^^^^^^^^^^^^^^^^^^^^^^^^^^^^^^^^^^^^^^^
  File "/usr/lib/python3.12/pathlib.py", line 1015, in open
    return io.open(self, mode, buffering, encoding, errors, newline)
           ^^^^^^^^^^^^^^^^^^^^^^^^^^^^^^^^^^^^^^^^^^^^^^^^^^^^^^^^^
FileNotFoundError: [Errno 2] No such file or directory: 'results/gold/gold_n32_mid_y1_lam0.3143_s0.json'
Traceback (most recent call last):
  File "/mnt/home/tersenov/software/tilt-audit/scripts/run_transfer.py", line 116, in <module>
    main()
  File "/mnt/home/tersenov/software/tilt-audit/scripts/run_transfer.py", line 46, in main
    meta = json.loads((Path(args.gold_dir) / f"{stem}.json").read_text())
                      ^^^^^^^^^^^^^^^^^^^^^^^^^^^^^^^^^^^^^^^^^^^^^^^^^^
  File "/usr/lib/python3.12/pathlib.py", line 1029, in read_text
    with self.open(mode='r', encoding=encoding, errors=errors) as f:
         ^^^^^^^^^^^^^^^^^^^^^^^^^^^^^^^^^^^^^^^^^^^^^^^^^^^^^
  File "/usr/lib/python3.12/pathlib.py", line 1015, in open
    return io.open(self, mode, buffering, encoding, errors, newline)
           ^^^^^^^^^^^^^^^^^^^^^^^^^^^^^^^^^^^^^^^^^^^^^^^^^^^^^^^^^
FileNotFoundError: [Errno 2] No such file or directory: 'results/gold/gold_n32_mid_y2_lam0.3143_s0.json'
Traceback (most recent call last):
  File "/mnt/home/tersenov/software/tilt-audit/scripts/run_transfer.py", line 116, in <module>
    main()
  File "/mnt/home/tersenov/software/tilt-audit/scripts/run_transfer.py", line 46, in main
    meta = json.loads((Path(args.gold_dir) / f"{stem}.json").read_text())
                      ^^^^^^^^^^^^^^^^^^^^^^^^^^^^^^^^^^^^^^^^^^^^^^^^^^
  File "/usr/lib/python3.12/pathlib.py", line 1029, in read_text
    with self.open(mode='r', encoding=encoding, errors=errors) as f:
         ^^^^^^^^^^^^^^^^^^^^^^^^^^^^^^^^^^^^^^^^^^^^^^^^^^^^^
  File "/usr/lib/python3.12/pathlib.py", line 1015, in open
    return io.open(self, mode, buffering, encoding, errors, newline)
           ^^^^^^^^^^^^^^^^^^^^^^^^^^^^^^^^^^^^^^^^^^^^^^^^^^^^^^^^^
FileNotFoundError: [Errno 2] No such file or directory: 'results/gold/gold_n32_mid_y3_lam0.3143_s0.json'
Traceback (most recent call last):
  File "/mnt/home/tersenov/software/tilt-audit/scripts/run_transfer.py", line 116, in <module>
    main()
  File "/mnt/home/tersenov/software/tilt-audit/scripts/run_transfer.py", line 46, in main
    meta = json.loads((Path(args.gold_dir) / f"{stem}.json").read_text())
                      ^^^^^^^^^^^^^^^^^^^^^^^^^^^^^^^^^^^^^^^^^^^^^^^^^^
  File "/usr/lib/python3.12/pathlib.py", line 1029, in read_text
    with self.open(mode='r', encoding=encoding, errors=errors) as f:
         ^^^^^^^^^^^^^^^^^^^^^^^^^^^^^^^^^^^^^^^^^^^^^^^^^^^^^
  File "/usr/lib/python3.12/pathlib.py", line 1015, in open
    return io.open(self, mode, buffering, encoding, errors, newline)
           ^^^^^^^^^^^^^^^^^^^^^^^^^^^^^^^^^^^^^^^^^^^^^^^^^^^^^^^^^
FileNotFoundError: [Errno 2] No such file or directory: 'results/gold/gold_n32_strong_y0_lam0.3143_s0.json'
Traceback (most recent call last):
  File "/mnt/home/tersenov/software/tilt-audit/scripts/run_transfer.py", line 116, in <module>
    main()
  File "/mnt/home/tersenov/software/tilt-audit/scripts/run_transfer.py", line 46, in main
    meta = json.loads((Path(args.gold_dir) / f"{stem}.json").read_text())
                      ^^^^^^^^^^^^^^^^^^^^^^^^^^^^^^^^^^^^^^^^^^^^^^^^^^
  File "/usr/lib/python3.12/pathlib.py", line 1029, in read_text
    with self.open(mode='r', encoding=encoding, errors=errors) as f:
         ^^^^^^^^^^^^^^^^^^^^^^^^^^^^^^^^^^^^^^^^^^^^^^^^^^^^^
  File "/usr/lib/python3.12/pathlib.py", line 1015, in open
    return io.open(self, mode, buffering, encoding, errors, newline)
           ^^^^^^^^^^^^^^^^^^^^^^^^^^^^^^^^^^^^^^^^^^^^^^^^^^^^^^^^^
FileNotFoundError: [Errno 2] No such file or directory: 'results/gold/gold_n32_strong_y1_lam0.3143_s0.json'
Traceback (most recent call last):
  File "/mnt/home/tersenov/software/tilt-audit/scripts/run_transfer.py", line 116, in <module>
    main()
  File "/mnt/home/tersenov/software/tilt-audit/scripts/run_transfer.py", line 46, in main
    meta = json.loads((Path(args.gold_dir) / f"{stem}.json").read_text())
                      ^^^^^^^^^^^^^^^^^^^^^^^^^^^^^^^^^^^^^^^^^^^^^^^^^^
  File "/usr/lib/python3.12/pathlib.py", line 1029, in read_text
    with self.open(mode='r', encoding=encoding, errors=errors) as f:
         ^^^^^^^^^^^^^^^^^^^^^^^^^^^^^^^^^^^^^^^^^^^^^^^^^^^^^
  File "/usr/lib/python3.12/pathlib.py", line 1015, in open
    return io.open(self, mode, buffering, encoding, errors, newline)
           ^^^^^^^^^^^^^^^^^^^^^^^^^^^^^^^^^^^^^^^^^^^^^^^^^^^^^^^^^
FileNotFoundError: [Errno 2] No such file or directory: 'results/gold/gold_n32_strong_y2_lam0.3143_s0.json'
Traceback (most recent call last):
  File "/mnt/home/tersenov/software/tilt-audit/scripts/run_transfer.py", line 116, in <module>
    main()
  File "/mnt/home/tersenov/software/tilt-audit/scripts/run_transfer.py", line 46, in main
    meta = json.loads((Path(args.gold_dir) / f"{stem}.json").read_text())
                      ^^^^^^^^^^^^^^^^^^^^^^^^^^^^^^^^^^^^^^^^^^^^^^^^^^
  File "/usr/lib/python3.12/pathlib.py", line 1029, in read_text
    with self.open(mode='r', encoding=encoding, errors=errors) as f:
         ^^^^^^^^^^^^^^^^^^^^^^^^^^^^^^^^^^^^^^^^^^^^^^^^^^^^^
  File "/usr/lib/python3.12/pathlib.py", line 1015, in open
    return io.open(self, mode, buffering, encoding, errors, newline)
           ^^^^^^^^^^^^^^^^^^^^^^^^^^^^^^^^^^^^^^^^^^^^^^^^^^^^^^^^^
FileNotFoundError: [Errno 2] No such file or directory: 'results/gold/gold_n32_strong_y3_lam0.3143_s0.json'
TRANSFER 32 DONE 23:51
