[transferL] empirical kappa Pz: pixel var 1.0501 (expect ~1.0510)
E0705 01:05:14.943609 2576001 slow_operation_alarm.cc:73] Constant folding an instruction is taking > 1s:

  %scatter-add.50 = f64[256,4096]{1,0} scatter(%broadcast.311, %constant.57, %broadcast.321), update_window_dims={1,2}, inserted_window_dims={}, scatter_dims_to_operand_dims={1}, index_vector_dim=1, to_apply=%region_43.62, metadata={op_name="jit(dps_loss)/transpose(jvp(jit(x0hat_fn)))/scatter-add" stack_frame_id=553}

This isn't necessarily a bug; constant-folding is inherently a trade-off between compilation time and speed at runtime. XLA has some guards that attempt to keep constant folding from taking too long, but fundamentally you'll always be able to come up with an input program that takes a long time.

If you'd like to file a bug, run with envvar XLA_FLAGS=--xla_dump_to=/tmp/foo and attach the results.
E0705 01:05:15.189744 2575568 slow_operation_alarm.cc:140] The operation took 1.246299581s
Constant folding an instruction is taking > 1s:

  %scatter-add.50 = f64[256,4096]{1,0} scatter(%broadcast.311, %constant.57, %broadcast.321), update_window_dims={1,2}, inserted_window_dims={}, scatter_dims_to_operand_dims={1}, index_vector_dim=1, to_apply=%region_43.62, metadata={op_name="jit(dps_loss)/transpose(jvp(jit(x0hat_fn)))/scatter-add" stack_frame_id=553}

This isn't necessarily a bug; constant-folding is inherently a trade-off between compilation time and speed at runtime. XLA has some guards that attempt to keep constant folding from taking too long, but fundamentally you'll always be able to come up with an input program that takes a long time.

If you'd like to file a bug, run with envvar XLA_FLAGS=--xla_dump_to=/tmp/foo and attach the results.
[transferL:gold_n64_mid_y0_lam0.3143_s0] dps_ln_clean s=0: mmd2=1.106e-01 swd2=1.247e+02 clip=0.67 (30s)
[transferL:gold_n64_mid_y0_lam0.3143_s0] dps_ln_clean s=1: mmd2=1.075e-01 swd2=9.172e+01 clip=0.66 (21s)
[transferL:gold_n64_mid_y0_lam0.3143_s0] dps_ln_clean s=2: mmd2=1.075e-01 swd2=1.479e+02 clip=0.67 (21s)
[transferL:gold_n64_mid_y0_lam0.3143_s0] dps_ln_clean s=3: mmd2=1.084e-01 swd2=1.476e+02 clip=0.66 (21s)
[transferL:gold_n64_mid_y0_lam0.3143_s0] dps_ln_clean s=4: mmd2=1.099e-01 swd2=6.221e+01 clip=0.65 (21s)
[transferL:gold_n64_mid_y1_lam0.3143_s0] dps_ln_clean s=0: mmd2=1.322e-01 swd2=1.783e+02 clip=0.66 (21s)
[transferL:gold_n64_mid_y1_lam0.3143_s0] dps_ln_clean s=1: mmd2=1.307e-01 swd2=1.231e+02 clip=0.65 (21s)
[transferL:gold_n64_mid_y1_lam0.3143_s0] dps_ln_clean s=2: mmd2=1.313e-01 swd2=1.037e+02 clip=0.66 (21s)
[transferL:gold_n64_mid_y1_lam0.3143_s0] dps_ln_clean s=3: mmd2=1.330e-01 swd2=7.802e+01 clip=0.64 (21s)
[transferL:gold_n64_mid_y1_lam0.3143_s0] dps_ln_clean s=4: mmd2=1.296e-01 swd2=1.353e+02 clip=0.68 (21s)
[transferL:gold_n64_mid_y2_lam0.3143_s0] dps_ln_clean s=0: mmd2=1.134e-01 swd2=2.561e+02 clip=0.69 (21s)
[transferL:gold_n64_mid_y2_lam0.3143_s0] dps_ln_clean s=1: mmd2=1.103e-01 swd2=1.446e+02 clip=0.66 (21s)
[transferL:gold_n64_mid_y2_lam0.3143_s0] dps_ln_clean s=2: mmd2=1.131e-01 swd2=1.814e+02 clip=0.69 (21s)
[transferL:gold_n64_mid_y2_lam0.3143_s0] dps_ln_clean s=3: mmd2=1.094e-01 swd2=1.342e+02 clip=0.66 (21s)
[transferL:gold_n64_mid_y2_lam0.3143_s0] dps_ln_clean s=4: mmd2=1.096e-01 swd2=1.255e+02 clip=0.67 (21s)
[transferL:gold_n64_mid_y3_lam0.3143_s0] dps_ln_clean s=0: mmd2=1.105e-01 swd2=2.954e+02 clip=0.68 (22s)
[transferL:gold_n64_mid_y3_lam0.3143_s0] dps_ln_clean s=1: mmd2=1.111e-01 swd2=3.426e+02 clip=0.68 (21s)
[transferL:gold_n64_mid_y3_lam0.3143_s0] dps_ln_clean s=2: mmd2=1.087e-01 swd2=1.349e+02 clip=0.68 (21s)
[transferL:gold_n64_mid_y3_lam0.3143_s0] dps_ln_clean s=3: mmd2=1.107e-01 swd2=3.271e+02 clip=0.68 (21s)
[transferL:gold_n64_mid_y3_lam0.3143_s0] dps_ln_clean s=4: mmd2=1.086e-01 swd2=2.284e+02 clip=0.66 (22s)
[transferL:gold_n64_strong_y0_lam0.3143_s0] dps_ln_clean s=0: mmd2=6.043e-01 swd2=1.903e+04 clip=0.89 (21s)
[transferL:gold_n64_strong_y0_lam0.3143_s0] dps_ln_clean s=1: mmd2=6.010e-01 swd2=1.794e+04 clip=0.90 (21s)
[transferL:gold_n64_strong_y0_lam0.3143_s0] dps_ln_clean s=2: mmd2=5.946e-01 swd2=1.068e+04 clip=0.90 (21s)
[transferL:gold_n64_strong_y0_lam0.3143_s0] dps_ln_clean s=3: mmd2=5.893e-01 swd2=1.939e+04 clip=0.90 (21s)
[transferL:gold_n64_strong_y0_lam0.3143_s0] dps_ln_clean s=4: mmd2=5.879e-01 swd2=2.100e+04 clip=0.91 (21s)
[transferL:gold_n64_strong_y1_lam0.3143_s0] dps_ln_clean s=0: mmd2=6.118e-01 swd2=1.447e+04 clip=0.89 (21s)
[transferL:gold_n64_strong_y1_lam0.3143_s0] dps_ln_clean s=1: mmd2=6.067e-01 swd2=1.158e+04 clip=0.88 (21s)
[transferL:gold_n64_strong_y1_lam0.3143_s0] dps_ln_clean s=2: mmd2=6.028e-01 swd2=1.618e+04 clip=0.89 (21s)
[transferL:gold_n64_strong_y1_lam0.3143_s0] dps_ln_clean s=3: mmd2=6.103e-01 swd2=1.448e+04 clip=0.88 (21s)
[transferL:gold_n64_strong_y1_lam0.3143_s0] dps_ln_clean s=4: mmd2=6.109e-01 swd2=1.748e+04 clip=0.90 (21s)
[transferL:gold_n64_strong_y2_lam0.3143_s0] dps_ln_clean s=0: mmd2=5.792e-01 swd2=1.519e+04 clip=0.90 (21s)
[transferL:gold_n64_strong_y2_lam0.3143_s0] dps_ln_clean s=1: mmd2=5.889e-01 swd2=2.343e+04 clip=0.90 (21s)
[transferL:gold_n64_strong_y2_lam0.3143_s0] dps_ln_clean s=2: mmd2=5.787e-01 swd2=1.353e+04 clip=0.90 (21s)
[transferL:gold_n64_strong_y2_lam0.3143_s0] dps_ln_clean s=3: mmd2=5.932e-01 swd2=1.891e+04 clip=0.90 (22s)
[transferL:gold_n64_strong_y2_lam0.3143_s0] dps_ln_clean s=4: mmd2=5.902e-01 swd2=1.681e+04 clip=0.90 (21s)
[transferL:gold_n64_strong_y3_lam0.3143_s0] dps_ln_clean s=0: mmd2=5.978e-01 swd2=1.287e+04 clip=0.89 (21s)
[transferL:gold_n64_strong_y3_lam0.3143_s0] dps_ln_clean s=1: mmd2=5.891e-01 swd2=1.313e+04 clip=0.89 (21s)
[transferL:gold_n64_strong_y3_lam0.3143_s0] dps_ln_clean s=2: mmd2=5.949e-01 swd2=1.292e+04 clip=0.89 (21s)
[transferL:gold_n64_strong_y3_lam0.3143_s0] dps_ln_clean s=3: mmd2=5.982e-01 swd2=1.344e+04 clip=0.87 (21s)
[transferL:gold_n64_strong_y3_lam0.3143_s0] dps_ln_clean s=4: mmd2=6.002e-01 swd2=1.521e+04 clip=0.89 (21s)
[transferL:gold_n64_mid_y0_lam0.3143_s0] dps_ln_mis s=0: mmd2=9.414e-02 swd2=5.329e+02 clip=0.72 (23s)
[transferL:gold_n64_mid_y0_lam0.3143_s0] dps_ln_mis s=1: mmd2=9.420e-02 swd2=9.525e+02 clip=0.71 (21s)
[transferL:gold_n64_mid_y0_lam0.3143_s0] dps_ln_mis s=2: mmd2=8.735e-02 swd2=4.555e+02 clip=0.69 (21s)
[transferL:gold_n64_mid_y0_lam0.3143_s0] dps_ln_mis s=3: mmd2=1.049e-01 swd2=7.638e+02 clip=0.74 (21s)
[transferL:gold_n64_mid_y0_lam0.3143_s0] dps_ln_mis s=4: mmd2=9.111e-02 swd2=6.733e+02 clip=0.70 (21s)
[transferL:gold_n64_mid_y1_lam0.3143_s0] dps_ln_mis s=0: mmd2=1.131e-01 swd2=1.341e+03 clip=0.71 (21s)
[transferL:gold_n64_mid_y1_lam0.3143_s0] dps_ln_mis s=1: mmd2=1.117e-01 swd2=7.565e+02 clip=0.70 (21s)
[transferL:gold_n64_mid_y1_lam0.3143_s0] dps_ln_mis s=2: mmd2=1.142e-01 swd2=6.201e+02 clip=0.71 (21s)
[transferL:gold_n64_mid_y1_lam0.3143_s0] dps_ln_mis s=3: mmd2=1.100e-01 swd2=8.886e+02 clip=0.70 (21s)
[transferL:gold_n64_mid_y1_lam0.3143_s0] dps_ln_mis s=4: mmd2=1.101e-01 swd2=7.032e+02 clip=0.70 (21s)
[transferL:gold_n64_mid_y2_lam0.3143_s0] dps_ln_mis s=0: mmd2=9.800e-02 swd2=6.896e+02 clip=0.72 (21s)
[transferL:gold_n64_mid_y2_lam0.3143_s0] dps_ln_mis s=1: mmd2=1.004e-01 swd2=1.157e+03 clip=0.72 (22s)
[transferL:gold_n64_mid_y2_lam0.3143_s0] dps_ln_mis s=2: mmd2=9.132e-02 swd2=7.667e+02 clip=0.68 (22s)
[transferL:gold_n64_mid_y2_lam0.3143_s0] dps_ln_mis s=3: mmd2=9.475e-02 swd2=8.497e+02 clip=0.70 (21s)
[transferL:gold_n64_mid_y2_lam0.3143_s0] dps_ln_mis s=4: mmd2=9.498e-02 swd2=9.474e+02 clip=0.70 (21s)
[transferL:gold_n64_mid_y3_lam0.3143_s0] dps_ln_mis s=0: mmd2=9.182e-02 swd2=8.233e+02 clip=0.71 (21s)
[transferL:gold_n64_mid_y3_lam0.3143_s0] dps_ln_mis s=1: mmd2=1.049e-01 swd2=1.032e+03 clip=0.73 (22s)
[transferL:gold_n64_mid_y3_lam0.3143_s0] dps_ln_mis s=2: mmd2=1.050e-01 swd2=1.230e+03 clip=0.73 (21s)
[transferL:gold_n64_mid_y3_lam0.3143_s0] dps_ln_mis s=3: mmd2=9.988e-02 swd2=7.963e+02 clip=0.72 (22s)
[transferL:gold_n64_mid_y3_lam0.3143_s0] dps_ln_mis s=4: mmd2=9.934e-02 swd2=8.635e+02 clip=0.73 (22s)
[transferL:gold_n64_strong_y0_lam0.3143_s0] dps_ln_mis s=0: mmd2=5.738e-01 swd2=1.131e+05 clip=0.98 (22s)
[transferL:gold_n64_strong_y0_lam0.3143_s0] dps_ln_mis s=1: mmd2=5.779e-01 swd2=9.365e+04 clip=0.99 (21s)
[transferL:gold_n64_strong_y0_lam0.3143_s0] dps_ln_mis s=2: mmd2=5.713e-01 swd2=1.147e+05 clip=0.98 (22s)
[transferL:gold_n64_strong_y0_lam0.3143_s0] dps_ln_mis s=3: mmd2=5.803e-01 swd2=9.742e+04 clip=0.99 (22s)
[transferL:gold_n64_strong_y0_lam0.3143_s0] dps_ln_mis s=4: mmd2=5.831e-01 swd2=8.485e+04 clip=0.99 (22s)
[transferL:gold_n64_strong_y1_lam0.3143_s0] dps_ln_mis s=0: mmd2=5.895e-01 swd2=1.037e+05 clip=0.99 (22s)
[transferL:gold_n64_strong_y1_lam0.3143_s0] dps_ln_mis s=1: mmd2=5.946e-01 swd2=9.728e+04 clip=0.99 (22s)
[transferL:gold_n64_strong_y1_lam0.3143_s0] dps_ln_mis s=2: mmd2=5.810e-01 swd2=8.355e+04 clip=0.98 (22s)
[transferL:gold_n64_strong_y1_lam0.3143_s0] dps_ln_mis s=3: mmd2=5.869e-01 swd2=9.623e+04 clip=0.99 (21s)
[transferL:gold_n64_strong_y1_lam0.3143_s0] dps_ln_mis s=4: mmd2=5.788e-01 swd2=8.150e+04 clip=0.98 (22s)
[transferL:gold_n64_strong_y2_lam0.3143_s0] dps_ln_mis s=0: mmd2=5.789e-01 swd2=8.965e+04 clip=0.99 (21s)
[transferL:gold_n64_strong_y2_lam0.3143_s0] dps_ln_mis s=1: mmd2=5.823e-01 swd2=9.418e+04 clip=0.99 (22s)
[transferL:gold_n64_strong_y2_lam0.3143_s0] dps_ln_mis s=2: mmd2=5.797e-01 swd2=1.305e+05 clip=0.99 (22s)
[transferL:gold_n64_strong_y2_lam0.3143_s0] dps_ln_mis s=3: mmd2=5.855e-01 swd2=1.339e+05 clip=0.99 (21s)
[transferL:gold_n64_strong_y2_lam0.3143_s0] dps_ln_mis s=4: mmd2=5.776e-01 swd2=8.523e+04 clip=0.99 (21s)
[transferL:gold_n64_strong_y3_lam0.3143_s0] dps_ln_mis s=0: mmd2=5.818e-01 swd2=1.095e+05 clip=0.99 (21s)
[transferL:gold_n64_strong_y3_lam0.3143_s0] dps_ln_mis s=1: mmd2=5.728e-01 swd2=9.613e+04 clip=0.98 (22s)
[transferL:gold_n64_strong_y3_lam0.3143_s0] dps_ln_mis s=2: mmd2=5.771e-01 swd2=8.108e+04 clip=0.98 (21s)
[transferL:gold_n64_strong_y3_lam0.3143_s0] dps_ln_mis s=3: mmd2=5.821e-01 swd2=9.474e+04 clip=0.98 (22s)
[transferL:gold_n64_strong_y3_lam0.3143_s0] dps_ln_mis s=4: mmd2=5.758e-01 swd2=9.759e+04 clip=0.98 (21s)
TRANSFERL RERUN DONE 01:36
